0:  _buffer_init jal_buffer_init
0 0 0 0 0 0 0 0 0 0 0 0 0 0 0 0 0 0 0 0 0 0 0 0 0 0 0 0 0 4194304 0 6 2 0 0 
1:  li$a0, 256
0 0 0 0 256 0 0 0 0 0 0 0 0 0 0 0 0 0 0 0 0 0 0 0 0 0 0 0 0 4194304 0 6 2 0 0 
2:  li$v0, 9
0 0 9 0 256 0 0 0 0 0 0 0 0 0 0 0 0 0 0 0 0 0 0 0 0 0 0 0 0 4194304 0 6 2 0 0 
3:  syscall
0 0 24 0 256 0 0 0 0 0 0 0 0 0 0 0 0 0 0 0 0 0 0 0 0 0 0 0 0 4194304 0 6 3 0 0 
4:  _buffer sw$v0, _buffer
0 0 24 0 256 0 0 0 0 0 0 0 0 0 0 0 0 0 0 0 0 0 0 0 0 0 0 0 0 4194304 0 6 7 0 0 
5:  jr$ra
0 0 24 0 256 0 0 0 0 0 0 0 0 0 0 0 0 0 0 0 0 0 0 0 0 0 0 0 0 4194304 0 6 8 0 0 
6:  add$fp, $zero, $sp
0 0 24 0 256 0 0 0 0 0 0 0 0 0 0 0 0 0 0 0 0 0 0 0 0 0 0 0 0 4194304 4194304 6 8 0 0 
7:  li$8, 4
0 0 24 0 256 0 0 0 4 0 0 0 0 0 0 0 0 0 0 0 0 0 0 0 0 0 0 0 0 4194304 4194304 6 8 0 0 
8:  add$9, $8, 1
0 0 24 0 256 0 0 0 4 5 0 0 0 0 0 0 0 0 0 0 0 0 0 0 0 0 0 0 0 4194304 4194304 6 9 0 0 
9:  mul$10, $9, 4
0 0 24 0 256 0 0 0 4 5 20 0 0 0 0 0 0 0 0 0 0 0 0 0 0 0 0 0 0 4194304 4194304 6 11 0 0 
10:  li$v0, 9
0 0 9 0 256 0 0 0 4 5 20 0 0 0 0 0 0 0 0 0 0 0 0 0 0 0 0 0 0 4194304 4194304 6 12 0 0 
11:  move$a0, $10
0 0 9 0 20 0 0 0 4 5 20 0 0 0 0 0 0 0 0 0 0 0 0 0 0 0 0 0 0 4194304 4194304 6 12 0 0 
12:  syscall
0 0 280 0 20 0 0 0 4 5 20 0 0 0 0 0 0 0 0 0 0 0 0 0 0 0 0 0 0 4194304 4194304 6 13 0 0 
13:  sw$v0, -12($fp)
0 0 280 0 20 0 0 0 4 5 20 0 0 0 0 0 0 0 0 0 0 0 0 0 0 0 0 0 0 4194304 4194304 6 16 0 0 
14:  li$8, 4
0 0 280 0 20 0 0 0 4 5 20 0 0 0 0 0 0 0 0 0 0 0 0 0 0 0 0 0 0 4194304 4194304 6 16 0 0 
15:  lw$9, -12($fp)
0 0 280 0 20 0 0 0 4 280 20 0 0 0 0 0 0 0 0 0 0 0 0 0 0 0 0 0 0 4194304 4194304 6 16 0 0 
16:  sw$8, 0($9)
0 0 280 0 20 0 0 0 4 280 20 0 0 0 0 0 0 0 0 0 0 0 0 0 0 0 0 0 0 4194304 4194304 6 18 0 0 
17:  add$10, $9, 4
0 0 280 0 20 0 0 0 4 280 284 0 0 0 0 0 0 0 0 0 0 0 0 0 0 0 0 0 0 4194304 4194304 6 18 0 0 
18:  _static_1 sw$10, _static_1
0 0 280 0 20 0 0 0 4 280 284 0 0 0 0 0 0 0 0 0 0 0 0 0 0 0 0 0 0 4194304 4194304 6 270 0 0 
19:  _func_main jal_func_main
0 0 280 0 20 0 0 0 4 280 284 0 0 0 0 0 0 0 0 0 0 0 0 0 0 0 0 0 0 4194304 4194304 20 271 0 0 
20:  sw$fp, -256($sp)
0 0 280 0 20 0 0 0 4 280 284 0 0 0 0 0 0 0 0 0 0 0 0 0 0 0 0 0 0 4194304 4194304 20 271 0 0 
21:  add$fp, $sp, -4
0 0 280 0 20 0 0 0 4 280 284 0 0 0 0 0 0 0 0 0 0 0 0 0 0 0 0 0 0 4194304 4194300 20 271 0 0 
22:  add$sp, $fp, -260
0 0 280 0 20 0 0 0 4 280 284 0 0 0 0 0 0 0 0 0 0 0 0 0 0 0 0 0 0 4194040 4194300 20 272 0 0 
23:  sw$ra, 0($sp)
0 0 280 0 20 0 0 0 4 280 284 0 0 0 0 0 0 0 0 0 0 0 0 0 0 0 0 0 0 4194040 4194300 20 274 0 0 
24:  _static_1 lw$8, _static_1
0 0 280 0 20 0 0 0 284 280 284 0 0 0 0 0 0 0 0 0 0 0 0 0 0 0 0 0 0 4194040 4194300 20 274 0 0 
25:  sub$9, $8, 4
0 0 280 0 20 0 0 0 284 280 284 0 0 0 0 0 0 0 0 0 0 0 0 0 0 0 0 0 0 4194040 4194300 20 275 0 0 
26:  lw$10, 0($9)
0 0 280 0 20 0 0 0 284 280 4 0 0 0 0 0 0 0 0 0 0 0 0 0 0 0 0 0 0 4194040 4194300 20 276 0 0 
27:  add$11, $10, 1
0 0 280 0 20 0 0 0 284 280 4 5 0 0 0 0 0 0 0 0 0 0 0 0 0 0 0 0 0 4194040 4194300 20 277 0 0 
28:  mul$12, $11, 4
0 0 280 0 20 0 0 0 284 280 4 5 20 0 0 0 0 0 0 0 0 0 0 0 0 0 0 0 0 4194040 4194300 20 279 0 0 
29:  li$v0, 9
0 0 9 0 20 0 0 0 284 280 4 5 20 0 0 0 0 0 0 0 0 0 0 0 0 0 0 0 0 4194040 4194300 20 280 0 0 
30:  move$a0, $12
0 0 9 0 20 0 0 0 284 280 4 5 20 0 0 0 0 0 0 0 0 0 0 0 0 0 0 0 0 4194040 4194300 20 281 0 0 
31:  sw$10, -12($fp)
0 0 9 0 20 0 0 0 284 280 4 5 20 0 0 0 0 0 0 0 0 0 0 0 0 0 0 0 0 4194040 4194300 20 282 0 0 
32:  syscall
0 0 300 0 20 0 0 0 284 280 4 5 20 0 0 0 0 0 0 0 0 0 0 0 0 0 0 0 0 4194040 4194300 20 282 0 0 
33:  sw$v0, -24($fp)
0 0 300 0 20 0 0 0 284 280 4 5 20 0 0 0 0 0 0 0 0 0 0 0 0 0 0 0 0 4194040 4194300 20 285 0 0 
34:  lw$8, -12($fp)
0 0 300 0 20 0 0 0 4 280 4 5 20 0 0 0 0 0 0 0 0 0 0 0 0 0 0 0 0 4194040 4194300 20 285 0 0 
35:  lw$9, -24($fp)
0 0 300 0 20 0 0 0 4 300 4 5 20 0 0 0 0 0 0 0 0 0 0 0 0 0 0 0 0 4194040 4194300 20 285 0 0 
36:  sw$8, 0($9)
0 0 300 0 20 0 0 0 4 300 4 5 20 0 0 0 0 0 0 0 0 0 0 0 0 0 0 0 0 4194040 4194300 20 288 0 0 
37:  add$10, $9, 4
0 0 300 0 20 0 0 0 4 300 304 5 20 0 0 0 0 0 0 0 0 0 0 0 0 0 0 0 0 4194040 4194300 20 288 0 0 
38:  li$11, 0
0 0 300 0 20 0 0 0 4 300 304 0 20 0 0 0 0 0 0 0 0 0 0 0 0 0 0 0 0 4194040 4194300 20 289 0 0 
39:  sw$10, 0($fp)
0 0 300 0 20 0 0 0 4 300 304 0 20 0 0 0 0 0 0 0 0 0 0 0 0 0 0 0 0 4194040 4194300 20 291 0 0 
40:  sw$11, -4($fp)
0 0 300 0 20 0 0 0 4 300 304 0 20 0 0 0 0 0 0 0 0 0 0 0 0 0 0 0 0 4194040 4194300 20 291 0 0 
41:  _static_1 lw$8, _static_1
0 0 300 0 20 0 0 0 284 300 304 0 20 0 0 0 0 0 0 0 0 0 0 0 0 0 0 0 0 4194040 4194300 20 291 0 0 
42:  sub$9, $8, 4
0 0 300 0 20 0 0 0 284 280 304 0 20 0 0 0 0 0 0 0 0 0 0 0 0 0 0 0 0 4194040 4194300 20 292 0 0 
43:  lw$10, 0($9)
0 0 300 0 20 0 0 0 284 280 4 0 20 0 0 0 0 0 0 0 0 0 0 0 0 0 0 0 0 4194040 4194300 20 294 0 0 
catch44:  lw$11, -4($fp)
0 0 300 0 20 0 0 0 284 280 4 0 20 0 0 0 0 0 0 0 0 0 0 0 0 0 0 0 0 4194040 4194300 20 294 0 0 
45:  _end_loop_4 bge$11, $10, _end_loop_4
0 0 300 0 20 0 0 0 284 280 4 0 20 0 0 0 0 0 0 0 0 0 0 0 0 0 0 0 0 4194040 4194300 20 296 0 0 
46:  lw$8, -4($fp)
0 0 300 0 20 0 0 0 0 280 4 0 20 0 0 0 0 0 0 0 0 0 0 0 0 0 0 0 0 4194040 4194300 20 296 0 0 
47:  mul$9, $8, 4
0 0 300 0 20 0 0 0 0 0 4 0 20 0 0 0 0 0 0 0 0 0 0 0 0 0 0 0 0 4194040 4194300 20 298 0 0 
48:  _static_1 lw$10, _static_1
0 0 300 0 20 0 0 0 0 0 284 0 20 0 0 0 0 0 0 0 0 0 0 0 0 0 0 0 0 4194040 4194300 20 298 0 0 
49:  add$11, $10, $9
0 0 300 0 20 0 0 0 0 0 284 284 20 0 0 0 0 0 0 0 0 0 0 0 0 0 0 0 0 4194040 4194300 20 299 0 0 
50:  sw$zero, 0($11)
0 0 300 0 20 0 0 0 0 0 284 284 20 0 0 0 0 0 0 0 0 0 0 0 0 0 0 0 0 4194040 4194300 20 301 0 0 
51:  li$v0, 5
0 0 5 0 20 0 0 0 0 0 284 284 20 0 0 0 0 0 0 0 0 0 0 0 0 0 0 0 0 4194040 4194300 20 301 0 0 
52:  syscall
0 0 1 0 20 0 0 0 0 0 284 284 20 0 0 0 0 0 0 0 0 0 0 0 0 0 0 0 0 4194040 4194300 20 302 0 0 
53:  sw$v0, -60($fp)
0 0 1 0 20 0 0 0 0 0 284 284 20 0 0 0 0 0 0 0 0 0 0 0 0 0 0 0 0 4194040 4194300 20 304 0 0 
54:  lw$8, -4($fp)
0 0 1 0 20 0 0 0 0 0 284 284 20 0 0 0 0 0 0 0 0 0 0 0 0 0 0 0 0 4194040 4194300 20 304 0 0 
55:  mul$9, $8, 4
0 0 1 0 20 0 0 0 0 0 284 284 20 0 0 0 0 0 0 0 0 0 0 0 0 0 0 0 0 4194040 4194300 20 306 0 0 
56:  lw$10, 0($fp)
0 0 1 0 20 0 0 0 0 0 304 284 20 0 0 0 0 0 0 0 0 0 0 0 0 0 0 0 0 4194040 4194300 20 306 0 0 
57:  add$11, $10, $9
0 0 1 0 20 0 0 0 0 0 304 304 20 0 0 0 0 0 0 0 0 0 0 0 0 0 0 0 0 4194040 4194300 20 308 0 0 
58:  lw$12, -60($fp)
0 0 1 0 20 0 0 0 0 0 304 304 1 0 0 0 0 0 0 0 0 0 0 0 0 0 0 0 0 4194040 4194300 20 308 0 0 
59:  sw$12, 0($11)
0 0 1 0 20 0 0 0 0 0 304 304 1 0 0 0 0 0 0 0 0 0 0 0 0 0 0 0 0 4194040 4194300 20 310 0 0 
60:  lw$8, -4($fp)
0 0 1 0 20 0 0 0 0 0 304 304 1 0 0 0 0 0 0 0 0 0 0 0 0 0 0 0 0 4194040 4194300 20 310 0 0 
61:  add$8, $8, 1
0 0 1 0 20 0 0 0 1 0 304 304 1 0 0 0 0 0 0 0 0 0 0 0 0 0 0 0 0 4194040 4194300 20 311 0 0 
62:  move$8, $8
0 0 1 0 20 0 0 0 1 0 304 304 1 0 0 0 0 0 0 0 0 0 0 0 0 0 0 0 0 4194040 4194300 20 312 0 0 
63:  sw$8, -4($fp)
0 0 1 0 20 0 0 0 1 0 304 304 1 0 0 0 0 0 0 0 0 0 0 0 0 0 0 0 0 4194040 4194300 20 290 0 0 
64:  _begin_loop_4 b_begin_loop_4
0 0 1 0 20 0 0 0 1 0 304 304 1 0 0 0 0 0 0 0 0 0 0 0 0 0 0 0 0 4194040 4194300 20 291 0 0 
65:  _static_1 lw$8, _static_1
0 0 1 0 20 0 0 0 284 0 304 304 1 0 0 0 0 0 0 0 0 0 0 0 0 0 0 0 0 4194040 4194300 20 291 0 0 
66:  sub$9, $8, 4
0 0 1 0 20 0 0 0 284 280 304 304 1 0 0 0 0 0 0 0 0 0 0 0 0 0 0 0 0 4194040 4194300 20 292 0 0 
67:  lw$10, 0($9)
0 0 1 0 20 0 0 0 284 280 4 304 1 0 0 0 0 0 0 0 0 0 0 0 0 0 0 0 0 4194040 4194300 20 294 0 0 
68:  lw$11, -4($fp)
0 0 1 0 20 0 0 0 284 280 4 1 1 0 0 0 0 0 0 0 0 0 0 0 0 0 0 0 0 4194040 4194300 20 294 0 0 
69:  _end_loop_4 bge$11, $10, _end_loop_4
0 0 1 0 20 0 0 0 284 280 4 1 1 0 0 0 0 0 0 0 0 0 0 0 0 0 0 0 0 4194040 4194300 20 296 0 0 
70:  li$8, 0
0 0 1 0 20 0 0 0 0 280 4 1 1 0 0 0 0 0 0 0 0 0 0 0 0 0 0 0 0 4194040 4194300 20 296 0 0 
71:  mul$9, $8, 4
0 0 1 0 20 0 0 0 0 0 4 1 1 0 0 0 0 0 0 0 0 0 0 0 0 0 0 0 0 4194040 4194300 20 298 0 0 
72:  _static_1 lw$10, _static_1
0 0 1 0 20 0 0 0 0 0 284 1 1 0 0 0 0 0 0 0 0 0 0 0 0 0 0 0 0 4194040 4194300 20 298 0 0 
73:  add$11, $10, $9
0 0 1 0 20 0 0 0 0 0 284 284 1 0 0 0 0 0 0 0 0 0 0 0 0 0 0 0 0 4194040 4194300 20 299 0 0 
74:  sw$zero, 0($11)
0 0 1 0 20 0 0 0 0 0 284 284 1 0 0 0 0 0 0 0 0 0 0 0 0 0 0 0 0 4194040 4194300 20 301 0 0 
75:  li$v0, 5
0 0 5 0 20 0 0 0 0 0 284 284 1 0 0 0 0 0 0 0 0 0 0 0 0 0 0 0 0 4194040 4194300 20 301 0 0 
76:  syscall
0 0 2 0 20 0 0 0 0 0 284 284 1 0 0 0 0 0 0 0 0 0 0 0 0 0 0 0 0 4194040 4194300 20 302 0 0 
77:  sw$v0, -60($fp)
0 0 2 0 20 0 0 0 0 0 284 284 1 0 0 0 0 0 0 0 0 0 0 0 0 0 0 0 0 4194040 4194300 20 304 0 0 
78:  lw$8, -4($fp)
0 0 2 0 20 0 0 0 1 0 284 284 1 0 0 0 0 0 0 0 0 0 0 0 0 0 0 0 0 4194040 4194300 20 304 0 0 
79:  mul$9, $8, 4
0 0 2 0 20 0 0 0 1 4 284 284 1 0 0 0 0 0 0 0 0 0 0 0 0 0 0 0 0 4194040 4194300 20 306 0 0 
80:  lw$10, 0($fp)
0 0 2 0 20 0 0 0 1 4 304 284 1 0 0 0 0 0 0 0 0 0 0 0 0 0 0 0 0 4194040 4194300 20 306 0 0 
81:  add$11, $10, $9
0 0 2 0 20 0 0 0 1 4 304 308 1 0 0 0 0 0 0 0 0 0 0 0 0 0 0 0 0 4194040 4194300 20 308 0 0 
82:  lw$12, -60($fp)
0 0 2 0 20 0 0 0 1 4 304 308 2 0 0 0 0 0 0 0 0 0 0 0 0 0 0 0 0 4194040 4194300 20 308 0 0 
83:  sw$12, 0($11)
0 0 2 0 20 0 0 0 1 4 304 308 2 0 0 0 0 0 0 0 0 0 0 0 0 0 0 0 0 4194040 4194300 20 310 0 0 
84:  lw$8, -4($fp)
0 0 2 0 20 0 0 0 1 4 304 308 2 0 0 0 0 0 0 0 0 0 0 0 0 0 0 0 0 4194040 4194300 20 310 0 0 
85:  add$8, $8, 1
0 0 2 0 20 0 0 0 2 4 304 308 2 0 0 0 0 0 0 0 0 0 0 0 0 0 0 0 0 4194040 4194300 20 311 0 0 
86:  move$8, $8
0 0 2 0 20 0 0 0 2 4 304 308 2 0 0 0 0 0 0 0 0 0 0 0 0 0 0 0 0 4194040 4194300 20 312 0 0 
87:  sw$8, -4($fp)
0 0 2 0 20 0 0 0 2 4 304 308 2 0 0 0 0 0 0 0 0 0 0 0 0 0 0 0 0 4194040 4194300 20 291 0 0 
88:  _begin_loop_4 b_begin_loop_4
0 0 2 0 20 0 0 0 2 4 304 308 2 0 0 0 0 0 0 0 0 0 0 0 0 0 0 0 0 4194040 4194300 20 291 0 0 
89:  _static_1 lw$8, _static_1
0 0 2 0 20 0 0 0 284 4 304 308 2 0 0 0 0 0 0 0 0 0 0 0 0 0 0 0 0 4194040 4194300 20 291 0 0 
90:  sub$9, $8, 4
0 0 2 0 20 0 0 0 284 280 304 308 2 0 0 0 0 0 0 0 0 0 0 0 0 0 0 0 0 4194040 4194300 20 292 0 0 
91:  lw$10, 0($9)
0 0 2 0 20 0 0 0 284 280 4 308 2 0 0 0 0 0 0 0 0 0 0 0 0 0 0 0 0 4194040 4194300 20 294 0 0 
92:  lw$11, -4($fp)
0 0 2 0 20 0 0 0 284 280 4 2 2 0 0 0 0 0 0 0 0 0 0 0 0 0 0 0 0 4194040 4194300 20 294 0 0 
93:  _end_loop_4 bge$11, $10, _end_loop_4
0 0 2 0 20 0 0 0 284 280 4 2 2 0 0 0 0 0 0 0 0 0 0 0 0 0 0 0 0 4194040 4194300 20 296 0 0 
94:  li$8, 0
0 0 2 0 20 0 0 0 0 280 4 2 2 0 0 0 0 0 0 0 0 0 0 0 0 0 0 0 0 4194040 4194300 20 296 0 0 
95:  mul$9, $8, 4
0 0 2 0 20 0 0 0 0 0 4 2 2 0 0 0 0 0 0 0 0 0 0 0 0 0 0 0 0 4194040 4194300 20 298 0 0 
96:  _static_1 lw$10, _static_1
0 0 2 0 20 0 0 0 0 0 284 2 2 0 0 0 0 0 0 0 0 0 0 0 0 0 0 0 0 4194040 4194300 20 298 0 0 
97:  add$11, $10, $9
0 0 2 0 20 0 0 0 0 0 284 284 2 0 0 0 0 0 0 0 0 0 0 0 0 0 0 0 0 4194040 4194300 20 299 0 0 
98:  sw$zero, 0($11)
0 0 2 0 20 0 0 0 0 0 284 284 2 0 0 0 0 0 0 0 0 0 0 0 0 0 0 0 0 4194040 4194300 20 301 0 0 
99:  li$v0, 5
0 0 5 0 20 0 0 0 0 0 284 284 2 0 0 0 0 0 0 0 0 0 0 0 0 0 0 0 0 4194040 4194300 20 301 0 0 
100:  syscall
0 0 3 0 20 0 0 0 0 0 284 284 2 0 0 0 0 0 0 0 0 0 0 0 0 0 0 0 0 4194040 4194300 20 302 0 0 
101:  sw$v0, -60($fp)
0 0 3 0 20 0 0 0 0 0 284 284 2 0 0 0 0 0 0 0 0 0 0 0 0 0 0 0 0 4194040 4194300 20 304 0 0 
102:  lw$8, -4($fp)
0 0 3 0 20 0 0 0 2 0 284 284 2 0 0 0 0 0 0 0 0 0 0 0 0 0 0 0 0 4194040 4194300 20 304 0 0 
103:  mul$9, $8, 4
0 0 3 0 20 0 0 0 2 8 284 284 2 0 0 0 0 0 0 0 0 0 0 0 0 0 0 0 0 4194040 4194300 20 306 0 0 
104:  lw$10, 0($fp)
0 0 3 0 20 0 0 0 2 8 304 284 2 0 0 0 0 0 0 0 0 0 0 0 0 0 0 0 0 4194040 4194300 20 306 0 0 
105:  add$11, $10, $9
0 0 3 0 20 0 0 0 2 8 304 312 2 0 0 0 0 0 0 0 0 0 0 0 0 0 0 0 0 4194040 4194300 20 308 0 0 
106:  lw$12, -60($fp)
0 0 3 0 20 0 0 0 2 8 304 312 3 0 0 0 0 0 0 0 0 0 0 0 0 0 0 0 0 4194040 4194300 20 308 0 0 
107:  sw$12, 0($11)
0 0 3 0 20 0 0 0 2 8 304 312 3 0 0 0 0 0 0 0 0 0 0 0 0 0 0 0 0 4194040 4194300 20 310 0 0 
108:  lw$8, -4($fp)
0 0 3 0 20 0 0 0 2 8 304 312 3 0 0 0 0 0 0 0 0 0 0 0 0 0 0 0 0 4194040 4194300 20 310 0 0 
109:  add$8, $8, 1
0 0 3 0 20 0 0 0 3 8 304 312 3 0 0 0 0 0 0 0 0 0 0 0 0 0 0 0 0 4194040 4194300 20 311 0 0 
110:  move$8, $8
0 0 3 0 20 0 0 0 3 8 304 312 3 0 0 0 0 0 0 0 0 0 0 0 0 0 0 0 0 4194040 4194300 20 312 0 0 
111:  sw$8, -4($fp)
0 0 3 0 20 0 0 0 3 8 304 312 3 0 0 0 0 0 0 0 0 0 0 0 0 0 0 0 0 4194040 4194300 20 291 0 0 
112:  _begin_loop_4 b_begin_loop_4
0 0 3 0 20 0 0 0 3 8 304 312 3 0 0 0 0 0 0 0 0 0 0 0 0 0 0 0 0 4194040 4194300 20 291 0 0 
113:  _static_1 lw$8, _static_1
0 0 3 0 20 0 0 0 284 8 304 312 3 0 0 0 0 0 0 0 0 0 0 0 0 0 0 0 0 4194040 4194300 20 291 0 0 
114:  sub$9, $8, 4
0 0 3 0 20 0 0 0 284 280 304 312 3 0 0 0 0 0 0 0 0 0 0 0 0 0 0 0 0 4194040 4194300 20 292 0 0 
115:  lw$10, 0($9)
0 0 3 0 20 0 0 0 284 280 4 312 3 0 0 0 0 0 0 0 0 0 0 0 0 0 0 0 0 4194040 4194300 20 294 0 0 
116:  lw$11, -4($fp)
0 0 3 0 20 0 0 0 284 280 4 3 3 0 0 0 0 0 0 0 0 0 0 0 0 0 0 0 0 4194040 4194300 20 294 0 0 
117:  _end_loop_4 bge$11, $10, _end_loop_4
0 0 3 0 20 0 0 0 284 280 4 3 3 0 0 0 0 0 0 0 0 0 0 0 0 0 0 0 0 4194040 4194300 20 296 0 0 
118:  li$8, 0
0 0 3 0 20 0 0 0 0 280 4 3 3 0 0 0 0 0 0 0 0 0 0 0 0 0 0 0 0 4194040 4194300 20 296 0 0 
119:  mul$9, $8, 4
0 0 3 0 20 0 0 0 0 0 4 3 3 0 0 0 0 0 0 0 0 0 0 0 0 0 0 0 0 4194040 4194300 20 298 0 0 
120:  _static_1 lw$10, _static_1
0 0 3 0 20 0 0 0 0 0 284 3 3 0 0 0 0 0 0 0 0 0 0 0 0 0 0 0 0 4194040 4194300 20 298 0 0 
121:  add$11, $10, $9
0 0 3 0 20 0 0 0 0 0 284 284 3 0 0 0 0 0 0 0 0 0 0 0 0 0 0 0 0 4194040 4194300 20 299 0 0 
122:  sw$zero, 0($11)
0 0 3 0 20 0 0 0 0 0 284 284 3 0 0 0 0 0 0 0 0 0 0 0 0 0 0 0 0 4194040 4194300 20 301 0 0 
123:  li$v0, 5
0 0 5 0 20 0 0 0 0 0 284 284 3 0 0 0 0 0 0 0 0 0 0 0 0 0 0 0 0 4194040 4194300 20 301 0 0 
124:  syscall
0 0 4 0 20 0 0 0 0 0 284 284 3 0 0 0 0 0 0 0 0 0 0 0 0 0 0 0 0 4194040 4194300 20 302 0 0 
125:  sw$v0, -60($fp)
0 0 4 0 20 0 0 0 0 0 284 284 3 0 0 0 0 0 0 0 0 0 0 0 0 0 0 0 0 4194040 4194300 20 304 0 0 
126:  lw$8, -4($fp)
0 0 4 0 20 0 0 0 3 0 284 284 3 0 0 0 0 0 0 0 0 0 0 0 0 0 0 0 0 4194040 4194300 20 304 0 0 
127:  mul$9, $8, 4
0 0 4 0 20 0 0 0 3 12 284 284 3 0 0 0 0 0 0 0 0 0 0 0 0 0 0 0 0 4194040 4194300 20 306 0 0 
128:  lw$10, 0($fp)
0 0 4 0 20 0 0 0 3 12 304 284 3 0 0 0 0 0 0 0 0 0 0 0 0 0 0 0 0 4194040 4194300 20 306 0 0 
129:  add$11, $10, $9
0 0 4 0 20 0 0 0 3 12 304 316 3 0 0 0 0 0 0 0 0 0 0 0 0 0 0 0 0 4194040 4194300 20 308 0 0 
130:  lw$12, -60($fp)
0 0 4 0 20 0 0 0 3 12 304 316 4 0 0 0 0 0 0 0 0 0 0 0 0 0 0 0 0 4194040 4194300 20 308 0 0 
131:  sw$12, 0($11)
0 0 4 0 20 0 0 0 3 12 304 316 4 0 0 0 0 0 0 0 0 0 0 0 0 0 0 0 0 4194040 4194300 20 310 0 0 
132:  lw$8, -4($fp)
0 0 4 0 20 0 0 0 3 12 304 316 4 0 0 0 0 0 0 0 0 0 0 0 0 0 0 0 0 4194040 4194300 20 310 0 0 
133:  add$8, $8, 1
0 0 4 0 20 0 0 0 4 12 304 316 4 0 0 0 0 0 0 0 0 0 0 0 0 0 0 0 0 4194040 4194300 20 311 0 0 
134:  move$8, $8
0 0 4 0 20 0 0 0 4 12 304 316 4 0 0 0 0 0 0 0 0 0 0 0 0 0 0 0 0 4194040 4194300 20 312 0 0 
135:  sw$8, -4($fp)
0 0 4 0 20 0 0 0 4 12 304 316 4 0 0 0 0 0 0 0 0 0 0 0 0 0 0 0 0 4194040 4194300 20 291 0 0 
136:  _begin_loop_4 b_begin_loop_4
0 0 4 0 20 0 0 0 4 12 304 316 4 0 0 0 0 0 0 0 0 0 0 0 0 0 0 0 0 4194040 4194300 20 291 0 0 
137:  _static_1 lw$8, _static_1
0 0 4 0 20 0 0 0 284 12 304 316 4 0 0 0 0 0 0 0 0 0 0 0 0 0 0 0 0 4194040 4194300 20 291 0 0 
138:  sub$9, $8, 4
0 0 4 0 20 0 0 0 284 280 304 316 4 0 0 0 0 0 0 0 0 0 0 0 0 0 0 0 0 4194040 4194300 20 292 0 0 
139:  lw$10, 0($9)
0 0 4 0 20 0 0 0 284 280 4 316 4 0 0 0 0 0 0 0 0 0 0 0 0 0 0 0 0 4194040 4194300 20 294 0 0 
140:  lw$11, -4($fp)
0 0 4 0 20 0 0 0 284 280 4 4 4 0 0 0 0 0 0 0 0 0 0 0 0 0 0 0 0 4194040 4194300 20 294 0 0 
141:  _end_loop_4 bge$11, $10, _end_loop_4
0 0 4 0 20 0 0 0 284 280 4 4 4 0 0 0 0 0 0 0 0 0 0 0 0 0 0 0 0 4194040 4194300 20 315 0 0 
142:  li$8, 0
0 0 4 0 20 0 0 0 0 280 4 4 4 0 0 0 0 0 0 0 0 0 0 0 0 0 0 0 0 4194040 4194300 20 315 0 0 
143:  sw$8, -4($fp)
0 0 4 0 20 0 0 0 0 280 4 4 4 0 0 0 0 0 0 0 0 0 0 0 0 0 0 0 0 4194040 4194300 20 317 0 0 
144:  _static_1 lw$8, _static_1
0 0 4 0 20 0 0 0 284 280 4 4 4 0 0 0 0 0 0 0 0 0 0 0 0 0 0 0 0 4194040 4194300 20 317 0 0 
145:  sub$9, $8, 4
0 0 4 0 20 0 0 0 284 280 4 4 4 0 0 0 0 0 0 0 0 0 0 0 0 0 0 0 0 4194040 4194300 20 318 0 0 
146:  lw$10, 0($9)
0 0 4 0 20 0 0 0 284 280 4 4 4 0 0 0 0 0 0 0 0 0 0 0 0 0 0 0 0 4194040 4194300 20 320 0 0 
147:  lw$11, -4($fp)
0 0 4 0 20 0 0 0 284 280 4 0 4 0 0 0 0 0 0 0 0 0 0 0 0 0 0 0 0 4194040 4194300 20 320 0 0 
148:  _end_loop_5 bge$11, $10, _end_loop_5
0 0 4 0 20 0 0 0 284 280 4 0 4 0 0 0 0 0 0 0 0 0 0 0 0 0 0 0 0 4194040 4194300 20 322 0 0 
149:  lw$8, -4($fp)
0 0 4 0 20 0 0 0 0 280 4 0 4 0 0 0 0 0 0 0 0 0 0 0 0 0 0 0 0 4194040 4194300 20 322 0 0 
150:  mul$9, $8, 4
0 0 4 0 20 0 0 0 0 0 4 0 4 0 0 0 0 0 0 0 0 0 0 0 0 0 0 0 0 4194040 4194300 20 324 0 0 
151:  _static_1 lw$10, _static_1
0 0 4 0 20 0 0 0 0 0 284 0 4 0 0 0 0 0 0 0 0 0 0 0 0 0 0 0 0 4194040 4194300 20 324 0 0 
152:  add$11, $10, $9
0 0 4 0 20 0 0 0 0 0 284 284 4 0 0 0 0 0 0 0 0 0 0 0 0 0 0 0 0 4194040 4194300 20 325 0 0 
153:  lw$12, 0($11)
0 0 4 0 20 0 0 0 0 0 284 284 0 0 0 0 0 0 0 0 0 0 0 0 0 0 0 0 0 4194040 4194300 20 326 0 0 
154:  sw$12, -4($sp)
0 0 4 0 20 0 0 0 0 0 284 284 0 0 0 0 0 0 0 0 0 0 0 0 0 0 0 0 0 4194040 4194300 20 483 0 0 
155:  _func_____built_in_toString jal_func_____built_in_toString
0 0 4 0 20 0 0 0 0 0 284 284 0 0 0 0 0 0 0 0 0 0 0 0 0 0 0 0 0 4194040 4194300 328 484 0 0 
156:  lw$a0, -4($sp)
0 0 4 0 0 0 0 0 0 0 284 284 0 0 0 0 0 0 0 0 0 0 0 0 0 0 0 0 0 4194040 4194300 328 484 0 0 
157:  li$t0, 0
0 0 4 0 0 0 0 0 0 0 284 284 0 0 0 0 0 0 0 0 0 0 0 0 0 0 0 0 0 4194040 4194300 328 485 0 0 
158:  _skip_set_less_than_zero bgez$a0, _skip_set_less_than_zero
0 0 4 0 0 0 0 0 0 0 284 284 0 0 0 0 0 0 0 0 0 0 0 0 0 0 0 0 0 4194040 4194300 328 488 0 0 
159:  _set_zero beqz$a0, _set_zero
0 0 4 0 0 0 0 0 0 0 284 284 0 0 0 0 0 0 0 0 0 0 0 0 0 0 0 0 0 4194040 4194300 328 523 0 0 
160:  li$a0, 6
0 0 4 0 6 0 0 0 0 0 284 284 0 0 0 0 0 0 0 0 0 0 0 0 0 0 0 0 0 4194040 4194300 328 524 0 0 
161:  li$v0, 9
0 0 9 0 6 0 0 0 0 0 284 284 0 0 0 0 0 0 0 0 0 0 0 0 0 0 0 0 0 4194040 4194300 328 524 0 0 
162:  syscall
0 0 320 0 6 0 0 0 0 0 284 284 0 0 0 0 0 0 0 0 0 0 0 0 0 0 0 0 0 4194040 4194300 328 526 0 0 
163:  li$a0, 1
0 0 320 0 1 0 0 0 0 0 284 284 0 0 0 0 0 0 0 0 0 0 0 0 0 0 0 0 0 4194040 4194300 328 526 0 0 
164:  sw$a0, 0($v0)
0 0 320 0 1 0 0 0 0 0 284 284 0 0 0 0 0 0 0 0 0 0 0 0 0 0 0 0 0 4194040 4194300 328 529 0 0 
165:  add$v0, $v0, 4
0 0 324 0 1 0 0 0 0 0 284 284 0 0 0 0 0 0 0 0 0 0 0 0 0 0 0 0 0 4194040 4194300 328 529 0 0 
166:  li$a0, 48
0 0 324 0 48 0 0 0 0 0 284 284 0 0 0 0 0 0 0 0 0 0 0 0 0 0 0 0 0 4194040 4194300 328 529 0 0 
167:  sb$a0, 0($v0)
0 0 324 0 48 0 0 0 0 0 284 284 0 0 0 0 0 0 0 0 0 0 0 0 0 0 0 0 0 4194040 4194300 328 329 0 0 
168:  jr$ra
0 0 324 0 48 0 0 0 0 0 284 284 0 0 0 0 0 0 0 0 0 0 0 0 0 0 0 0 0 4194040 4194300 328 330 0 0 
169:  sw$v0, -92($fp)
0 0 324 0 48 0 0 0 0 0 284 284 0 0 0 0 0 0 0 0 0 0 0 0 0 0 0 0 0 4194040 4194300 328 331 0 0 
170:  lw$8, -92($fp)
0 0 324 0 48 0 0 0 324 0 284 284 0 0 0 0 0 0 0 0 0 0 0 0 0 0 0 0 0 4194040 4194300 328 331 0 0 
171:  li$v0, 4
0 0 4 0 48 0 0 0 324 0 284 284 0 0 0 0 0 0 0 0 0 0 0 0 0 0 0 0 0 4194040 4194300 328 332 0 0 
172:  move$a0, $8
0 0 4 0 324 0 0 0 324 0 284 284 0 0 0 0 0 0 0 0 0 0 0 0 0 0 0 0 0 4194040 4194300 328 332 0 0 
0173:  syscall
0 0 4 0 324 0 0 0 324 0 284 284 0 0 0 0 0 0 0 0 0 0 0 0 0 0 0 0 0 4194040 4194300 328 334 0 0 
174:  lw$8, -4($fp)
0 0 4 0 324 0 0 0 0 0 284 284 0 0 0 0 0 0 0 0 0 0 0 0 0 0 0 0 0 4194040 4194300 328 334 0 0 
175:  add$8, $8, 1
0 0 4 0 324 0 0 0 1 0 284 284 0 0 0 0 0 0 0 0 0 0 0 0 0 0 0 0 0 4194040 4194300 328 335 0 0 
176:  move$8, $8
0 0 4 0 324 0 0 0 1 0 284 284 0 0 0 0 0 0 0 0 0 0 0 0 0 0 0 0 0 4194040 4194300 328 336 0 0 
177:  sw$8, -4($fp)
0 0 4 0 324 0 0 0 1 0 284 284 0 0 0 0 0 0 0 0 0 0 0 0 0 0 0 0 0 4194040 4194300 328 316 0 0 
178:  _begin_loop_5 b_begin_loop_5
0 0 4 0 324 0 0 0 1 0 284 284 0 0 0 0 0 0 0 0 0 0 0 0 0 0 0 0 0 4194040 4194300 328 317 0 0 
179:  _static_1 lw$8, _static_1
0 0 4 0 324 0 0 0 284 0 284 284 0 0 0 0 0 0 0 0 0 0 0 0 0 0 0 0 0 4194040 4194300 328 317 0 0 
180:  sub$9, $8, 4
0 0 4 0 324 0 0 0 284 280 284 284 0 0 0 0 0 0 0 0 0 0 0 0 0 0 0 0 0 4194040 4194300 328 318 0 0 
181:  lw$10, 0($9)
0 0 4 0 324 0 0 0 284 280 4 284 0 0 0 0 0 0 0 0 0 0 0 0 0 0 0 0 0 4194040 4194300 328 320 0 0 
182:  lw$11, -4($fp)
0 0 4 0 324 0 0 0 284 280 4 1 0 0 0 0 0 0 0 0 0 0 0 0 0 0 0 0 0 4194040 4194300 328 320 0 0 
183:  _end_loop_5 bge$11, $10, _end_loop_5
0 0 4 0 324 0 0 0 284 280 4 1 0 0 0 0 0 0 0 0 0 0 0 0 0 0 0 0 0 4194040 4194300 328 322 0 0 
184:  _static_2 la$8, _static_2
0 0 4 0 324 0 0 0 12 280 4 1 0 0 0 0 0 0 0 0 0 0 0 0 0 0 0 0 0 4194040 4194300 328 322 0 0 
185:  mul$9, $8, 4
0 0 4 0 324 0 0 0 12 48 4 1 0 0 0 0 0 0 0 0 0 0 0 0 0 0 0 0 0 4194040 4194300 328 324 0 0 
186:  _static_1 lw$10, _static_1
0 0 4 0 324 0 0 0 12 48 284 1 0 0 0 0 0 0 0 0 0 0 0 0 0 0 0 0 0 4194040 4194300 328 324 0 0 
187:  add$11, $10, $9
0 0 4 0 324 0 0 0 12 48 284 332 0 0 0 0 0 0 0 0 0 0 0 0 0 0 0 0 0 4194040 4194300 328 325 0 0 
188:  lw$12, 0($11)
0 0 4 0 324 0 0 0 12 48 284 332 0 0 0 0 0 0 0 0 0 0 0 0 0 0 0 0 0 4194040 4194300 328 326 0 0 
189:  sw$12, -4($sp)
0 0 4 0 324 0 0 0 12 48 284 332 0 0 0 0 0 0 0 0 0 0 0 0 0 0 0 0 0 4194040 4194300 328 483 0 0 
190:  _func_____built_in_toString jal_func_____built_in_toString
0 0 4 0 324 0 0 0 12 48 284 332 0 0 0 0 0 0 0 0 0 0 0 0 0 0 0 0 0 4194040 4194300 328 484 0 0 
191:  lw$a0, -4($sp)
0 0 4 0 0 0 0 0 12 48 284 332 0 0 0 0 0 0 0 0 0 0 0 0 0 0 0 0 0 4194040 4194300 328 484 0 0 
192:  li$t0, 0
0 0 4 0 0 0 0 0 0 48 284 332 0 0 0 0 0 0 0 0 0 0 0 0 0 0 0 0 0 4194040 4194300 328 487 0 0 
193:  _skip_set_less_than_zero bgez$a0, _skip_set_less_than_zero
0 0 4 0 0 0 0 0 0 48 284 332 0 0 0 0 0 0 0 0 0 0 0 0 0 0 0 0 0 4194040 4194300 328 523 0 0 
194:  _set_zero beqz$a0, _set_zero
0 0 4 0 0 0 0 0 0 48 284 332 0 0 0 0 0 0 0 0 0 0 0 0 0 0 0 0 0 4194040 4194300 328 524 0 0 
195:  li$a0, 6
0 0 4 0 6 0 0 0 0 48 284 332 0 0 0 0 0 0 0 0 0 0 0 0 0 0 0 0 0 4194040 4194300 328 524 0 0 
196:  li$v0, 9
0 0 9 0 6 0 0 0 0 48 284 332 0 0 0 0 0 0 0 0 0 0 0 0 0 0 0 0 0 4194040 4194300 328 524 0 0 
197:  syscall
0 0 326 0 6 0 0 0 0 48 284 332 0 0 0 0 0 0 0 0 0 0 0 0 0 0 0 0 0 4194040 4194300 328 526 0 0 
198:  li$a0, 1
0 0 326 0 1 0 0 0 0 48 284 332 0 0 0 0 0 0 0 0 0 0 0 0 0 0 0 0 0 4194040 4194300 328 526 0 0 
199:  sw$a0, 0($v0)
0 0 326 0 1 0 0 0 0 48 284 332 0 0 0 0 0 0 0 0 0 0 0 0 0 0 0 0 0 4194040 4194300 328 529 0 0 
200:  add$v0, $v0, 4
0 0 330 0 1 0 0 0 0 48 284 332 0 0 0 0 0 0 0 0 0 0 0 0 0 0 0 0 0 4194040 4194300 328 529 0 0 
201:  li$a0, 48
0 0 330 0 48 0 0 0 0 48 284 332 0 0 0 0 0 0 0 0 0 0 0 0 0 0 0 0 0 4194040 4194300 328 529 0 0 
202:  sb$a0, 0($v0)
0 0 330 0 48 0 0 0 0 48 284 332 0 0 0 0 0 0 0 0 0 0 0 0 0 0 0 0 0 4194040 4194300 328 329 0 0 
203:  jr$ra
0 0 330 0 48 0 0 0 0 48 284 332 0 0 0 0 0 0 0 0 0 0 0 0 0 0 0 0 0 4194040 4194300 328 330 0 0 
204:  sw$v0, -92($fp)
0 0 330 0 48 0 0 0 0 48 284 332 0 0 0 0 0 0 0 0 0 0 0 0 0 0 0 0 0 4194040 4194300 328 331 0 0 
205:  lw$8, -92($fp)
0 0 330 0 48 0 0 0 330 48 284 332 0 0 0 0 0 0 0 0 0 0 0 0 0 0 0 0 0 4194040 4194300 328 331 0 0 
206:  li$v0, 4
0 0 4 0 48 0 0 0 330 48 284 332 0 0 0 0 0 0 0 0 0 0 0 0 0 0 0 0 0 4194040 4194300 328 332 0 0 
207:  move$a0, $8
0 0 4 0 330 0 0 0 330 48 284 332 0 0 0 0 0 0 0 0 0 0 0 0 0 0 0 0 0 4194040 4194300 328 332 0 0 
0208:  syscall
0 0 4 0 330 0 0 0 330 48 284 332 0 0 0 0 0 0 0 0 0 0 0 0 0 0 0 0 0 4194040 4194300 328 334 0 0 
209:  lw$8, -4($fp)
0 0 4 0 330 0 0 0 1 48 284 332 0 0 0 0 0 0 0 0 0 0 0 0 0 0 0 0 0 4194040 4194300 328 334 0 0 
210:  add$8, $8, 1
0 0 4 0 330 0 0 0 2 48 284 332 0 0 0 0 0 0 0 0 0 0 0 0 0 0 0 0 0 4194040 4194300 328 335 0 0 
211:  move$8, $8
0 0 4 0 330 0 0 0 2 48 284 332 0 0 0 0 0 0 0 0 0 0 0 0 0 0 0 0 0 4194040 4194300 328 336 0 0 
212:  sw$8, -4($fp)
0 0 4 0 330 0 0 0 2 48 284 332 0 0 0 0 0 0 0 0 0 0 0 0 0 0 0 0 0 4194040 4194300 328 317 0 0 
213:  _begin_loop_5 b_begin_loop_5
0 0 4 0 330 0 0 0 2 48 284 332 0 0 0 0 0 0 0 0 0 0 0 0 0 0 0 0 0 4194040 4194300 328 317 0 0 
214:  _static_1 lw$8, _static_1
0 0 4 0 330 0 0 0 284 48 284 332 0 0 0 0 0 0 0 0 0 0 0 0 0 0 0 0 0 4194040 4194300 328 317 0 0 
215:  sub$9, $8, 4
0 0 4 0 330 0 0 0 284 280 284 332 0 0 0 0 0 0 0 0 0 0 0 0 0 0 0 0 0 4194040 4194300 328 318 0 0 
216:  lw$10, 0($9)
0 0 4 0 330 0 0 0 284 280 4 332 0 0 0 0 0 0 0 0 0 0 0 0 0 0 0 0 0 4194040 4194300 328 320 0 0 
217:  lw$11, -4($fp)
0 0 4 0 330 0 0 0 284 280 4 2 0 0 0 0 0 0 0 0 0 0 0 0 0 0 0 0 0 4194040 4194300 328 320 0 0 
218:  _end_loop_5 bge$11, $10, _end_loop_5
0 0 4 0 330 0 0 0 284 280 4 2 0 0 0 0 0 0 0 0 0 0 0 0 0 0 0 0 0 4194040 4194300 328 322 0 0 
219:  _static_2 la$8, _static_2
0 0 4 0 330 0 0 0 12 280 4 2 0 0 0 0 0 0 0 0 0 0 0 0 0 0 0 0 0 4194040 4194300 328 322 0 0 
220:  mul$9, $8, 4
0 0 4 0 330 0 0 0 12 48 4 2 0 0 0 0 0 0 0 0 0 0 0 0 0 0 0 0 0 4194040 4194300 328 324 0 0 
221:  _static_1 lw$10, _static_1
0 0 4 0 330 0 0 0 12 48 284 2 0 0 0 0 0 0 0 0 0 0 0 0 0 0 0 0 0 4194040 4194300 328 324 0 0 
222:  add$11, $10, $9
0 0 4 0 330 0 0 0 12 48 284 332 0 0 0 0 0 0 0 0 0 0 0 0 0 0 0 0 0 4194040 4194300 328 325 0 0 
223:  lw$12, 0($11)
0 0 4 0 330 0 0 0 12 48 284 332 0 0 0 0 0 0 0 0 0 0 0 0 0 0 0 0 0 4194040 4194300 328 326 0 0 
224:  sw$12, -4($sp)
0 0 4 0 330 0 0 0 12 48 284 332 0 0 0 0 0 0 0 0 0 0 0 0 0 0 0 0 0 4194040 4194300 328 483 0 0 
225:  _func_____built_in_toString jal_func_____built_in_toString
0 0 4 0 330 0 0 0 12 48 284 332 0 0 0 0 0 0 0 0 0 0 0 0 0 0 0 0 0 4194040 4194300 328 484 0 0 
226:  lw$a0, -4($sp)
0 0 4 0 0 0 0 0 12 48 284 332 0 0 0 0 0 0 0 0 0 0 0 0 0 0 0 0 0 4194040 4194300 328 484 0 0 
227:  li$t0, 0
0 0 4 0 0 0 0 0 0 48 284 332 0 0 0 0 0 0 0 0 0 0 0 0 0 0 0 0 0 4194040 4194300 328 487 0 0 
228:  _skip_set_less_than_zero bgez$a0, _skip_set_less_than_zero
0 0 4 0 0 0 0 0 0 48 284 332 0 0 0 0 0 0 0 0 0 0 0 0 0 0 0 0 0 4194040 4194300 328 523 0 0 
229:  _set_zero beqz$a0, _set_zero
0 0 4 0 0 0 0 0 0 48 284 332 0 0 0 0 0 0 0 0 0 0 0 0 0 0 0 0 0 4194040 4194300 328 524 0 0 
230:  li$a0, 6
0 0 4 0 6 0 0 0 0 48 284 332 0 0 0 0 0 0 0 0 0 0 0 0 0 0 0 0 0 4194040 4194300 328 524 0 0 
231:  li$v0, 9
0 0 9 0 6 0 0 0 0 48 284 332 0 0 0 0 0 0 0 0 0 0 0 0 0 0 0 0 0 4194040 4194300 328 524 0 0 
232:  syscall
0 0 332 0 6 0 0 0 0 48 284 332 0 0 0 0 0 0 0 0 0 0 0 0 0 0 0 0 0 4194040 4194300 328 526 0 0 
233:  li$a0, 1
0 0 332 0 1 0 0 0 0 48 284 332 0 0 0 0 0 0 0 0 0 0 0 0 0 0 0 0 0 4194040 4194300 328 526 0 0 
234:  sw$a0, 0($v0)
0 0 332 0 1 0 0 0 0 48 284 332 0 0 0 0 0 0 0 0 0 0 0 0 0 0 0 0 0 4194040 4194300 328 529 0 0 
235:  add$v0, $v0, 4
0 0 336 0 1 0 0 0 0 48 284 332 0 0 0 0 0 0 0 0 0 0 0 0 0 0 0 0 0 4194040 4194300 328 529 0 0 
236:  li$a0, 48
0 0 336 0 48 0 0 0 0 48 284 332 0 0 0 0 0 0 0 0 0 0 0 0 0 0 0 0 0 4194040 4194300 328 529 0 0 
237:  sb$a0, 0($v0)
0 0 336 0 48 0 0 0 0 48 284 332 0 0 0 0 0 0 0 0 0 0 0 0 0 0 0 0 0 4194040 4194300 328 329 0 0 
238:  jr$ra
0 0 336 0 48 0 0 0 0 48 284 332 0 0 0 0 0 0 0 0 0 0 0 0 0 0 0 0 0 4194040 4194300 328 330 0 0 
239:  sw$v0, -92($fp)
0 0 336 0 48 0 0 0 0 48 284 332 0 0 0 0 0 0 0 0 0 0 0 0 0 0 0 0 0 4194040 4194300 328 331 0 0 
240:  lw$8, -92($fp)
0 0 336 0 48 0 0 0 336 48 284 332 0 0 0 0 0 0 0 0 0 0 0 0 0 0 0 0 0 4194040 4194300 328 331 0 0 
241:  li$v0, 4
0 0 4 0 48 0 0 0 336 48 284 332 0 0 0 0 0 0 0 0 0 0 0 0 0 0 0 0 0 4194040 4194300 328 332 0 0 
242:  move$a0, $8
0 0 4 0 336 0 0 0 336 48 284 332 0 0 0 0 0 0 0 0 0 0 0 0 0 0 0 0 0 4194040 4194300 328 332 0 0 
0243:  syscall
0 0 4 0 336 0 0 0 336 48 284 332 0 0 0 0 0 0 0 0 0 0 0 0 0 0 0 0 0 4194040 4194300 328 334 0 0 
244:  lw$8, -4($fp)
0 0 4 0 336 0 0 0 2 48 284 332 0 0 0 0 0 0 0 0 0 0 0 0 0 0 0 0 0 4194040 4194300 328 334 0 0 
245:  add$8, $8, 1
0 0 4 0 336 0 0 0 3 48 284 332 0 0 0 0 0 0 0 0 0 0 0 0 0 0 0 0 0 4194040 4194300 328 335 0 0 
246:  move$8, $8
0 0 4 0 336 0 0 0 3 48 284 332 0 0 0 0 0 0 0 0 0 0 0 0 0 0 0 0 0 4194040 4194300 328 336 0 0 
247:  sw$8, -4($fp)
0 0 4 0 336 0 0 0 3 48 284 332 0 0 0 0 0 0 0 0 0 0 0 0 0 0 0 0 0 4194040 4194300 328 317 0 0 
248:  _begin_loop_5 b_begin_loop_5
0 0 4 0 336 0 0 0 3 48 284 332 0 0 0 0 0 0 0 0 0 0 0 0 0 0 0 0 0 4194040 4194300 328 317 0 0 
249:  _static_1 lw$8, _static_1
0 0 4 0 336 0 0 0 284 48 284 332 0 0 0 0 0 0 0 0 0 0 0 0 0 0 0 0 0 4194040 4194300 328 317 0 0 
250:  sub$9, $8, 4
0 0 4 0 336 0 0 0 284 280 284 332 0 0 0 0 0 0 0 0 0 0 0 0 0 0 0 0 0 4194040 4194300 328 318 0 0 
251:  lw$10, 0($9)
0 0 4 0 336 0 0 0 284 280 4 332 0 0 0 0 0 0 0 0 0 0 0 0 0 0 0 0 0 4194040 4194300 328 320 0 0 
252:  lw$11, -4($fp)
0 0 4 0 336 0 0 0 284 280 4 3 0 0 0 0 0 0 0 0 0 0 0 0 0 0 0 0 0 4194040 4194300 328 320 0 0 
253:  _end_loop_5 bge$11, $10, _end_loop_5
0 0 4 0 336 0 0 0 284 280 4 3 0 0 0 0 0 0 0 0 0 0 0 0 0 0 0 0 0 4194040 4194300 328 322 0 0 
254:  _static_2 la$8, _static_2
0 0 4 0 336 0 0 0 12 280 4 3 0 0 0 0 0 0 0 0 0 0 0 0 0 0 0 0 0 4194040 4194300 328 322 0 0 
255:  mul$9, $8, 4
0 0 4 0 336 0 0 0 12 48 4 3 0 0 0 0 0 0 0 0 0 0 0 0 0 0 0 0 0 4194040 4194300 328 324 0 0 
256:  _static_1 lw$10, _static_1
0 0 4 0 336 0 0 0 12 48 284 3 0 0 0 0 0 0 0 0 0 0 0 0 0 0 0 0 0 4194040 4194300 328 324 0 0 
257:  add$11, $10, $9
0 0 4 0 336 0 0 0 12 48 284 332 0 0 0 0 0 0 0 0 0 0 0 0 0 0 0 0 0 4194040 4194300 328 325 0 0 
258:  lw$12, 0($11)
0 0 4 0 336 0 0 0 12 48 284 332 1 0 0 0 0 0 0 0 0 0 0 0 0 0 0 0 0 4194040 4194300 328 326 0 0 
259:  sw$12, -4($sp)
0 0 4 0 336 0 0 0 12 48 284 332 1 0 0 0 0 0 0 0 0 0 0 0 0 0 0 0 0 4194040 4194300 328 483 0 0 
260:  _func_____built_in_toString jal_func_____built_in_toString
0 0 4 0 336 0 0 0 12 48 284 332 1 0 0 0 0 0 0 0 0 0 0 0 0 0 0 0 0 4194040 4194300 328 484 0 0 
261:  lw$a0, -4($sp)
0 0 4 0 1 0 0 0 12 48 284 332 1 0 0 0 0 0 0 0 0 0 0 0 0 0 0 0 0 4194040 4194300 328 484 0 0 
262:  li$t0, 0
0 0 4 0 1 0 0 0 0 48 284 332 1 0 0 0 0 0 0 0 0 0 0 0 0 0 0 0 0 4194040 4194300 328 487 0 0 
263:  _skip_set_less_than_zero bgez$a0, _skip_set_less_than_zero
0 0 4 0 1 0 0 0 0 48 284 332 1 0 0 0 0 0 0 0 0 0 0 0 0 0 0 0 0 4194040 4194300 328 489 0 0 
264:  _set_zero beqz$a0, _set_zero
0 0 4 0 1 0 0 0 0 48 284 332 1 0 0 0 0 0 0 0 0 0 0 0 0 0 0 0 0 4194040 4194300 328 489 0 0 
265:  li$a0, 6
0 0 4 0 6 0 0 0 0 48 284 332 1 0 0 0 0 0 0 0 0 0 0 0 0 0 0 0 0 4194040 4194300 328 489 0 0 
266:  move$t2, $a0
0 0 4 0 6 0 0 0 0 48 6 332 1 0 0 0 0 0 0 0 0 0 0 0 0 0 0 0 0 4194040 4194300 328 492 0 0 
267:  move$t3, $a0
0 0 4 0 6 0 0 0 0 48 6 6 1 0 0 0 0 0 0 0 0 0 0 0 0 0 0 0 0 4194040 4194300 328 492 0 0 
268:  li$t5, 10
0 0 4 0 6 0 0 0 0 48 6 6 1 10 0 0 0 0 0 0 0 0 0 0 0 0 0 0 0 4194040 4194300 328 492 0 0 
269:  div$t2, $t5
0 0 4 0 6 0 0 0 0 48 6 6 1 10 0 0 0 0 0 0 0 0 0 0 0 0 0 0 0 4194040 4194300 328 493 6 0 
270:  mflo$v0
0 0 0 0 6 0 0 0 0 48 6 6 1 10 0 0 0 0 0 0 0 0 0 0 0 0 0 0 0 4194040 4194300 328 495 6 0 
271:  mfhi$v1
0 0 0 6 6 0 0 0 0 48 6 6 1 10 0 0 0 0 0 0 0 0 0 0 0 0 0 0 0 4194040 4194300 328 496 6 0 
272:  _not_yet bgtz$v0, _not_yet
0 0 0 6 6 0 0 0 0 48 6 6 1 10 0 0 0 0 0 0 0 0 0 0 0 0 0 0 0 4194040 4194300 328 498 6 0 
273:  _not_yet bgtz$v1, _not_yet
0 0 0 6 6 0 0 0 0 48 6 6 1 10 0 0 0 0 0 0 0 0 0 0 0 0 0 0 0 4194040 4194300 328 499 6 0 
274:  add$t1, $t1, 1
0 0 0 6 6 0 0 0 0 49 6 6 1 10 0 0 0 0 0 0 0 0 0 0 0 0 0 0 0 4194040 4194300 328 492 6 0 
275:  move$t2, $v0
0 0 0 6 6 0 0 0 0 49 0 6 1 10 0 0 0 0 0 0 0 0 0 0 0 0 0 0 0 4194040 4194300 328 492 6 0 
276:  _begin_count_digit j_begin_count_digit
0 0 0 6 6 0 0 0 0 49 0 6 1 10 0 0 0 0 0 0 0 0 0 0 0 0 0 0 0 4194040 4194300 328 493 6 0 
277:  div$t2, $t5
0 0 0 6 6 0 0 0 0 49 0 6 1 10 0 0 0 0 0 0 0 0 0 0 0 0 0 0 0 4194040 4194300 328 493 0 0 
278:  mflo$v0
0 0 0 6 6 0 0 0 0 49 0 6 1 10 0 0 0 0 0 0 0 0 0 0 0 0 0 0 0 4194040 4194300 328 495 0 0 
279:  mfhi$v1
0 0 0 0 6 0 0 0 0 49 0 6 1 10 0 0 0 0 0 0 0 0 0 0 0 0 0 0 0 4194040 4194300 328 498 0 0 
280:  _not_yet bgtz$v0, _not_yet
0 0 0 0 6 0 0 0 0 49 0 6 1 10 0 0 0 0 0 0 0 0 0 0 0 0 0 0 0 4194040 4194300 328 501 0 0 
281:  add$t1, $t1, 1
0 0 0 0 6 0 0 0 0 50 0 6 1 10 0 0 0 0 0 0 0 0 0 0 0 0 0 0 0 4194040 4194300 328 502 0 0 
282:  _yet j_yet
0 0 0 0 6 0 0 0 0 50 0 6 1 10 0 0 0 0 0 0 0 0 0 0 0 0 0 0 0 4194040 4194300 328 503 0 0 
283:  _skip_reserve_neg beqz$t0, _skip_reserve_neg
0 0 0 0 6 0 0 0 0 50 0 6 1 10 0 0 0 0 0 0 0 0 0 0 0 0 0 0 0 4194040 4194300 328 504 0 0 
284:  add$a0, $t1, 5
0 0 0 0 55 0 0 0 0 50 0 6 1 10 0 0 0 0 0 0 0 0 0 0 0 0 0 0 0 4194040 4194300 328 505 0 0 
285:  li$v0, 9
0 0 9 0 55 0 0 0 0 50 0 6 1 10 0 0 0 0 0 0 0 0 0 0 0 0 0 0 0 4194040 4194300 328 505 0 0 
286:  syscall
0 0 338 0 55 0 0 0 0 50 0 6 1 10 0 0 0 0 0 0 0 0 0 0 0 0 0 0 0 4194040 4194300 328 506 0 0 
287:  sw$t1, 0($v0)
0 0 338 0 55 0 0 0 0 50 0 6 1 10 0 0 0 0 0 0 0 0 0 0 0 0 0 0 0 4194040 4194300 328 508 0 0 
288:  add$v0, $v0, 4
0 0 342 0 55 0 0 0 0 50 0 6 1 10 0 0 0 0 0 0 0 0 0 0 0 0 0 0 0 4194040 4194300 328 508 0 0 
289:  add$t1, $t1, $v0
0 0 342 0 55 0 0 0 0 392 0 6 1 10 0 0 0 0 0 0 0 0 0 0 0 0 0 0 0 4194040 4194300 328 509 0 0 
290:  sb$zero, 0($t1)
0 0 342 0 55 0 0 0 0 392 0 6 1 10 0 0 0 0 0 0 0 0 0 0 0 0 0 0 0 4194040 4194300 328 512 0 0 
291:  sub$t1, $t1, 1
0 0 342 0 55 0 0 0 0 391 0 6 1 10 0 0 0 0 0 0 0 0 0 0 0 0 0 0 0 4194040 4194300 328 512 0 0 
292:  div$t3, $t5
0 0 342 0 55 0 0 0 0 391 0 6 1 10 0 0 0 0 0 0 0 0 0 0 0 0 0 0 0 4194040 4194300 328 512 6 0 
293:  mfhi$v1
0 0 342 6 55 0 0 0 0 391 0 6 1 10 0 0 0 0 0 0 0 0 0 0 0 0 0 0 0 4194040 4194300 328 513 6 0 
294:  add$v1, $v1, 48
0 0 342 54 55 0 0 0 0 391 0 6 1 10 0 0 0 0 0 0 0 0 0 0 0 0 0 0 0 4194040 4194300 328 514 6 0 
295:  sb$v1, 0($t1)
0 0 342 54 55 0 0 0 0 391 0 6 1 10 0 0 0 0 0 0 0 0 0 0 0 0 0 0 0 4194040 4194300 328 517 6 0 
296:  sub$t1, $t1, 1
0 0 342 54 55 0 0 0 0 390 0 6 1 10 0 0 0 0 0 0 0 0 0 0 0 0 0 0 0 4194040 4194300 328 517 6 0 
297:  mflo$t3
0 0 342 54 55 0 0 0 0 390 0 0 1 10 0 0 0 0 0 0 0 0 0 0 0 0 0 0 0 4194040 4194300 328 517 6 0 
298:  _continue_toString bnez$t3, _continue_toString
0 0 342 54 55 0 0 0 0 390 0 0 1 10 0 0 0 0 0 0 0 0 0 0 0 0 0 0 0 4194040 4194300 328 521 6 0 
299:  _skip_place_neg beqz$t0, _skip_place_neg
0 0 342 54 55 0 0 0 0 390 0 0 1 10 0 0 0 0 0 0 0 0 0 0 0 0 0 0 0 4194040 4194300 328 328 6 0 
300:  jr$ra
0 0 342 54 55 0 0 0 0 390 0 0 1 10 0 0 0 0 0 0 0 0 0 0 0 0 0 0 0 4194040 4194300 328 330 6 0 
301:  sw$v0, -92($fp)
0 0 342 54 55 0 0 0 0 390 0 0 1 10 0 0 0 0 0 0 0 0 0 0 0 0 0 0 0 4194040 4194300 328 331 6 0 
302:  lw$8, -92($fp)
0 0 342 54 55 0 0 0 342 390 0 0 1 10 0 0 0 0 0 0 0 0 0 0 0 0 0 0 0 4194040 4194300 328 331 6 0 
303:  li$v0, 4
0 0 4 54 55 0 0 0 342 390 0 0 1 10 0 0 0 0 0 0 0 0 0 0 0 0 0 0 0 4194040 4194300 328 332 6 0 
304:  move$a0, $8
0 0 4 54 342 0 0 0 342 390 0 0 1 10 0 0 0 0 0 0 0 0 0 0 0 0 0 0 0 4194040 4194300 328 332 6 0 
305:  syscall
0 0 4 54 342 0 0 0 342 390 0 0 1 10 0 0 0 0 0 0 0 0 0 0 0 0 0 0 0 4194040 4194300 328 334 6 0 
306:  lw$8, -4($fp)
0 0 4 54 342 0 0 0 3 390 0 0 1 10 0 0 0 0 0 0 0 0 0 0 0 0 0 0 0 4194040 4194300 328 334 6 0 
307:  add$8, $8, 1
0 0 4 54 342 0 0 0 4 390 0 0 1 10 0 0 0 0 0 0 0 0 0 0 0 0 0 0 0 4194040 4194300 328 335 6 0 
308:  move$8, $8
0 0 4 54 342 0 0 0 4 390 0 0 1 10 0 0 0 0 0 0 0 0 0 0 0 0 0 0 0 4194040 4194300 328 336 6 0 
309:  sw$8, -4($fp)
0 0 4 54 342 0 0 0 4 390 0 0 1 10 0 0 0 0 0 0 0 0 0 0 0 0 0 0 0 4194040 4194300 328 317 6 0 
310:  _begin_loop_5 b_begin_loop_5
0 0 4 54 342 0 0 0 4 390 0 0 1 10 0 0 0 0 0 0 0 0 0 0 0 0 0 0 0 4194040 4194300 328 317 6 0 
311:  _static_1 lw$8, _static_1
0 0 4 54 342 0 0 0 284 390 0 0 1 10 0 0 0 0 0 0 0 0 0 0 0 0 0 0 0 4194040 4194300 328 317 6 0 
312:  sub$9, $8, 4
0 0 4 54 342 0 0 0 284 280 0 0 1 10 0 0 0 0 0 0 0 0 0 0 0 0 0 0 0 4194040 4194300 328 318 6 0 
313:  lw$10, 0($9)
0 0 4 54 342 0 0 0 284 280 4 0 1 10 0 0 0 0 0 0 0 0 0 0 0 0 0 0 0 4194040 4194300 328 320 6 0 
314:  lw$11, -4($fp)
0 0 4 54 342 0 0 0 284 280 4 4 1 10 0 0 0 0 0 0 0 0 0 0 0 0 0 0 0 4194040 4194300 328 320 6 0 
315:  _end_loop_5 bge$11, $10, _end_loop_5
0 0 4 54 342 0 0 0 284 280 4 4 1 10 0 0 0 0 0 0 0 0 0 0 0 0 0 0 0 4194040 4194300 328 339 6 0 
316:  _static_2 la$8, _static_2
0 0 4 54 342 0 0 0 12 280 4 4 1 10 0 0 0 0 0 0 0 0 0 0 0 0 0 0 0 4194040 4194300 328 339 6 0 
317:  move$9, $8
0 0 4 54 342 0 0 0 12 12 4 4 1 10 0 0 0 0 0 0 0 0 0 0 0 0 0 0 0 4194040 4194300 328 341 6 0 
318:  li$v0, 4
0 0 4 54 342 0 0 0 12 12 4 4 1 10 0 0 0 0 0 0 0 0 0 0 0 0 0 0 0 4194040 4194300 328 342 6 0 
319:  move$a0, $9
0 0 4 54 12 0 0 0 12 12 4 4 1 10 0 0 0 0 0 0 0 0 0 0 0 0 0 0 0 4194040 4194300 328 342 6 0 
320:  syscall
0 0 4 54 12 0 0 0 12 12 4 4 1 10 0 0 0 0 0 0 0 0 0 0 0 0 0 0 0 4194040 4194300 328 345 6 0 
321:  _static_0 la$8, _static_0
0 0 4 54 12 0 0 0 4 12 4 4 1 10 0 0 0 0 0 0 0 0 0 0 0 0 0 0 0 4194040 4194300 328 345 6 0 
322:  li$v0, 4
0 0 4 54 12 0 0 0 4 12 4 4 1 10 0 0 0 0 0 0 0 0 0 0 0 0 0 0 0 4194040 4194300 328 346 6 0 
323:  move$a0, $8
0 0 4 54 4 0 0 0 4 12 4 4 1 10 0 0 0 0 0 0 0 0 0 0 0 0 0 0 0 4194040 4194300 328 346 6 0 

324:  syscall
0 0 4 54 4 0 0 0 4 12 4 4 1 10 0 0 0 0 0 0 0 0 0 0 0 0 0 0 0 4194040 4194300 328 349 6 0 
325:  lw$8, 0($fp)
0 0 4 54 4 0 0 0 304 12 4 4 1 10 0 0 0 0 0 0 0 0 0 0 0 0 0 0 0 4194040 4194300 328 349 6 0 
326:  li$9, 0
0 0 4 54 4 0 0 0 304 0 4 4 1 10 0 0 0 0 0 0 0 0 0 0 0 0 0 0 0 4194040 4194300 328 350 6 0 
327:  _static_1 sw$8, _static_1
0 0 4 54 4 0 0 0 304 0 4 4 1 10 0 0 0 0 0 0 0 0 0 0 0 0 0 0 0 4194040 4194300 328 352 6 0 
328:  sw$9, -4($fp)
0 0 4 54 4 0 0 0 304 0 4 4 1 10 0 0 0 0 0 0 0 0 0 0 0 0 0 0 0 4194040 4194300 328 352 6 0 
329:  _static_1 lw$8, _static_1
0 0 4 54 4 0 0 0 304 0 4 4 1 10 0 0 0 0 0 0 0 0 0 0 0 0 0 0 0 4194040 4194300 328 352 6 0 
330:  sub$9, $8, 4
0 0 4 54 4 0 0 0 304 300 4 4 1 10 0 0 0 0 0 0 0 0 0 0 0 0 0 0 0 4194040 4194300 328 353 6 0 
331:  lw$10, 0($9)
0 0 4 54 4 0 0 0 304 300 4 4 1 10 0 0 0 0 0 0 0 0 0 0 0 0 0 0 0 4194040 4194300 328 355 6 0 
332:  lw$11, -4($fp)
0 0 4 54 4 0 0 0 304 300 4 0 1 10 0 0 0 0 0 0 0 0 0 0 0 0 0 0 0 4194040 4194300 328 355 6 0 
333:  _end_loop_6 bge$11, $10, _end_loop_6
0 0 4 54 4 0 0 0 304 300 4 0 1 10 0 0 0 0 0 0 0 0 0 0 0 0 0 0 0 4194040 4194300 328 357 6 0 
334:  lw$8, -4($fp)
0 0 4 54 4 0 0 0 0 300 4 0 1 10 0 0 0 0 0 0 0 0 0 0 0 0 0 0 0 4194040 4194300 328 357 6 0 
335:  mul$9, $8, 4
0 0 4 54 4 0 0 0 0 0 4 0 1 10 0 0 0 0 0 0 0 0 0 0 0 0 0 0 0 4194040 4194300 328 359 6 0 
336:  _static_1 lw$10, _static_1
0 0 4 54 4 0 0 0 0 0 304 0 1 10 0 0 0 0 0 0 0 0 0 0 0 0 0 0 0 4194040 4194300 328 359 6 0 
337:  add$11, $10, $9
0 0 4 54 4 0 0 0 0 0 304 304 1 10 0 0 0 0 0 0 0 0 0 0 0 0 0 0 0 4194040 4194300 328 360 6 0 
338:  lw$12, 0($11)
0 0 4 54 4 0 0 0 0 0 304 304 1 10 0 0 0 0 0 0 0 0 0 0 0 0 0 0 0 4194040 4194300 328 361 6 0 
339:  sw$12, -4($sp)
0 0 4 54 4 0 0 0 0 0 304 304 1 10 0 0 0 0 0 0 0 0 0 0 0 0 0 0 0 4194040 4194300 328 483 6 0 
340:  _func_____built_in_toString jal_func_____built_in_toString
0 0 4 54 4 0 0 0 0 0 304 304 1 10 0 0 0 0 0 0 0 0 0 0 0 0 0 0 0 4194040 4194300 363 484 6 0 
341:  lw$a0, -4($sp)
0 0 4 54 1 0 0 0 0 0 304 304 1 10 0 0 0 0 0 0 0 0 0 0 0 0 0 0 0 4194040 4194300 363 484 6 0 
342:  li$t0, 0
0 0 4 54 1 0 0 0 0 0 304 304 1 10 0 0 0 0 0 0 0 0 0 0 0 0 0 0 0 4194040 4194300 363 487 6 0 
343:  _skip_set_less_than_zero bgez$a0, _skip_set_less_than_zero
0 0 4 54 1 0 0 0 0 0 304 304 1 10 0 0 0 0 0 0 0 0 0 0 0 0 0 0 0 4194040 4194300 363 489 6 0 
344:  _set_zero beqz$a0, _set_zero
0 0 4 54 1 0 0 0 0 0 304 304 1 10 0 0 0 0 0 0 0 0 0 0 0 0 0 0 0 4194040 4194300 363 489 6 0 
345:  li$a0, 6
0 0 4 54 6 0 0 0 0 0 304 304 1 10 0 0 0 0 0 0 0 0 0 0 0 0 0 0 0 4194040 4194300 363 489 6 0 
346:  move$t2, $a0
0 0 4 54 6 0 0 0 0 0 6 304 1 10 0 0 0 0 0 0 0 0 0 0 0 0 0 0 0 4194040 4194300 363 492 6 0 
347:  move$t3, $a0
0 0 4 54 6 0 0 0 0 0 6 6 1 10 0 0 0 0 0 0 0 0 0 0 0 0 0 0 0 4194040 4194300 363 492 6 0 
348:  li$t5, 10
0 0 4 54 6 0 0 0 0 0 6 6 1 10 0 0 0 0 0 0 0 0 0 0 0 0 0 0 0 4194040 4194300 363 492 6 0 
349:  div$t2, $t5
0 0 4 54 6 0 0 0 0 0 6 6 1 10 0 0 0 0 0 0 0 0 0 0 0 0 0 0 0 4194040 4194300 363 493 6 0 
350:  mflo$v0
0 0 0 54 6 0 0 0 0 0 6 6 1 10 0 0 0 0 0 0 0 0 0 0 0 0 0 0 0 4194040 4194300 363 495 6 0 
351:  mfhi$v1
0 0 0 6 6 0 0 0 0 0 6 6 1 10 0 0 0 0 0 0 0 0 0 0 0 0 0 0 0 4194040 4194300 363 498 6 0 
352:  _not_yet bgtz$v0, _not_yet
0 0 0 6 6 0 0 0 0 0 6 6 1 10 0 0 0 0 0 0 0 0 0 0 0 0 0 0 0 4194040 4194300 363 501 6 0 
353:  add$t1, $t1, 1
0 0 0 6 6 0 0 0 0 1 6 6 1 10 0 0 0 0 0 0 0 0 0 0 0 0 0 0 0 4194040 4194300 363 503 6 0 
354:  _yet j_yet
0 0 0 6 6 0 0 0 0 1 6 6 1 10 0 0 0 0 0 0 0 0 0 0 0 0 0 0 0 4194040 4194300 363 504 6 0 
355:  _skip_reserve_neg beqz$t0, _skip_reserve_neg
0 0 0 6 6 0 0 0 0 1 6 6 1 10 0 0 0 0 0 0 0 0 0 0 0 0 0 0 0 4194040 4194300 363 505 6 0 
356:  add$a0, $t1, 5
0 0 0 6 6 0 0 0 0 1 6 6 1 10 0 0 0 0 0 0 0 0 0 0 0 0 0 0 0 4194040 4194300 363 505 6 0 
357:  li$v0, 9
0 0 9 6 6 0 0 0 0 1 6 6 1 10 0 0 0 0 0 0 0 0 0 0 0 0 0 0 0 4194040 4194300 363 505 6 0 
358:  syscall
0 0 393 6 6 0 0 0 0 1 6 6 1 10 0 0 0 0 0 0 0 0 0 0 0 0 0 0 0 4194040 4194300 363 506 6 0 
359:  sw$t1, 0($v0)
0 0 393 6 6 0 0 0 0 1 6 6 1 10 0 0 0 0 0 0 0 0 0 0 0 0 0 0 0 4194040 4194300 363 508 6 0 
360:  add$v0, $v0, 4
0 0 397 6 6 0 0 0 0 1 6 6 1 10 0 0 0 0 0 0 0 0 0 0 0 0 0 0 0 4194040 4194300 363 508 6 0 
361:  add$t1, $t1, $v0
0 0 397 6 6 0 0 0 0 398 6 6 1 10 0 0 0 0 0 0 0 0 0 0 0 0 0 0 0 4194040 4194300 363 509 6 0 
362:  sb$zero, 0($t1)
0 0 397 6 6 0 0 0 0 398 6 6 1 10 0 0 0 0 0 0 0 0 0 0 0 0 0 0 0 4194040 4194300 363 512 6 0 
363:  sub$t1, $t1, 1
0 0 397 6 6 0 0 0 0 397 6 6 1 10 0 0 0 0 0 0 0 0 0 0 0 0 0 0 0 4194040 4194300 363 512 6 0 
364:  div$t3, $t5
0 0 397 6 6 0 0 0 0 397 6 6 1 10 0 0 0 0 0 0 0 0 0 0 0 0 0 0 0 4194040 4194300 363 512 6 0 
365:  mfhi$v1
0 0 397 6 6 0 0 0 0 397 6 6 1 10 0 0 0 0 0 0 0 0 0 0 0 0 0 0 0 4194040 4194300 363 513 6 0 
366:  add$v1, $v1, 48
0 0 397 54 6 0 0 0 0 397 6 6 1 10 0 0 0 0 0 0 0 0 0 0 0 0 0 0 0 4194040 4194300 363 514 6 0 
367:  sb$v1, 0($t1)
0 0 397 54 6 0 0 0 0 397 6 6 1 10 0 0 0 0 0 0 0 0 0 0 0 0 0 0 0 4194040 4194300 363 517 6 0 
368:  sub$t1, $t1, 1
0 0 397 54 6 0 0 0 0 396 6 6 1 10 0 0 0 0 0 0 0 0 0 0 0 0 0 0 0 4194040 4194300 363 517 6 0 
369:  mflo$t3
0 0 397 54 6 0 0 0 0 396 6 0 1 10 0 0 0 0 0 0 0 0 0 0 0 0 0 0 0 4194040 4194300 363 517 6 0 
370:  _continue_toString bnez$t3, _continue_toString
0 0 397 54 6 0 0 0 0 396 6 0 1 10 0 0 0 0 0 0 0 0 0 0 0 0 0 0 0 4194040 4194300 363 520 6 0 
371:  div$t3, $t5
0 0 397 54 6 0 0 0 0 396 6 0 1 10 0 0 0 0 0 0 0 0 0 0 0 0 0 0 0 4194040 4194300 363 520 0 0 
372:  li$v1, 45
0 0 397 45 6 0 0 0 0 396 6 0 1 10 0 0 0 0 0 0 0 0 0 0 0 0 0 0 0 4194040 4194300 363 520 0 0 
373:  sb$v1, 0($t1)
0 0 397 45 6 0 0 0 0 396 6 0 1 10 0 0 0 0 0 0 0 0 0 0 0 0 0 0 0 4194040 4194300 363 364 0 0 
374:  jr$ra
0 0 397 45 6 0 0 0 0 396 6 0 1 10 0 0 0 0 0 0 0 0 0 0 0 0 0 0 0 4194040 4194300 363 365 0 0 
375:  sw$v0, -128($fp)
0 0 397 45 6 0 0 0 0 396 6 0 1 10 0 0 0 0 0 0 0 0 0 0 0 0 0 0 0 4194040 4194300 363 366 0 0 
376:  lw$8, -128($fp)
0 0 397 45 6 0 0 0 397 396 6 0 1 10 0 0 0 0 0 0 0 0 0 0 0 0 0 0 0 4194040 4194300 363 366 0 0 
377:  li$v0, 4
0 0 4 45 6 0 0 0 397 396 6 0 1 10 0 0 0 0 0 0 0 0 0 0 0 0 0 0 0 4194040 4194300 363 367 0 0 
378:  move$a0, $8
0 0 4 45 397 0 0 0 397 396 6 0 1 10 0 0 0 0 0 0 0 0 0 0 0 0 0 0 0 4194040 4194300 363 367 0 0 
6379:  syscall
0 0 4 45 397 0 0 0 397 396 6 0 1 10 0 0 0 0 0 0 0 0 0 0 0 0 0 0 0 4194040 4194300 363 369 0 0 
380:  lw$8, -4($fp)
0 0 4 45 397 0 0 0 0 396 6 0 1 10 0 0 0 0 0 0 0 0 0 0 0 0 0 0 0 4194040 4194300 363 369 0 0 
381:  add$8, $8, 1
0 0 4 45 397 0 0 0 1 396 6 0 1 10 0 0 0 0 0 0 0 0 0 0 0 0 0 0 0 4194040 4194300 363 370 0 0 
382:  move$8, $8
0 0 4 45 397 0 0 0 1 396 6 0 1 10 0 0 0 0 0 0 0 0 0 0 0 0 0 0 0 4194040 4194300 363 371 0 0 
383:  sw$8, -4($fp)
0 0 4 45 397 0 0 0 1 396 6 0 1 10 0 0 0 0 0 0 0 0 0 0 0 0 0 0 0 4194040 4194300 363 351 0 0 
384:  _begin_loop_6 b_begin_loop_6
0 0 4 45 397 0 0 0 1 396 6 0 1 10 0 0 0 0 0 0 0 0 0 0 0 0 0 0 0 4194040 4194300 363 352 0 0 
385:  _static_1 lw$8, _static_1
0 0 4 45 397 0 0 0 304 396 6 0 1 10 0 0 0 0 0 0 0 0 0 0 0 0 0 0 0 4194040 4194300 363 352 0 0 
386:  sub$9, $8, 4
0 0 4 45 397 0 0 0 304 300 6 0 1 10 0 0 0 0 0 0 0 0 0 0 0 0 0 0 0 4194040 4194300 363 353 0 0 
387:  lw$10, 0($9)
0 0 4 45 397 0 0 0 304 300 4 0 1 10 0 0 0 0 0 0 0 0 0 0 0 0 0 0 0 4194040 4194300 363 355 0 0 
388:  lw$11, -4($fp)
0 0 4 45 397 0 0 0 304 300 4 1 1 10 0 0 0 0 0 0 0 0 0 0 0 0 0 0 0 4194040 4194300 363 355 0 0 
389:  _end_loop_6 bge$11, $10, _end_loop_6
0 0 4 45 397 0 0 0 304 300 4 1 1 10 0 0 0 0 0 0 0 0 0 0 0 0 0 0 0 4194040 4194300 363 358 0 0 
390:  lw$ra, 0($sp)
0 0 4 45 397 0 0 0 304 300 4 1 1 10 0 0 0 0 0 0 0 0 0 0 0 0 0 0 0 4194040 4194300 20 359 0 0 
391:  mul$9, $8, 4
0 0 4 45 397 0 0 0 304 1216 4 1 1 10 0 0 0 0 0 0 0 0 0 0 0 0 0 0 0 4194040 4194300 20 359 0 0 
392:  _static_1 lw$10, _static_1
0 0 4 45 397 0 0 0 304 1216 304 1 1 10 0 0 0 0 0 0 0 0 0 0 0 0 0 0 0 4194040 4194300 20 359 0 0 
393:  add$11, $10, $9
0 0 4 45 397 0 0 0 304 1216 304 1520 1 10 0 0 0 0 0 0 0 0 0 0 0 0 0 0 0 4194040 4194300 20 360 0 0 
394:  lw$12, 0($11)
0 0 4 45 397 0 0 0 304 1216 304 1520 0 10 0 0 0 0 0 0 0 0 0 0 0 0 0 0 0 4194040 4194300 20 361 0 0 
395:  sw$12, -4($sp)
0 0 4 45 397 0 0 0 304 1216 304 1520 0 10 0 0 0 0 0 0 0 0 0 0 0 0 0 0 0 4194040 4194300 20 483 0 0 
396:  _func_____built_in_toString jal_func_____built_in_toString
0 0 4 45 397 0 0 0 304 1216 304 1520 0 10 0 0 0 0 0 0 0 0 0 0 0 0 0 0 0 4194040 4194300 363 484 0 0 
397:  lw$a0, -4($sp)
0 0 4 45 0 0 0 0 304 1216 304 1520 0 10 0 0 0 0 0 0 0 0 0 0 0 0 0 0 0 4194040 4194300 363 484 0 0 
398:  li$t0, 0
0 0 4 45 0 0 0 0 0 1216 304 1520 0 10 0 0 0 0 0 0 0 0 0 0 0 0 0 0 0 4194040 4194300 363 487 0 0 
399:  _skip_set_less_than_zero bgez$a0, _skip_set_less_than_zero
0 0 4 45 0 0 0 0 0 1216 304 1520 0 10 0 0 0 0 0 0 0 0 0 0 0 0 0 0 0 4194040 4194300 363 523 0 0 
400:  _set_zero beqz$a0, _set_zero
0 0 4 45 0 0 0 0 0 1216 304 1520 0 10 0 0 0 0 0 0 0 0 0 0 0 0 0 0 0 4194040 4194300 363 524 0 0 
401:  li$a0, 6
0 0 4 45 6 0 0 0 0 1216 304 1520 0 10 0 0 0 0 0 0 0 0 0 0 0 0 0 0 0 4194040 4194300 363 524 0 0 
402:  li$v0, 9
0 0 9 45 6 0 0 0 0 1216 304 1520 0 10 0 0 0 0 0 0 0 0 0 0 0 0 0 0 0 4194040 4194300 363 524 0 0 
403:  syscall
0 0 399 45 6 0 0 0 0 1216 304 1520 0 10 0 0 0 0 0 0 0 0 0 0 0 0 0 0 0 4194040 4194300 363 526 0 0 
404:  li$a0, 1
0 0 399 45 1 0 0 0 0 1216 304 1520 0 10 0 0 0 0 0 0 0 0 0 0 0 0 0 0 0 4194040 4194300 363 526 0 0 
405:  sw$a0, 0($v0)
0 0 399 45 1 0 0 0 0 1216 304 1520 0 10 0 0 0 0 0 0 0 0 0 0 0 0 0 0 0 4194040 4194300 363 529 0 0 
406:  add$v0, $v0, 4
0 0 403 45 1 0 0 0 0 1216 304 1520 0 10 0 0 0 0 0 0 0 0 0 0 0 0 0 0 0 4194040 4194300 363 529 0 0 
407:  li$a0, 48
0 0 403 45 48 0 0 0 0 1216 304 1520 0 10 0 0 0 0 0 0 0 0 0 0 0 0 0 0 0 4194040 4194300 363 529 0 0 
408:  sb$a0, 0($v0)
0 0 403 45 48 0 0 0 0 1216 304 1520 0 10 0 0 0 0 0 0 0 0 0 0 0 0 0 0 0 4194040 4194300 363 364 0 0 
409:  jr$ra
0 0 403 45 48 0 0 0 0 1216 304 1520 0 10 0 0 0 0 0 0 0 0 0 0 0 0 0 0 0 4194040 4194300 363 365 0 0 
410:  sw$v0, -128($fp)
0 0 403 45 48 0 0 0 0 1216 304 1520 0 10 0 0 0 0 0 0 0 0 0 0 0 0 0 0 0 4194040 4194300 363 366 0 0 
411:  lw$8, -128($fp)
0 0 403 45 48 0 0 0 403 1216 304 1520 0 10 0 0 0 0 0 0 0 0 0 0 0 0 0 0 0 4194040 4194300 363 366 0 0 
412:  li$v0, 4
0 0 4 45 48 0 0 0 403 1216 304 1520 0 10 0 0 0 0 0 0 0 0 0 0 0 0 0 0 0 4194040 4194300 363 367 0 0 
413:  move$a0, $8
0 0 4 45 403 0 0 0 403 1216 304 1520 0 10 0 0 0 0 0 0 0 0 0 0 0 0 0 0 0 4194040 4194300 363 367 0 0 
0414:  syscall
0 0 4 45 403 0 0 0 403 1216 304 1520 0 10 0 0 0 0 0 0 0 0 0 0 0 0 0 0 0 4194040 4194300 363 369 0 0 
415:  lw$8, -4($fp)
0 0 4 45 403 0 0 0 1 1216 304 1520 0 10 0 0 0 0 0 0 0 0 0 0 0 0 0 0 0 4194040 4194300 363 369 0 0 
416:  add$8, $8, 1
0 0 4 45 403 0 0 0 2 1216 304 1520 0 10 0 0 0 0 0 0 0 0 0 0 0 0 0 0 0 4194040 4194300 363 370 0 0 
417:  move$8, $8
0 0 4 45 403 0 0 0 2 1216 304 1520 0 10 0 0 0 0 0 0 0 0 0 0 0 0 0 0 0 4194040 4194300 363 371 0 0 
418:  sw$8, -4($fp)
0 0 4 45 403 0 0 0 2 1216 304 1520 0 10 0 0 0 0 0 0 0 0 0 0 0 0 0 0 0 4194040 4194300 363 352 0 0 
419:  _begin_loop_6 b_begin_loop_6
0 0 4 45 403 0 0 0 2 1216 304 1520 0 10 0 0 0 0 0 0 0 0 0 0 0 0 0 0 0 4194040 4194300 363 352 0 0 
420:  _static_1 lw$8, _static_1
0 0 4 45 403 0 0 0 304 1216 304 1520 0 10 0 0 0 0 0 0 0 0 0 0 0 0 0 0 0 4194040 4194300 363 352 0 0 
421:  sub$9, $8, 4
0 0 4 45 403 0 0 0 304 300 304 1520 0 10 0 0 0 0 0 0 0 0 0 0 0 0 0 0 0 4194040 4194300 363 353 0 0 
422:  lw$10, 0($9)
0 0 4 45 403 0 0 0 304 300 4 1520 0 10 0 0 0 0 0 0 0 0 0 0 0 0 0 0 0 4194040 4194300 363 355 0 0 
423:  lw$11, -4($fp)
0 0 4 45 403 0 0 0 304 300 4 2 0 10 0 0 0 0 0 0 0 0 0 0 0 0 0 0 0 4194040 4194300 363 355 0 0 
424:  _end_loop_6 bge$11, $10, _end_loop_6
0 0 4 45 403 0 0 0 304 300 4 2 0 10 0 0 0 0 0 0 0 0 0 0 0 0 0 0 0 4194040 4194300 363 358 0 0 
425:  lw$ra, 0($sp)
0 0 4 45 403 0 0 0 304 300 4 2 0 10 0 0 0 0 0 0 0 0 0 0 0 0 0 0 0 4194040 4194300 20 359 0 0 
426:  mul$9, $8, 4
0 0 4 45 403 0 0 0 304 1216 4 2 0 10 0 0 0 0 0 0 0 0 0 0 0 0 0 0 0 4194040 4194300 20 359 0 0 
427:  _static_1 lw$10, _static_1
0 0 4 45 403 0 0 0 304 1216 304 2 0 10 0 0 0 0 0 0 0 0 0 0 0 0 0 0 0 4194040 4194300 20 359 0 0 
428:  add$11, $10, $9
0 0 4 45 403 0 0 0 304 1216 304 1520 0 10 0 0 0 0 0 0 0 0 0 0 0 0 0 0 0 4194040 4194300 20 360 0 0 
429:  lw$12, 0($11)
0 0 4 45 403 0 0 0 304 1216 304 1520 0 10 0 0 0 0 0 0 0 0 0 0 0 0 0 0 0 4194040 4194300 20 361 0 0 
430:  sw$12, -4($sp)
0 0 4 45 403 0 0 0 304 1216 304 1520 0 10 0 0 0 0 0 0 0 0 0 0 0 0 0 0 0 4194040 4194300 20 483 0 0 
431:  _func_____built_in_toString jal_func_____built_in_toString
0 0 4 45 403 0 0 0 304 1216 304 1520 0 10 0 0 0 0 0 0 0 0 0 0 0 0 0 0 0 4194040 4194300 363 484 0 0 
432:  lw$a0, -4($sp)
0 0 4 45 0 0 0 0 304 1216 304 1520 0 10 0 0 0 0 0 0 0 0 0 0 0 0 0 0 0 4194040 4194300 363 484 0 0 
433:  li$t0, 0
0 0 4 45 0 0 0 0 0 1216 304 1520 0 10 0 0 0 0 0 0 0 0 0 0 0 0 0 0 0 4194040 4194300 363 487 0 0 
434:  _skip_set_less_than_zero bgez$a0, _skip_set_less_than_zero
0 0 4 45 0 0 0 0 0 1216 304 1520 0 10 0 0 0 0 0 0 0 0 0 0 0 0 0 0 0 4194040 4194300 363 523 0 0 
435:  _set_zero beqz$a0, _set_zero
0 0 4 45 0 0 0 0 0 1216 304 1520 0 10 0 0 0 0 0 0 0 0 0 0 0 0 0 0 0 4194040 4194300 363 524 0 0 
436:  li$a0, 6
0 0 4 45 6 0 0 0 0 1216 304 1520 0 10 0 0 0 0 0 0 0 0 0 0 0 0 0 0 0 4194040 4194300 363 524 0 0 
437:  li$v0, 9
0 0 9 45 6 0 0 0 0 1216 304 1520 0 10 0 0 0 0 0 0 0 0 0 0 0 0 0 0 0 4194040 4194300 363 524 0 0 
438:  syscall
0 0 405 45 6 0 0 0 0 1216 304 1520 0 10 0 0 0 0 0 0 0 0 0 0 0 0 0 0 0 4194040 4194300 363 526 0 0 
439:  li$a0, 1
0 0 405 45 1 0 0 0 0 1216 304 1520 0 10 0 0 0 0 0 0 0 0 0 0 0 0 0 0 0 4194040 4194300 363 526 0 0 
440:  sw$a0, 0($v0)
0 0 405 45 1 0 0 0 0 1216 304 1520 0 10 0 0 0 0 0 0 0 0 0 0 0 0 0 0 0 4194040 4194300 363 529 0 0 
441:  add$v0, $v0, 4
0 0 409 45 1 0 0 0 0 1216 304 1520 0 10 0 0 0 0 0 0 0 0 0 0 0 0 0 0 0 4194040 4194300 363 529 0 0 
442:  li$a0, 48
0 0 409 45 48 0 0 0 0 1216 304 1520 0 10 0 0 0 0 0 0 0 0 0 0 0 0 0 0 0 4194040 4194300 363 529 0 0 
443:  sb$a0, 0($v0)
0 0 409 45 48 0 0 0 0 1216 304 1520 0 10 0 0 0 0 0 0 0 0 0 0 0 0 0 0 0 4194040 4194300 363 364 0 0 
444:  jr$ra
0 0 409 45 48 0 0 0 0 1216 304 1520 0 10 0 0 0 0 0 0 0 0 0 0 0 0 0 0 0 4194040 4194300 363 365 0 0 
445:  sw$v0, -128($fp)
0 0 409 45 48 0 0 0 0 1216 304 1520 0 10 0 0 0 0 0 0 0 0 0 0 0 0 0 0 0 4194040 4194300 363 366 0 0 
446:  lw$8, -128($fp)
0 0 409 45 48 0 0 0 409 1216 304 1520 0 10 0 0 0 0 0 0 0 0 0 0 0 0 0 0 0 4194040 4194300 363 366 0 0 
447:  li$v0, 4
0 0 4 45 48 0 0 0 409 1216 304 1520 0 10 0 0 0 0 0 0 0 0 0 0 0 0 0 0 0 4194040 4194300 363 367 0 0 
448:  move$a0, $8
0 0 4 45 409 0 0 0 409 1216 304 1520 0 10 0 0 0 0 0 0 0 0 0 0 0 0 0 0 0 4194040 4194300 363 367 0 0 
0449:  syscall
0 0 4 45 409 0 0 0 409 1216 304 1520 0 10 0 0 0 0 0 0 0 0 0 0 0 0 0 0 0 4194040 4194300 363 369 0 0 
450:  lw$8, -4($fp)
0 0 4 45 409 0 0 0 2 1216 304 1520 0 10 0 0 0 0 0 0 0 0 0 0 0 0 0 0 0 4194040 4194300 363 369 0 0 
451:  add$8, $8, 1
0 0 4 45 409 0 0 0 3 1216 304 1520 0 10 0 0 0 0 0 0 0 0 0 0 0 0 0 0 0 4194040 4194300 363 370 0 0 
452:  move$8, $8
0 0 4 45 409 0 0 0 3 1216 304 1520 0 10 0 0 0 0 0 0 0 0 0 0 0 0 0 0 0 4194040 4194300 363 371 0 0 
453:  sw$8, -4($fp)
0 0 4 45 409 0 0 0 3 1216 304 1520 0 10 0 0 0 0 0 0 0 0 0 0 0 0 0 0 0 4194040 4194300 363 352 0 0 
454:  _begin_loop_6 b_begin_loop_6
0 0 4 45 409 0 0 0 3 1216 304 1520 0 10 0 0 0 0 0 0 0 0 0 0 0 0 0 0 0 4194040 4194300 363 352 0 0 
455:  _static_1 lw$8, _static_1
0 0 4 45 409 0 0 0 304 1216 304 1520 0 10 0 0 0 0 0 0 0 0 0 0 0 0 0 0 0 4194040 4194300 363 352 0 0 
456:  sub$9, $8, 4
0 0 4 45 409 0 0 0 304 300 304 1520 0 10 0 0 0 0 0 0 0 0 0 0 0 0 0 0 0 4194040 4194300 363 353 0 0 
457:  lw$10, 0($9)
0 0 4 45 409 0 0 0 304 300 4 1520 0 10 0 0 0 0 0 0 0 0 0 0 0 0 0 0 0 4194040 4194300 363 355 0 0 
458:  lw$11, -4($fp)
0 0 4 45 409 0 0 0 304 300 4 3 0 10 0 0 0 0 0 0 0 0 0 0 0 0 0 0 0 4194040 4194300 363 355 0 0 
459:  _end_loop_6 bge$11, $10, _end_loop_6
0 0 4 45 409 0 0 0 304 300 4 3 0 10 0 0 0 0 0 0 0 0 0 0 0 0 0 0 0 4194040 4194300 363 358 0 0 
460:  lw$ra, 0($sp)
0 0 4 45 409 0 0 0 304 300 4 3 0 10 0 0 0 0 0 0 0 0 0 0 0 0 0 0 0 4194040 4194300 20 359 0 0 
461:  mul$9, $8, 4
0 0 4 45 409 0 0 0 304 1216 4 3 0 10 0 0 0 0 0 0 0 0 0 0 0 0 0 0 0 4194040 4194300 20 359 0 0 
462:  _static_1 lw$10, _static_1
0 0 4 45 409 0 0 0 304 1216 304 3 0 10 0 0 0 0 0 0 0 0 0 0 0 0 0 0 0 4194040 4194300 20 359 0 0 
463:  add$11, $10, $9
0 0 4 45 409 0 0 0 304 1216 304 1520 0 10 0 0 0 0 0 0 0 0 0 0 0 0 0 0 0 4194040 4194300 20 360 0 0 
464:  lw$12, 0($11)
0 0 4 45 409 0 0 0 304 1216 304 1520 0 10 0 0 0 0 0 0 0 0 0 0 0 0 0 0 0 4194040 4194300 20 361 0 0 
465:  sw$12, -4($sp)
0 0 4 45 409 0 0 0 304 1216 304 1520 0 10 0 0 0 0 0 0 0 0 0 0 0 0 0 0 0 4194040 4194300 20 483 0 0 
466:  _func_____built_in_toString jal_func_____built_in_toString
0 0 4 45 409 0 0 0 304 1216 304 1520 0 10 0 0 0 0 0 0 0 0 0 0 0 0 0 0 0 4194040 4194300 363 484 0 0 
467:  lw$a0, -4($sp)
0 0 4 45 0 0 0 0 304 1216 304 1520 0 10 0 0 0 0 0 0 0 0 0 0 0 0 0 0 0 4194040 4194300 363 484 0 0 
468:  li$t0, 0
0 0 4 45 0 0 0 0 0 1216 304 1520 0 10 0 0 0 0 0 0 0 0 0 0 0 0 0 0 0 4194040 4194300 363 487 0 0 
469:  _skip_set_less_than_zero bgez$a0, _skip_set_less_than_zero
0 0 4 45 0 0 0 0 0 1216 304 1520 0 10 0 0 0 0 0 0 0 0 0 0 0 0 0 0 0 4194040 4194300 363 523 0 0 
470:  _set_zero beqz$a0, _set_zero
0 0 4 45 0 0 0 0 0 1216 304 1520 0 10 0 0 0 0 0 0 0 0 0 0 0 0 0 0 0 4194040 4194300 363 524 0 0 
471:  li$a0, 6
0 0 4 45 6 0 0 0 0 1216 304 1520 0 10 0 0 0 0 0 0 0 0 0 0 0 0 0 0 0 4194040 4194300 363 524 0 0 
472:  li$v0, 9
0 0 9 45 6 0 0 0 0 1216 304 1520 0 10 0 0 0 0 0 0 0 0 0 0 0 0 0 0 0 4194040 4194300 363 524 0 0 
473:  syscall
0 0 411 45 6 0 0 0 0 1216 304 1520 0 10 0 0 0 0 0 0 0 0 0 0 0 0 0 0 0 4194040 4194300 363 526 0 0 
474:  li$a0, 1
0 0 411 45 1 0 0 0 0 1216 304 1520 0 10 0 0 0 0 0 0 0 0 0 0 0 0 0 0 0 4194040 4194300 363 526 0 0 
475:  sw$a0, 0($v0)
0 0 411 45 1 0 0 0 0 1216 304 1520 0 10 0 0 0 0 0 0 0 0 0 0 0 0 0 0 0 4194040 4194300 363 529 0 0 
476:  add$v0, $v0, 4
0 0 415 45 1 0 0 0 0 1216 304 1520 0 10 0 0 0 0 0 0 0 0 0 0 0 0 0 0 0 4194040 4194300 363 529 0 0 
477:  li$a0, 48
0 0 415 45 48 0 0 0 0 1216 304 1520 0 10 0 0 0 0 0 0 0 0 0 0 0 0 0 0 0 4194040 4194300 363 529 0 0 
478:  sb$a0, 0($v0)
0 0 415 45 48 0 0 0 0 1216 304 1520 0 10 0 0 0 0 0 0 0 0 0 0 0 0 0 0 0 4194040 4194300 363 364 0 0 
479:  jr$ra
0 0 415 45 48 0 0 0 0 1216 304 1520 0 10 0 0 0 0 0 0 0 0 0 0 0 0 0 0 0 4194040 4194300 363 365 0 0 
480:  sw$v0, -128($fp)
0 0 415 45 48 0 0 0 0 1216 304 1520 0 10 0 0 0 0 0 0 0 0 0 0 0 0 0 0 0 4194040 4194300 363 366 0 0 
481:  lw$8, -128($fp)
0 0 415 45 48 0 0 0 415 1216 304 1520 0 10 0 0 0 0 0 0 0 0 0 0 0 0 0 0 0 4194040 4194300 363 366 0 0 
482:  li$v0, 4
0 0 4 45 48 0 0 0 415 1216 304 1520 0 10 0 0 0 0 0 0 0 0 0 0 0 0 0 0 0 4194040 4194300 363 367 0 0 
483:  move$a0, $8
0 0 4 45 415 0 0 0 415 1216 304 1520 0 10 0 0 0 0 0 0 0 0 0 0 0 0 0 0 0 4194040 4194300 363 367 0 0 
0484:  syscall
0 0 4 45 415 0 0 0 415 1216 304 1520 0 10 0 0 0 0 0 0 0 0 0 0 0 0 0 0 0 4194040 4194300 363 369 0 0 
485:  lw$8, -4($fp)
0 0 4 45 415 0 0 0 3 1216 304 1520 0 10 0 0 0 0 0 0 0 0 0 0 0 0 0 0 0 4194040 4194300 363 369 0 0 
486:  add$8, $8, 1
0 0 4 45 415 0 0 0 4 1216 304 1520 0 10 0 0 0 0 0 0 0 0 0 0 0 0 0 0 0 4194040 4194300 363 370 0 0 
487:  move$8, $8
0 0 4 45 415 0 0 0 4 1216 304 1520 0 10 0 0 0 0 0 0 0 0 0 0 0 0 0 0 0 4194040 4194300 363 371 0 0 
488:  sw$8, -4($fp)
0 0 4 45 415 0 0 0 4 1216 304 1520 0 10 0 0 0 0 0 0 0 0 0 0 0 0 0 0 0 4194040 4194300 363 352 0 0 
489:  _begin_loop_6 b_begin_loop_6
0 0 4 45 415 0 0 0 4 1216 304 1520 0 10 0 0 0 0 0 0 0 0 0 0 0 0 0 0 0 4194040 4194300 363 352 0 0 
490:  _static_1 lw$8, _static_1
0 0 4 45 415 0 0 0 304 1216 304 1520 0 10 0 0 0 0 0 0 0 0 0 0 0 0 0 0 0 4194040 4194300 363 352 0 0 
491:  sub$9, $8, 4
0 0 4 45 415 0 0 0 304 300 304 1520 0 10 0 0 0 0 0 0 0 0 0 0 0 0 0 0 0 4194040 4194300 363 353 0 0 
492:  lw$10, 0($9)
0 0 4 45 415 0 0 0 304 300 4 1520 0 10 0 0 0 0 0 0 0 0 0 0 0 0 0 0 0 4194040 4194300 363 355 0 0 
493:  lw$11, -4($fp)
0 0 4 45 415 0 0 0 304 300 4 4 0 10 0 0 0 0 0 0 0 0 0 0 0 0 0 0 0 4194040 4194300 363 355 0 0 
494:  _end_loop_6 bge$11, $10, _end_loop_6
0 0 4 45 415 0 0 0 304 300 4 4 0 10 0 0 0 0 0 0 0 0 0 0 0 0 0 0 0 4194040 4194300 363 375 0 0 
495:  lw$ra, 0($sp)
0 0 4 45 415 0 0 0 304 300 4 4 0 10 0 0 0 0 0 0 0 0 0 0 0 0 0 0 0 4194040 4194300 20 376 0 0 
496:  add$sp, $fp, 4
0 0 4 45 415 0 0 0 304 300 4 4 0 10 0 0 0 0 0 0 0 0 0 0 0 0 0 0 0 4194304 4194300 20 20 0 0 
497:  lw$fp, -252($fp)
0 0 4 45 415 0 0 0 304 300 4 4 0 10 0 0 0 0 0 0 0 0 0 0 0 0 0 0 0 4194304 4194304 20 21 0 0 
498:  jr$ra
0 0 4 45 415 0 0 0 304 300 4 4 0 10 0 0 0 0 0 0 0 0 0 0 0 0 0 0 0 4194304 4194304 20 22 0 0 
499:  move$a0, $v0
0 0 4 45 4 0 0 0 304 300 4 4 0 10 0 0 0 0 0 0 0 0 0 0 0 0 0 0 0 4194304 4194304 20 22 0 0 
500:  li$v0, 17
0 0 17 45 4 0 0 0 304 300 4 4 0 10 0 0 0 0 0 0 0 0 0 0 0 0 0 0 0 4194304 4194304 20 22 0 0 
