line 0_buffer_init jal_buffer_init
0 0 0 0 0 0 0 0 0 0 0 0 0 0 0 0 0 0 0 0 0 0 0 0 0 0 0 0 0 4194304 0 6 1 0 0 
line 1li$a0, 256
0 0 0 0 256 0 0 0 0 0 0 0 0 0 0 0 0 0 0 0 0 0 0 0 0 0 0 0 0 4194304 0 6 2 0 0 
line 2li$v0, 9
0 0 9 0 256 0 0 0 0 0 0 0 0 0 0 0 0 0 0 0 0 0 0 0 0 0 0 0 0 4194304 0 6 3 0 0 
line 3syscall
0 0 24 0 256 0 0 0 0 0 0 0 0 0 0 0 0 0 0 0 0 0 0 0 0 0 0 0 0 4194304 0 6 4 0 0 
line 4_buffer sw$v0, _buffer
0 0 24 0 256 0 0 0 0 0 0 0 0 0 0 0 0 0 0 0 0 0 0 0 0 0 0 0 0 4194304 0 6 5 0 0 
line 5jr$ra
0 0 24 0 256 0 0 0 0 0 0 0 0 0 0 0 0 0 0 0 0 0 0 0 0 0 0 0 0 4194304 0 6 7 0 0 
line 6add$fp, $zero, $sp
0 0 24 0 256 0 0 0 0 0 0 0 0 0 0 0 0 0 0 0 0 0 0 0 0 0 0 0 0 4194304 4194304 6 8 0 0 
line 7li$8, 4
0 0 24 0 256 0 0 0 4 0 0 0 0 0 0 0 0 0 0 0 0 0 0 0 0 0 0 0 0 4194304 4194304 6 9 0 0 
line 8add$9, $8, 1
0 0 24 0 256 0 0 0 4 5 0 0 0 0 0 0 0 0 0 0 0 0 0 0 0 0 0 0 0 4194304 4194304 6 10 0 0 
line 9mul$10, $9, 4
0 0 24 0 256 0 0 0 4 5 20 0 0 0 0 0 0 0 0 0 0 0 0 0 0 0 0 0 0 4194304 4194304 6 11 0 0 
line 10li$v0, 9
0 0 9 0 256 0 0 0 4 5 20 0 0 0 0 0 0 0 0 0 0 0 0 0 0 0 0 0 0 4194304 4194304 6 12 0 0 
line 11move$a0, $10
0 0 9 0 20 0 0 0 4 5 20 0 0 0 0 0 0 0 0 0 0 0 0 0 0 0 0 0 0 4194304 4194304 6 13 0 0 
line 12syscall
0 0 280 0 20 0 0 0 4 5 20 0 0 0 0 0 0 0 0 0 0 0 0 0 0 0 0 0 0 4194304 4194304 6 14 0 0 
line 13sw$v0, -12($fp)
0 0 280 0 20 0 0 0 4 5 20 0 0 0 0 0 0 0 0 0 0 0 0 0 0 0 0 0 0 4194304 4194304 6 15 0 0 
line 14li$8, 4
0 0 280 0 20 0 0 0 4 5 20 0 0 0 0 0 0 0 0 0 0 0 0 0 0 0 0 0 0 4194304 4194304 6 16 0 0 
line 15lw$9, -12($fp)
0 0 280 0 20 0 0 0 4 280 20 0 0 0 0 0 0 0 0 0 0 0 0 0 0 0 0 0 0 4194304 4194304 6 17 0 0 
line 16sw$8, 0($9)
0 0 280 0 20 0 0 0 4 280 20 0 0 0 0 0 0 0 0 0 0 0 0 0 0 0 0 0 0 4194304 4194304 6 18 0 0 
line 17add$10, $9, 4
0 0 280 0 20 0 0 0 4 280 284 0 0 0 0 0 0 0 0 0 0 0 0 0 0 0 0 0 0 4194304 4194304 6 19 0 0 
line 18_static_1 sw$10, _static_1
0 0 280 0 20 0 0 0 4 280 284 0 0 0 0 0 0 0 0 0 0 0 0 0 0 0 0 0 0 4194304 4194304 6 20 0 0 
line 19_func_main jal_func_main
0 0 280 0 20 0 0 0 4 280 284 0 0 0 0 0 0 0 0 0 0 0 0 0 0 0 0 0 0 4194304 4194304 20 270 0 0 
line 20sw$fp, -256($sp)
0 0 280 0 20 0 0 0 4 280 284 0 0 0 0 0 0 0 0 0 0 0 0 0 0 0 0 0 0 4194304 4194304 20 271 0 0 
line 21add$fp, $sp, -4
0 0 280 0 20 0 0 0 4 280 284 0 0 0 0 0 0 0 0 0 0 0 0 0 0 0 0 0 0 4194304 4194300 20 272 0 0 
line 22add$sp, $fp, -260
0 0 280 0 20 0 0 0 4 280 284 0 0 0 0 0 0 0 0 0 0 0 0 0 0 0 0 0 0 4194040 4194300 20 273 0 0 
line 23sw$ra, 0($sp)
0 0 280 0 20 0 0 0 4 280 284 0 0 0 0 0 0 0 0 0 0 0 0 0 0 0 0 0 0 4194040 4194300 20 274 0 0 
line 24_static_1 lw$8, _static_1
0 0 280 0 20 0 0 0 284 280 284 0 0 0 0 0 0 0 0 0 0 0 0 0 0 0 0 0 0 4194040 4194300 20 275 0 0 
line 25sub$9, $8, 4
0 0 280 0 20 0 0 0 284 280 284 0 0 0 0 0 0 0 0 0 0 0 0 0 0 0 0 0 0 4194040 4194300 20 276 0 0 
line 26lw$10, 0($9)
0 0 280 0 20 0 0 0 284 280 4 0 0 0 0 0 0 0 0 0 0 0 0 0 0 0 0 0 0 4194040 4194300 20 277 0 0 
line 27add$11, $10, 1
0 0 280 0 20 0 0 0 284 280 4 5 0 0 0 0 0 0 0 0 0 0 0 0 0 0 0 0 0 4194040 4194300 20 278 0 0 
line 28mul$12, $11, 4
0 0 280 0 20 0 0 0 284 280 4 5 20 0 0 0 0 0 0 0 0 0 0 0 0 0 0 0 0 4194040 4194300 20 279 0 0 
line 29li$v0, 9
0 0 9 0 20 0 0 0 284 280 4 5 20 0 0 0 0 0 0 0 0 0 0 0 0 0 0 0 0 4194040 4194300 20 280 0 0 
line 30move$a0, $12
0 0 9 0 20 0 0 0 284 280 4 5 20 0 0 0 0 0 0 0 0 0 0 0 0 0 0 0 0 4194040 4194300 20 281 0 0 
line 31sw$10, -12($fp)
0 0 9 0 20 0 0 0 284 280 4 5 20 0 0 0 0 0 0 0 0 0 0 0 0 0 0 0 0 4194040 4194300 20 282 0 0 
line 32syscall
0 0 300 0 20 0 0 0 284 280 4 5 20 0 0 0 0 0 0 0 0 0 0 0 0 0 0 0 0 4194040 4194300 20 283 0 0 
line 33sw$v0, -24($fp)
0 0 300 0 20 0 0 0 284 280 4 5 20 0 0 0 0 0 0 0 0 0 0 0 0 0 0 0 0 4194040 4194300 20 284 0 0 
line 34lw$8, -12($fp)
0 0 300 0 20 0 0 0 4 280 4 5 20 0 0 0 0 0 0 0 0 0 0 0 0 0 0 0 0 4194040 4194300 20 285 0 0 
line 35lw$9, -24($fp)
0 0 300 0 20 0 0 0 4 300 4 5 20 0 0 0 0 0 0 0 0 0 0 0 0 0 0 0 0 4194040 4194300 20 286 0 0 
line 36sw$8, 0($9)
0 0 300 0 20 0 0 0 4 300 4 5 20 0 0 0 0 0 0 0 0 0 0 0 0 0 0 0 0 4194040 4194300 20 287 0 0 
line 37add$10, $9, 4
0 0 300 0 20 0 0 0 4 300 304 5 20 0 0 0 0 0 0 0 0 0 0 0 0 0 0 0 0 4194040 4194300 20 288 0 0 
line 38li$11, 0
0 0 300 0 20 0 0 0 4 300 304 0 20 0 0 0 0 0 0 0 0 0 0 0 0 0 0 0 0 4194040 4194300 20 289 0 0 
line 39sw$10, 0($fp)
0 0 300 0 20 0 0 0 4 300 304 0 20 0 0 0 0 0 0 0 0 0 0 0 0 0 0 0 0 4194040 4194300 20 290 0 0 
line 40sw$11, -4($fp)
0 0 300 0 20 0 0 0 4 300 304 0 20 0 0 0 0 0 0 0 0 0 0 0 0 0 0 0 0 4194040 4194300 20 291 0 0 
line 41_static_1 lw$8, _static_1
0 0 300 0 20 0 0 0 284 300 304 0 20 0 0 0 0 0 0 0 0 0 0 0 0 0 0 0 0 4194040 4194300 20 292 0 0 
line 42sub$9, $8, 4
0 0 300 0 20 0 0 0 284 280 304 0 20 0 0 0 0 0 0 0 0 0 0 0 0 0 0 0 0 4194040 4194300 20 293 0 0 
line 43lw$10, 0($9)
0 0 300 0 20 0 0 0 284 280 4 0 20 0 0 0 0 0 0 0 0 0 0 0 0 0 0 0 0 4194040 4194300 20 294 0 0 
line 44lw$11, -4($fp)
0 0 300 0 20 0 0 0 284 280 4 0 20 0 0 0 0 0 0 0 0 0 0 0 0 0 0 0 0 4194040 4194300 20 295 0 0 
line 45_end_loop_4 bge$11, $10, _end_loop_4
0 0 300 0 20 0 0 0 284 280 4 0 20 0 0 0 0 0 0 0 0 0 0 0 0 0 0 0 0 4194040 4194300 20 296 0 0 
line 46lw$8, -4($fp)
0 0 300 0 20 0 0 0 0 280 4 0 20 0 0 0 0 0 0 0 0 0 0 0 0 0 0 0 0 4194040 4194300 20 297 0 0 
line 47mul$9, $8, 4
0 0 300 0 20 0 0 0 0 0 4 0 20 0 0 0 0 0 0 0 0 0 0 0 0 0 0 0 0 4194040 4194300 20 298 0 0 
line 48_static_1 lw$10, _static_1
0 0 300 0 20 0 0 0 0 0 284 0 20 0 0 0 0 0 0 0 0 0 0 0 0 0 0 0 0 4194040 4194300 20 299 0 0 
line 49add$11, $10, $9
0 0 300 0 20 0 0 0 0 0 284 284 20 0 0 0 0 0 0 0 0 0 0 0 0 0 0 0 0 4194040 4194300 20 300 0 0 
line 50sw$zero, 0($11)
0 0 300 0 20 0 0 0 0 0 284 284 20 0 0 0 0 0 0 0 0 0 0 0 0 0 0 0 0 4194040 4194300 20 301 0 0 
line 51li$v0, 5
0 0 5 0 20 0 0 0 0 0 284 284 20 0 0 0 0 0 0 0 0 0 0 0 0 0 0 0 0 4194040 4194300 20 302 0 0 
line 52syscall
0 0 1 0 20 0 0 0 0 0 284 284 20 0 0 0 0 0 0 0 0 0 0 0 0 0 0 0 0 4194040 4194300 20 303 0 0 
line 53sw$v0, -60($fp)
0 0 1 0 20 0 0 0 0 0 284 284 20 0 0 0 0 0 0 0 0 0 0 0 0 0 0 0 0 4194040 4194300 20 304 0 0 
line 54lw$8, -4($fp)
0 0 1 0 20 0 0 0 0 0 284 284 20 0 0 0 0 0 0 0 0 0 0 0 0 0 0 0 0 4194040 4194300 20 305 0 0 
line 55mul$9, $8, 4
0 0 1 0 20 0 0 0 0 0 284 284 20 0 0 0 0 0 0 0 0 0 0 0 0 0 0 0 0 4194040 4194300 20 306 0 0 
line 56lw$10, 0($fp)
0 0 1 0 20 0 0 0 0 0 304 284 20 0 0 0 0 0 0 0 0 0 0 0 0 0 0 0 0 4194040 4194300 20 307 0 0 
line 57add$11, $10, $9
0 0 1 0 20 0 0 0 0 0 304 304 20 0 0 0 0 0 0 0 0 0 0 0 0 0 0 0 0 4194040 4194300 20 308 0 0 
line 58lw$12, -60($fp)
0 0 1 0 20 0 0 0 0 0 304 304 1 0 0 0 0 0 0 0 0 0 0 0 0 0 0 0 0 4194040 4194300 20 309 0 0 
line 59sw$12, 0($11)
0 0 1 0 20 0 0 0 0 0 304 304 1 0 0 0 0 0 0 0 0 0 0 0 0 0 0 0 0 4194040 4194300 20 310 0 0 
line 60lw$8, -4($fp)
0 0 1 0 20 0 0 0 0 0 304 304 1 0 0 0 0 0 0 0 0 0 0 0 0 0 0 0 0 4194040 4194300 20 311 0 0 
line 61add$8, $8, 1
0 0 1 0 20 0 0 0 1 0 304 304 1 0 0 0 0 0 0 0 0 0 0 0 0 0 0 0 0 4194040 4194300 20 312 0 0 
line 62move$8, $8
0 0 1 0 20 0 0 0 1 0 304 304 1 0 0 0 0 0 0 0 0 0 0 0 0 0 0 0 0 4194040 4194300 20 313 0 0 
line 63sw$8, -4($fp)
0 0 1 0 20 0 0 0 1 0 304 304 1 0 0 0 0 0 0 0 0 0 0 0 0 0 0 0 0 4194040 4194300 20 314 0 0 
line 64_begin_loop_4 b_begin_loop_4
0 0 1 0 20 0 0 0 1 0 304 304 1 0 0 0 0 0 0 0 0 0 0 0 0 0 0 0 0 4194040 4194300 20 291 0 0 
line 65_static_1 lw$8, _static_1
0 0 1 0 20 0 0 0 284 0 304 304 1 0 0 0 0 0 0 0 0 0 0 0 0 0 0 0 0 4194040 4194300 20 292 0 0 
line 66sub$9, $8, 4
0 0 1 0 20 0 0 0 284 280 304 304 1 0 0 0 0 0 0 0 0 0 0 0 0 0 0 0 0 4194040 4194300 20 293 0 0 
line 67lw$10, 0($9)
0 0 1 0 20 0 0 0 284 280 4 304 1 0 0 0 0 0 0 0 0 0 0 0 0 0 0 0 0 4194040 4194300 20 294 0 0 
line 68lw$11, -4($fp)
0 0 1 0 20 0 0 0 284 280 4 1 1 0 0 0 0 0 0 0 0 0 0 0 0 0 0 0 0 4194040 4194300 20 295 0 0 
line 69_end_loop_4 bge$11, $10, _end_loop_4
0 0 1 0 20 0 0 0 284 280 4 1 1 0 0 0 0 0 0 0 0 0 0 0 0 0 0 0 0 4194040 4194300 20 296 0 0 
line 70lw$8, -4($fp)
0 0 1 0 20 0 0 0 1 280 4 1 1 0 0 0 0 0 0 0 0 0 0 0 0 0 0 0 0 4194040 4194300 20 297 0 0 
line 71mul$9, $8, 4
0 0 1 0 20 0 0 0 1 4 4 1 1 0 0 0 0 0 0 0 0 0 0 0 0 0 0 0 0 4194040 4194300 20 298 0 0 
line 72_static_1 lw$10, _static_1
0 0 1 0 20 0 0 0 1 4 284 1 1 0 0 0 0 0 0 0 0 0 0 0 0 0 0 0 0 4194040 4194300 20 299 0 0 
line 73add$11, $10, $9
0 0 1 0 20 0 0 0 1 4 284 288 1 0 0 0 0 0 0 0 0 0 0 0 0 0 0 0 0 4194040 4194300 20 300 0 0 
line 74sw$zero, 0($11)
0 0 1 0 20 0 0 0 1 4 284 288 1 0 0 0 0 0 0 0 0 0 0 0 0 0 0 0 0 4194040 4194300 20 301 0 0 
line 75li$v0, 5
0 0 5 0 20 0 0 0 1 4 284 288 1 0 0 0 0 0 0 0 0 0 0 0 0 0 0 0 0 4194040 4194300 20 302 0 0 
line 76syscall
0 0 2 0 20 0 0 0 1 4 284 288 1 0 0 0 0 0 0 0 0 0 0 0 0 0 0 0 0 4194040 4194300 20 303 0 0 
line 77sw$v0, -60($fp)
0 0 2 0 20 0 0 0 1 4 284 288 1 0 0 0 0 0 0 0 0 0 0 0 0 0 0 0 0 4194040 4194300 20 304 0 0 
line 78lw$8, -4($fp)
0 0 2 0 20 0 0 0 1 4 284 288 1 0 0 0 0 0 0 0 0 0 0 0 0 0 0 0 0 4194040 4194300 20 305 0 0 
line 79mul$9, $8, 4
0 0 2 0 20 0 0 0 1 4 284 288 1 0 0 0 0 0 0 0 0 0 0 0 0 0 0 0 0 4194040 4194300 20 306 0 0 
line 80lw$10, 0($fp)
0 0 2 0 20 0 0 0 1 4 304 288 1 0 0 0 0 0 0 0 0 0 0 0 0 0 0 0 0 4194040 4194300 20 307 0 0 
line 81add$11, $10, $9
0 0 2 0 20 0 0 0 1 4 304 308 1 0 0 0 0 0 0 0 0 0 0 0 0 0 0 0 0 4194040 4194300 20 308 0 0 
line 82lw$12, -60($fp)
0 0 2 0 20 0 0 0 1 4 304 308 2 0 0 0 0 0 0 0 0 0 0 0 0 0 0 0 0 4194040 4194300 20 309 0 0 
line 83sw$12, 0($11)
0 0 2 0 20 0 0 0 1 4 304 308 2 0 0 0 0 0 0 0 0 0 0 0 0 0 0 0 0 4194040 4194300 20 310 0 0 
line 84lw$8, -4($fp)
0 0 2 0 20 0 0 0 1 4 304 308 2 0 0 0 0 0 0 0 0 0 0 0 0 0 0 0 0 4194040 4194300 20 311 0 0 
line 85add$8, $8, 1
0 0 2 0 20 0 0 0 2 4 304 308 2 0 0 0 0 0 0 0 0 0 0 0 0 0 0 0 0 4194040 4194300 20 312 0 0 
line 86move$8, $8
0 0 2 0 20 0 0 0 2 4 304 308 2 0 0 0 0 0 0 0 0 0 0 0 0 0 0 0 0 4194040 4194300 20 313 0 0 
line 87sw$8, -4($fp)
0 0 2 0 20 0 0 0 2 4 304 308 2 0 0 0 0 0 0 0 0 0 0 0 0 0 0 0 0 4194040 4194300 20 314 0 0 
line 88_begin_loop_4 b_begin_loop_4
0 0 2 0 20 0 0 0 2 4 304 308 2 0 0 0 0 0 0 0 0 0 0 0 0 0 0 0 0 4194040 4194300 20 291 0 0 
line 89_static_1 lw$8, _static_1
0 0 2 0 20 0 0 0 284 4 304 308 2 0 0 0 0 0 0 0 0 0 0 0 0 0 0 0 0 4194040 4194300 20 292 0 0 
line 90sub$9, $8, 4
0 0 2 0 20 0 0 0 284 280 304 308 2 0 0 0 0 0 0 0 0 0 0 0 0 0 0 0 0 4194040 4194300 20 293 0 0 
line 91lw$10, 0($9)
0 0 2 0 20 0 0 0 284 280 4 308 2 0 0 0 0 0 0 0 0 0 0 0 0 0 0 0 0 4194040 4194300 20 294 0 0 
line 92lw$11, -4($fp)
0 0 2 0 20 0 0 0 284 280 4 2 2 0 0 0 0 0 0 0 0 0 0 0 0 0 0 0 0 4194040 4194300 20 295 0 0 
line 93_end_loop_4 bge$11, $10, _end_loop_4
0 0 2 0 20 0 0 0 284 280 4 2 2 0 0 0 0 0 0 0 0 0 0 0 0 0 0 0 0 4194040 4194300 20 296 0 0 
line 94lw$8, -4($fp)
0 0 2 0 20 0 0 0 2 280 4 2 2 0 0 0 0 0 0 0 0 0 0 0 0 0 0 0 0 4194040 4194300 20 297 0 0 
line 95mul$9, $8, 4
0 0 2 0 20 0 0 0 2 8 4 2 2 0 0 0 0 0 0 0 0 0 0 0 0 0 0 0 0 4194040 4194300 20 298 0 0 
line 96_static_1 lw$10, _static_1
0 0 2 0 20 0 0 0 2 8 284 2 2 0 0 0 0 0 0 0 0 0 0 0 0 0 0 0 0 4194040 4194300 20 299 0 0 
line 97add$11, $10, $9
0 0 2 0 20 0 0 0 2 8 284 292 2 0 0 0 0 0 0 0 0 0 0 0 0 0 0 0 0 4194040 4194300 20 300 0 0 
line 98sw$zero, 0($11)
0 0 2 0 20 0 0 0 2 8 284 292 2 0 0 0 0 0 0 0 0 0 0 0 0 0 0 0 0 4194040 4194300 20 301 0 0 
line 99li$v0, 5
0 0 5 0 20 0 0 0 2 8 284 292 2 0 0 0 0 0 0 0 0 0 0 0 0 0 0 0 0 4194040 4194300 20 302 0 0 
line 100syscall
0 0 3 0 20 0 0 0 2 8 284 292 2 0 0 0 0 0 0 0 0 0 0 0 0 0 0 0 0 4194040 4194300 20 303 0 0 
line 101sw$v0, -60($fp)
0 0 3 0 20 0 0 0 2 8 284 292 2 0 0 0 0 0 0 0 0 0 0 0 0 0 0 0 0 4194040 4194300 20 304 0 0 
line 102lw$8, -4($fp)
0 0 3 0 20 0 0 0 2 8 284 292 2 0 0 0 0 0 0 0 0 0 0 0 0 0 0 0 0 4194040 4194300 20 305 0 0 
line 103mul$9, $8, 4
0 0 3 0 20 0 0 0 2 8 284 292 2 0 0 0 0 0 0 0 0 0 0 0 0 0 0 0 0 4194040 4194300 20 306 0 0 
line 104lw$10, 0($fp)
0 0 3 0 20 0 0 0 2 8 304 292 2 0 0 0 0 0 0 0 0 0 0 0 0 0 0 0 0 4194040 4194300 20 307 0 0 
line 105add$11, $10, $9
0 0 3 0 20 0 0 0 2 8 304 312 2 0 0 0 0 0 0 0 0 0 0 0 0 0 0 0 0 4194040 4194300 20 308 0 0 
line 106lw$12, -60($fp)
0 0 3 0 20 0 0 0 2 8 304 312 3 0 0 0 0 0 0 0 0 0 0 0 0 0 0 0 0 4194040 4194300 20 309 0 0 
line 107sw$12, 0($11)
0 0 3 0 20 0 0 0 2 8 304 312 3 0 0 0 0 0 0 0 0 0 0 0 0 0 0 0 0 4194040 4194300 20 310 0 0 
line 108lw$8, -4($fp)
0 0 3 0 20 0 0 0 2 8 304 312 3 0 0 0 0 0 0 0 0 0 0 0 0 0 0 0 0 4194040 4194300 20 311 0 0 
line 109add$8, $8, 1
0 0 3 0 20 0 0 0 3 8 304 312 3 0 0 0 0 0 0 0 0 0 0 0 0 0 0 0 0 4194040 4194300 20 312 0 0 
line 110move$8, $8
0 0 3 0 20 0 0 0 3 8 304 312 3 0 0 0 0 0 0 0 0 0 0 0 0 0 0 0 0 4194040 4194300 20 313 0 0 
line 111sw$8, -4($fp)
0 0 3 0 20 0 0 0 3 8 304 312 3 0 0 0 0 0 0 0 0 0 0 0 0 0 0 0 0 4194040 4194300 20 314 0 0 
line 112_begin_loop_4 b_begin_loop_4
0 0 3 0 20 0 0 0 3 8 304 312 3 0 0 0 0 0 0 0 0 0 0 0 0 0 0 0 0 4194040 4194300 20 291 0 0 
line 113_static_1 lw$8, _static_1
0 0 3 0 20 0 0 0 284 8 304 312 3 0 0 0 0 0 0 0 0 0 0 0 0 0 0 0 0 4194040 4194300 20 292 0 0 
line 114sub$9, $8, 4
0 0 3 0 20 0 0 0 284 280 304 312 3 0 0 0 0 0 0 0 0 0 0 0 0 0 0 0 0 4194040 4194300 20 293 0 0 
line 115lw$10, 0($9)
0 0 3 0 20 0 0 0 284 280 4 312 3 0 0 0 0 0 0 0 0 0 0 0 0 0 0 0 0 4194040 4194300 20 294 0 0 
line 116lw$11, -4($fp)
0 0 3 0 20 0 0 0 284 280 4 3 3 0 0 0 0 0 0 0 0 0 0 0 0 0 0 0 0 4194040 4194300 20 295 0 0 
line 117_end_loop_4 bge$11, $10, _end_loop_4
0 0 3 0 20 0 0 0 284 280 4 3 3 0 0 0 0 0 0 0 0 0 0 0 0 0 0 0 0 4194040 4194300 20 296 0 0 
line 118lw$8, -4($fp)
0 0 3 0 20 0 0 0 3 280 4 3 3 0 0 0 0 0 0 0 0 0 0 0 0 0 0 0 0 4194040 4194300 20 297 0 0 
line 119mul$9, $8, 4
0 0 3 0 20 0 0 0 3 12 4 3 3 0 0 0 0 0 0 0 0 0 0 0 0 0 0 0 0 4194040 4194300 20 298 0 0 
line 120_static_1 lw$10, _static_1
0 0 3 0 20 0 0 0 3 12 284 3 3 0 0 0 0 0 0 0 0 0 0 0 0 0 0 0 0 4194040 4194300 20 299 0 0 
line 121add$11, $10, $9
0 0 3 0 20 0 0 0 3 12 284 296 3 0 0 0 0 0 0 0 0 0 0 0 0 0 0 0 0 4194040 4194300 20 300 0 0 
line 122sw$zero, 0($11)
0 0 3 0 20 0 0 0 3 12 284 296 3 0 0 0 0 0 0 0 0 0 0 0 0 0 0 0 0 4194040 4194300 20 301 0 0 
line 123li$v0, 5
0 0 5 0 20 0 0 0 3 12 284 296 3 0 0 0 0 0 0 0 0 0 0 0 0 0 0 0 0 4194040 4194300 20 302 0 0 
line 124syscall
0 0 4 0 20 0 0 0 3 12 284 296 3 0 0 0 0 0 0 0 0 0 0 0 0 0 0 0 0 4194040 4194300 20 303 0 0 
line 125sw$v0, -60($fp)
0 0 4 0 20 0 0 0 3 12 284 296 3 0 0 0 0 0 0 0 0 0 0 0 0 0 0 0 0 4194040 4194300 20 304 0 0 
line 126lw$8, -4($fp)
0 0 4 0 20 0 0 0 3 12 284 296 3 0 0 0 0 0 0 0 0 0 0 0 0 0 0 0 0 4194040 4194300 20 305 0 0 
line 127mul$9, $8, 4
0 0 4 0 20 0 0 0 3 12 284 296 3 0 0 0 0 0 0 0 0 0 0 0 0 0 0 0 0 4194040 4194300 20 306 0 0 
line 128lw$10, 0($fp)
0 0 4 0 20 0 0 0 3 12 304 296 3 0 0 0 0 0 0 0 0 0 0 0 0 0 0 0 0 4194040 4194300 20 307 0 0 
line 129add$11, $10, $9
0 0 4 0 20 0 0 0 3 12 304 316 3 0 0 0 0 0 0 0 0 0 0 0 0 0 0 0 0 4194040 4194300 20 308 0 0 
line 130lw$12, -60($fp)
0 0 4 0 20 0 0 0 3 12 304 316 4 0 0 0 0 0 0 0 0 0 0 0 0 0 0 0 0 4194040 4194300 20 309 0 0 
line 131sw$12, 0($11)
0 0 4 0 20 0 0 0 3 12 304 316 4 0 0 0 0 0 0 0 0 0 0 0 0 0 0 0 0 4194040 4194300 20 310 0 0 
line 132lw$8, -4($fp)
0 0 4 0 20 0 0 0 3 12 304 316 4 0 0 0 0 0 0 0 0 0 0 0 0 0 0 0 0 4194040 4194300 20 311 0 0 
line 133add$8, $8, 1
0 0 4 0 20 0 0 0 4 12 304 316 4 0 0 0 0 0 0 0 0 0 0 0 0 0 0 0 0 4194040 4194300 20 312 0 0 
line 134move$8, $8
0 0 4 0 20 0 0 0 4 12 304 316 4 0 0 0 0 0 0 0 0 0 0 0 0 0 0 0 0 4194040 4194300 20 313 0 0 
line 135sw$8, -4($fp)
0 0 4 0 20 0 0 0 4 12 304 316 4 0 0 0 0 0 0 0 0 0 0 0 0 0 0 0 0 4194040 4194300 20 314 0 0 
line 136_begin_loop_4 b_begin_loop_4
0 0 4 0 20 0 0 0 4 12 304 316 4 0 0 0 0 0 0 0 0 0 0 0 0 0 0 0 0 4194040 4194300 20 291 0 0 
line 137_static_1 lw$8, _static_1
0 0 4 0 20 0 0 0 284 12 304 316 4 0 0 0 0 0 0 0 0 0 0 0 0 0 0 0 0 4194040 4194300 20 292 0 0 
line 138sub$9, $8, 4
0 0 4 0 20 0 0 0 284 280 304 316 4 0 0 0 0 0 0 0 0 0 0 0 0 0 0 0 0 4194040 4194300 20 293 0 0 
line 139lw$10, 0($9)
0 0 4 0 20 0 0 0 284 280 4 316 4 0 0 0 0 0 0 0 0 0 0 0 0 0 0 0 0 4194040 4194300 20 294 0 0 
line 140lw$11, -4($fp)
0 0 4 0 20 0 0 0 284 280 4 4 4 0 0 0 0 0 0 0 0 0 0 0 0 0 0 0 0 4194040 4194300 20 295 0 0 
line 141_end_loop_4 bge$11, $10, _end_loop_4
0 0 4 0 20 0 0 0 284 280 4 4 4 0 0 0 0 0 0 0 0 0 0 0 0 0 0 0 0 4194040 4194300 20 315 0 0 
line 142li$8, 0
0 0 4 0 20 0 0 0 0 280 4 4 4 0 0 0 0 0 0 0 0 0 0 0 0 0 0 0 0 4194040 4194300 20 316 0 0 
line 143sw$8, -4($fp)
0 0 4 0 20 0 0 0 0 280 4 4 4 0 0 0 0 0 0 0 0 0 0 0 0 0 0 0 0 4194040 4194300 20 317 0 0 
line 144_static_1 lw$8, _static_1
0 0 4 0 20 0 0 0 284 280 4 4 4 0 0 0 0 0 0 0 0 0 0 0 0 0 0 0 0 4194040 4194300 20 318 0 0 
line 145sub$9, $8, 4
0 0 4 0 20 0 0 0 284 280 4 4 4 0 0 0 0 0 0 0 0 0 0 0 0 0 0 0 0 4194040 4194300 20 319 0 0 
line 146lw$10, 0($9)
0 0 4 0 20 0 0 0 284 280 4 4 4 0 0 0 0 0 0 0 0 0 0 0 0 0 0 0 0 4194040 4194300 20 320 0 0 
line 147lw$11, -4($fp)
0 0 4 0 20 0 0 0 284 280 4 0 4 0 0 0 0 0 0 0 0 0 0 0 0 0 0 0 0 4194040 4194300 20 321 0 0 
line 148_end_loop_5 bge$11, $10, _end_loop_5
0 0 4 0 20 0 0 0 284 280 4 0 4 0 0 0 0 0 0 0 0 0 0 0 0 0 0 0 0 4194040 4194300 20 322 0 0 
line 149lw$8, -4($fp)
0 0 4 0 20 0 0 0 0 280 4 0 4 0 0 0 0 0 0 0 0 0 0 0 0 0 0 0 0 4194040 4194300 20 323 0 0 
line 150mul$9, $8, 4
0 0 4 0 20 0 0 0 0 0 4 0 4 0 0 0 0 0 0 0 0 0 0 0 0 0 0 0 0 4194040 4194300 20 324 0 0 
line 151_static_1 lw$10, _static_1
0 0 4 0 20 0 0 0 0 0 284 0 4 0 0 0 0 0 0 0 0 0 0 0 0 0 0 0 0 4194040 4194300 20 325 0 0 
line 152add$11, $10, $9
0 0 4 0 20 0 0 0 0 0 284 284 4 0 0 0 0 0 0 0 0 0 0 0 0 0 0 0 0 4194040 4194300 20 326 0 0 
line 153lw$12, 0($11)
0 0 4 0 20 0 0 0 0 0 284 284 0 0 0 0 0 0 0 0 0 0 0 0 0 0 0 0 0 4194040 4194300 20 327 0 0 
line 154sw$12, -4($sp)
0 0 4 0 20 0 0 0 0 0 284 284 0 0 0 0 0 0 0 0 0 0 0 0 0 0 0 0 0 4194040 4194300 20 328 0 0 
line 155_func_____built_in_toString jal_func_____built_in_toString
0 0 4 0 20 0 0 0 0 0 284 284 0 0 0 0 0 0 0 0 0 0 0 0 0 0 0 0 0 4194040 4194300 328 483 0 0 
line 156lw$a0, -4($sp)
0 0 4 0 0 0 0 0 0 0 284 284 0 0 0 0 0 0 0 0 0 0 0 0 0 0 0 0 0 4194040 4194300 328 484 0 0 
line 157li$t0, 0
0 0 4 0 0 0 0 0 0 0 284 284 0 0 0 0 0 0 0 0 0 0 0 0 0 0 0 0 0 4194040 4194300 328 485 0 0 
line 158_skip_set_less_than_zero bgez$a0, _skip_set_less_than_zero
0 0 4 0 0 0 0 0 0 0 284 284 0 0 0 0 0 0 0 0 0 0 0 0 0 0 0 0 0 4194040 4194300 328 488 0 0 
line 159_set_zero beqz$a0, _set_zero
0 0 4 0 0 0 0 0 0 0 284 284 0 0 0 0 0 0 0 0 0 0 0 0 0 0 0 0 0 4194040 4194300 328 523 0 0 
line 160li$a0, 6
0 0 4 0 6 0 0 0 0 0 284 284 0 0 0 0 0 0 0 0 0 0 0 0 0 0 0 0 0 4194040 4194300 328 524 0 0 
line 161li$v0, 9
0 0 9 0 6 0 0 0 0 0 284 284 0 0 0 0 0 0 0 0 0 0 0 0 0 0 0 0 0 4194040 4194300 328 525 0 0 
line 162syscall
0 0 320 0 6 0 0 0 0 0 284 284 0 0 0 0 0 0 0 0 0 0 0 0 0 0 0 0 0 4194040 4194300 328 526 0 0 
line 163li$a0, 1
0 0 320 0 1 0 0 0 0 0 284 284 0 0 0 0 0 0 0 0 0 0 0 0 0 0 0 0 0 4194040 4194300 328 527 0 0 
line 164sw$a0, 0($v0)
0 0 320 0 1 0 0 0 0 0 284 284 0 0 0 0 0 0 0 0 0 0 0 0 0 0 0 0 0 4194040 4194300 328 528 0 0 
line 165add$v0, $v0, 4
0 0 324 0 1 0 0 0 0 0 284 284 0 0 0 0 0 0 0 0 0 0 0 0 0 0 0 0 0 4194040 4194300 328 529 0 0 
line 166li$a0, 48
0 0 324 0 48 0 0 0 0 0 284 284 0 0 0 0 0 0 0 0 0 0 0 0 0 0 0 0 0 4194040 4194300 328 530 0 0 
line 167sb$a0, 0($v0)
0 0 324 0 48 0 0 0 0 0 284 284 0 0 0 0 0 0 0 0 0 0 0 0 0 0 0 0 0 4194040 4194300 328 531 0 0 
line 168jr$ra
0 0 324 0 48 0 0 0 0 0 284 284 0 0 0 0 0 0 0 0 0 0 0 0 0 0 0 0 0 4194040 4194300 328 329 0 0 
line 169sw$v0, -92($fp)
0 0 324 0 48 0 0 0 0 0 284 284 0 0 0 0 0 0 0 0 0 0 0 0 0 0 0 0 0 4194040 4194300 328 330 0 0 
line 170lw$8, -92($fp)
0 0 324 0 48 0 0 0 324 0 284 284 0 0 0 0 0 0 0 0 0 0 0 0 0 0 0 0 0 4194040 4194300 328 331 0 0 
line 171li$v0, 4
0 0 4 0 48 0 0 0 324 0 284 284 0 0 0 0 0 0 0 0 0 0 0 0 0 0 0 0 0 4194040 4194300 328 332 0 0 
line 172move$a0, $8
0 0 4 0 324 0 0 0 324 0 284 284 0 0 0 0 0 0 0 0 0 0 0 0 0 0 0 0 0 4194040 4194300 328 333 0 0 
0line 173syscall
0 0 4 0 324 0 0 0 324 0 284 284 0 0 0 0 0 0 0 0 0 0 0 0 0 0 0 0 0 4194040 4194300 328 334 0 0 
line 174lw$8, -4($fp)
0 0 4 0 324 0 0 0 0 0 284 284 0 0 0 0 0 0 0 0 0 0 0 0 0 0 0 0 0 4194040 4194300 328 335 0 0 
line 175add$8, $8, 1
0 0 4 0 324 0 0 0 1 0 284 284 0 0 0 0 0 0 0 0 0 0 0 0 0 0 0 0 0 4194040 4194300 328 336 0 0 
line 176move$8, $8
0 0 4 0 324 0 0 0 1 0 284 284 0 0 0 0 0 0 0 0 0 0 0 0 0 0 0 0 0 4194040 4194300 328 337 0 0 
line 177sw$8, -4($fp)
0 0 4 0 324 0 0 0 1 0 284 284 0 0 0 0 0 0 0 0 0 0 0 0 0 0 0 0 0 4194040 4194300 328 338 0 0 
line 178_begin_loop_5 b_begin_loop_5
0 0 4 0 324 0 0 0 1 0 284 284 0 0 0 0 0 0 0 0 0 0 0 0 0 0 0 0 0 4194040 4194300 328 317 0 0 
line 179_static_1 lw$8, _static_1
0 0 4 0 324 0 0 0 284 0 284 284 0 0 0 0 0 0 0 0 0 0 0 0 0 0 0 0 0 4194040 4194300 328 318 0 0 
line 180sub$9, $8, 4
0 0 4 0 324 0 0 0 284 280 284 284 0 0 0 0 0 0 0 0 0 0 0 0 0 0 0 0 0 4194040 4194300 328 319 0 0 
line 181lw$10, 0($9)
0 0 4 0 324 0 0 0 284 280 4 284 0 0 0 0 0 0 0 0 0 0 0 0 0 0 0 0 0 4194040 4194300 328 320 0 0 
line 182lw$11, -4($fp)
0 0 4 0 324 0 0 0 284 280 4 1 0 0 0 0 0 0 0 0 0 0 0 0 0 0 0 0 0 4194040 4194300 328 321 0 0 
line 183_end_loop_5 bge$11, $10, _end_loop_5
0 0 4 0 324 0 0 0 284 280 4 1 0 0 0 0 0 0 0 0 0 0 0 0 0 0 0 0 0 4194040 4194300 328 322 0 0 
line 184lw$8, -4($fp)
0 0 4 0 324 0 0 0 1 280 4 1 0 0 0 0 0 0 0 0 0 0 0 0 0 0 0 0 0 4194040 4194300 328 323 0 0 
line 185mul$9, $8, 4
0 0 4 0 324 0 0 0 1 4 4 1 0 0 0 0 0 0 0 0 0 0 0 0 0 0 0 0 0 4194040 4194300 328 324 0 0 
line 186_static_1 lw$10, _static_1
0 0 4 0 324 0 0 0 1 4 284 1 0 0 0 0 0 0 0 0 0 0 0 0 0 0 0 0 0 4194040 4194300 328 325 0 0 
line 187add$11, $10, $9
0 0 4 0 324 0 0 0 1 4 284 288 0 0 0 0 0 0 0 0 0 0 0 0 0 0 0 0 0 4194040 4194300 328 326 0 0 
line 188lw$12, 0($11)
0 0 4 0 324 0 0 0 1 4 284 288 0 0 0 0 0 0 0 0 0 0 0 0 0 0 0 0 0 4194040 4194300 328 327 0 0 
line 189sw$12, -4($sp)
0 0 4 0 324 0 0 0 1 4 284 288 0 0 0 0 0 0 0 0 0 0 0 0 0 0 0 0 0 4194040 4194300 328 328 0 0 
line 190_func_____built_in_toString jal_func_____built_in_toString
0 0 4 0 324 0 0 0 1 4 284 288 0 0 0 0 0 0 0 0 0 0 0 0 0 0 0 0 0 4194040 4194300 328 483 0 0 
line 191lw$a0, -4($sp)
0 0 4 0 0 0 0 0 1 4 284 288 0 0 0 0 0 0 0 0 0 0 0 0 0 0 0 0 0 4194040 4194300 328 484 0 0 
line 192li$t0, 0
0 0 4 0 0 0 0 0 0 4 284 288 0 0 0 0 0 0 0 0 0 0 0 0 0 0 0 0 0 4194040 4194300 328 485 0 0 
line 193_skip_set_less_than_zero bgez$a0, _skip_set_less_than_zero
0 0 4 0 0 0 0 0 0 4 284 288 0 0 0 0 0 0 0 0 0 0 0 0 0 0 0 0 0 4194040 4194300 328 488 0 0 
line 194_set_zero beqz$a0, _set_zero
0 0 4 0 0 0 0 0 0 4 284 288 0 0 0 0 0 0 0 0 0 0 0 0 0 0 0 0 0 4194040 4194300 328 523 0 0 
line 195li$a0, 6
0 0 4 0 6 0 0 0 0 4 284 288 0 0 0 0 0 0 0 0 0 0 0 0 0 0 0 0 0 4194040 4194300 328 524 0 0 
line 196li$v0, 9
0 0 9 0 6 0 0 0 0 4 284 288 0 0 0 0 0 0 0 0 0 0 0 0 0 0 0 0 0 4194040 4194300 328 525 0 0 
line 197syscall
0 0 326 0 6 0 0 0 0 4 284 288 0 0 0 0 0 0 0 0 0 0 0 0 0 0 0 0 0 4194040 4194300 328 526 0 0 
line 198li$a0, 1
0 0 326 0 1 0 0 0 0 4 284 288 0 0 0 0 0 0 0 0 0 0 0 0 0 0 0 0 0 4194040 4194300 328 527 0 0 
line 199sw$a0, 0($v0)
0 0 326 0 1 0 0 0 0 4 284 288 0 0 0 0 0 0 0 0 0 0 0 0 0 0 0 0 0 4194040 4194300 328 528 0 0 
line 200add$v0, $v0, 4
0 0 330 0 1 0 0 0 0 4 284 288 0 0 0 0 0 0 0 0 0 0 0 0 0 0 0 0 0 4194040 4194300 328 529 0 0 
line 201li$a0, 48
0 0 330 0 48 0 0 0 0 4 284 288 0 0 0 0 0 0 0 0 0 0 0 0 0 0 0 0 0 4194040 4194300 328 530 0 0 
line 202sb$a0, 0($v0)
0 0 330 0 48 0 0 0 0 4 284 288 0 0 0 0 0 0 0 0 0 0 0 0 0 0 0 0 0 4194040 4194300 328 531 0 0 
line 203jr$ra
0 0 330 0 48 0 0 0 0 4 284 288 0 0 0 0 0 0 0 0 0 0 0 0 0 0 0 0 0 4194040 4194300 328 329 0 0 
line 204sw$v0, -92($fp)
0 0 330 0 48 0 0 0 0 4 284 288 0 0 0 0 0 0 0 0 0 0 0 0 0 0 0 0 0 4194040 4194300 328 330 0 0 
line 205lw$8, -92($fp)
0 0 330 0 48 0 0 0 330 4 284 288 0 0 0 0 0 0 0 0 0 0 0 0 0 0 0 0 0 4194040 4194300 328 331 0 0 
line 206li$v0, 4
0 0 4 0 48 0 0 0 330 4 284 288 0 0 0 0 0 0 0 0 0 0 0 0 0 0 0 0 0 4194040 4194300 328 332 0 0 
line 207move$a0, $8
0 0 4 0 330 0 0 0 330 4 284 288 0 0 0 0 0 0 0 0 0 0 0 0 0 0 0 0 0 4194040 4194300 328 333 0 0 
0line 208syscall
0 0 4 0 330 0 0 0 330 4 284 288 0 0 0 0 0 0 0 0 0 0 0 0 0 0 0 0 0 4194040 4194300 328 334 0 0 
line 209lw$8, -4($fp)
0 0 4 0 330 0 0 0 1 4 284 288 0 0 0 0 0 0 0 0 0 0 0 0 0 0 0 0 0 4194040 4194300 328 335 0 0 
line 210add$8, $8, 1
0 0 4 0 330 0 0 0 2 4 284 288 0 0 0 0 0 0 0 0 0 0 0 0 0 0 0 0 0 4194040 4194300 328 336 0 0 
line 211move$8, $8
0 0 4 0 330 0 0 0 2 4 284 288 0 0 0 0 0 0 0 0 0 0 0 0 0 0 0 0 0 4194040 4194300 328 337 0 0 
line 212sw$8, -4($fp)
0 0 4 0 330 0 0 0 2 4 284 288 0 0 0 0 0 0 0 0 0 0 0 0 0 0 0 0 0 4194040 4194300 328 338 0 0 
line 213_begin_loop_5 b_begin_loop_5
0 0 4 0 330 0 0 0 2 4 284 288 0 0 0 0 0 0 0 0 0 0 0 0 0 0 0 0 0 4194040 4194300 328 317 0 0 
line 214_static_1 lw$8, _static_1
0 0 4 0 330 0 0 0 284 4 284 288 0 0 0 0 0 0 0 0 0 0 0 0 0 0 0 0 0 4194040 4194300 328 318 0 0 
line 215sub$9, $8, 4
0 0 4 0 330 0 0 0 284 280 284 288 0 0 0 0 0 0 0 0 0 0 0 0 0 0 0 0 0 4194040 4194300 328 319 0 0 
line 216lw$10, 0($9)
0 0 4 0 330 0 0 0 284 280 4 288 0 0 0 0 0 0 0 0 0 0 0 0 0 0 0 0 0 4194040 4194300 328 320 0 0 
line 217lw$11, -4($fp)
0 0 4 0 330 0 0 0 284 280 4 2 0 0 0 0 0 0 0 0 0 0 0 0 0 0 0 0 0 4194040 4194300 328 321 0 0 
line 218_end_loop_5 bge$11, $10, _end_loop_5
0 0 4 0 330 0 0 0 284 280 4 2 0 0 0 0 0 0 0 0 0 0 0 0 0 0 0 0 0 4194040 4194300 328 322 0 0 
line 219lw$8, -4($fp)
0 0 4 0 330 0 0 0 2 280 4 2 0 0 0 0 0 0 0 0 0 0 0 0 0 0 0 0 0 4194040 4194300 328 323 0 0 
line 220mul$9, $8, 4
0 0 4 0 330 0 0 0 2 8 4 2 0 0 0 0 0 0 0 0 0 0 0 0 0 0 0 0 0 4194040 4194300 328 324 0 0 
line 221_static_1 lw$10, _static_1
0 0 4 0 330 0 0 0 2 8 284 2 0 0 0 0 0 0 0 0 0 0 0 0 0 0 0 0 0 4194040 4194300 328 325 0 0 
line 222add$11, $10, $9
0 0 4 0 330 0 0 0 2 8 284 292 0 0 0 0 0 0 0 0 0 0 0 0 0 0 0 0 0 4194040 4194300 328 326 0 0 
line 223lw$12, 0($11)
0 0 4 0 330 0 0 0 2 8 284 292 0 0 0 0 0 0 0 0 0 0 0 0 0 0 0 0 0 4194040 4194300 328 327 0 0 
line 224sw$12, -4($sp)
0 0 4 0 330 0 0 0 2 8 284 292 0 0 0 0 0 0 0 0 0 0 0 0 0 0 0 0 0 4194040 4194300 328 328 0 0 
line 225_func_____built_in_toString jal_func_____built_in_toString
0 0 4 0 330 0 0 0 2 8 284 292 0 0 0 0 0 0 0 0 0 0 0 0 0 0 0 0 0 4194040 4194300 328 483 0 0 
line 226lw$a0, -4($sp)
0 0 4 0 0 0 0 0 2 8 284 292 0 0 0 0 0 0 0 0 0 0 0 0 0 0 0 0 0 4194040 4194300 328 484 0 0 
line 227li$t0, 0
0 0 4 0 0 0 0 0 0 8 284 292 0 0 0 0 0 0 0 0 0 0 0 0 0 0 0 0 0 4194040 4194300 328 485 0 0 
line 228_skip_set_less_than_zero bgez$a0, _skip_set_less_than_zero
0 0 4 0 0 0 0 0 0 8 284 292 0 0 0 0 0 0 0 0 0 0 0 0 0 0 0 0 0 4194040 4194300 328 488 0 0 
line 229_set_zero beqz$a0, _set_zero
0 0 4 0 0 0 0 0 0 8 284 292 0 0 0 0 0 0 0 0 0 0 0 0 0 0 0 0 0 4194040 4194300 328 523 0 0 
line 230li$a0, 6
0 0 4 0 6 0 0 0 0 8 284 292 0 0 0 0 0 0 0 0 0 0 0 0 0 0 0 0 0 4194040 4194300 328 524 0 0 
line 231li$v0, 9
0 0 9 0 6 0 0 0 0 8 284 292 0 0 0 0 0 0 0 0 0 0 0 0 0 0 0 0 0 4194040 4194300 328 525 0 0 
line 232syscall
0 0 332 0 6 0 0 0 0 8 284 292 0 0 0 0 0 0 0 0 0 0 0 0 0 0 0 0 0 4194040 4194300 328 526 0 0 
line 233li$a0, 1
0 0 332 0 1 0 0 0 0 8 284 292 0 0 0 0 0 0 0 0 0 0 0 0 0 0 0 0 0 4194040 4194300 328 527 0 0 
line 234sw$a0, 0($v0)
0 0 332 0 1 0 0 0 0 8 284 292 0 0 0 0 0 0 0 0 0 0 0 0 0 0 0 0 0 4194040 4194300 328 528 0 0 
line 235add$v0, $v0, 4
0 0 336 0 1 0 0 0 0 8 284 292 0 0 0 0 0 0 0 0 0 0 0 0 0 0 0 0 0 4194040 4194300 328 529 0 0 
line 236li$a0, 48
0 0 336 0 48 0 0 0 0 8 284 292 0 0 0 0 0 0 0 0 0 0 0 0 0 0 0 0 0 4194040 4194300 328 530 0 0 
line 237sb$a0, 0($v0)
0 0 336 0 48 0 0 0 0 8 284 292 0 0 0 0 0 0 0 0 0 0 0 0 0 0 0 0 0 4194040 4194300 328 531 0 0 
line 238jr$ra
0 0 336 0 48 0 0 0 0 8 284 292 0 0 0 0 0 0 0 0 0 0 0 0 0 0 0 0 0 4194040 4194300 328 329 0 0 
line 239sw$v0, -92($fp)
0 0 336 0 48 0 0 0 0 8 284 292 0 0 0 0 0 0 0 0 0 0 0 0 0 0 0 0 0 4194040 4194300 328 330 0 0 
line 240lw$8, -92($fp)
0 0 336 0 48 0 0 0 336 8 284 292 0 0 0 0 0 0 0 0 0 0 0 0 0 0 0 0 0 4194040 4194300 328 331 0 0 
line 241li$v0, 4
0 0 4 0 48 0 0 0 336 8 284 292 0 0 0 0 0 0 0 0 0 0 0 0 0 0 0 0 0 4194040 4194300 328 332 0 0 
line 242move$a0, $8
0 0 4 0 336 0 0 0 336 8 284 292 0 0 0 0 0 0 0 0 0 0 0 0 0 0 0 0 0 4194040 4194300 328 333 0 0 
0line 243syscall
0 0 4 0 336 0 0 0 336 8 284 292 0 0 0 0 0 0 0 0 0 0 0 0 0 0 0 0 0 4194040 4194300 328 334 0 0 
line 244lw$8, -4($fp)
0 0 4 0 336 0 0 0 2 8 284 292 0 0 0 0 0 0 0 0 0 0 0 0 0 0 0 0 0 4194040 4194300 328 335 0 0 
line 245add$8, $8, 1
0 0 4 0 336 0 0 0 3 8 284 292 0 0 0 0 0 0 0 0 0 0 0 0 0 0 0 0 0 4194040 4194300 328 336 0 0 
line 246move$8, $8
0 0 4 0 336 0 0 0 3 8 284 292 0 0 0 0 0 0 0 0 0 0 0 0 0 0 0 0 0 4194040 4194300 328 337 0 0 
line 247sw$8, -4($fp)
0 0 4 0 336 0 0 0 3 8 284 292 0 0 0 0 0 0 0 0 0 0 0 0 0 0 0 0 0 4194040 4194300 328 338 0 0 
line 248_begin_loop_5 b_begin_loop_5
0 0 4 0 336 0 0 0 3 8 284 292 0 0 0 0 0 0 0 0 0 0 0 0 0 0 0 0 0 4194040 4194300 328 317 0 0 
line 249_static_1 lw$8, _static_1
0 0 4 0 336 0 0 0 284 8 284 292 0 0 0 0 0 0 0 0 0 0 0 0 0 0 0 0 0 4194040 4194300 328 318 0 0 
line 250sub$9, $8, 4
0 0 4 0 336 0 0 0 284 280 284 292 0 0 0 0 0 0 0 0 0 0 0 0 0 0 0 0 0 4194040 4194300 328 319 0 0 
line 251lw$10, 0($9)
0 0 4 0 336 0 0 0 284 280 4 292 0 0 0 0 0 0 0 0 0 0 0 0 0 0 0 0 0 4194040 4194300 328 320 0 0 
line 252lw$11, -4($fp)
0 0 4 0 336 0 0 0 284 280 4 3 0 0 0 0 0 0 0 0 0 0 0 0 0 0 0 0 0 4194040 4194300 328 321 0 0 
line 253_end_loop_5 bge$11, $10, _end_loop_5
0 0 4 0 336 0 0 0 284 280 4 3 0 0 0 0 0 0 0 0 0 0 0 0 0 0 0 0 0 4194040 4194300 328 322 0 0 
line 254lw$8, -4($fp)
0 0 4 0 336 0 0 0 3 280 4 3 0 0 0 0 0 0 0 0 0 0 0 0 0 0 0 0 0 4194040 4194300 328 323 0 0 
line 255mul$9, $8, 4
0 0 4 0 336 0 0 0 3 12 4 3 0 0 0 0 0 0 0 0 0 0 0 0 0 0 0 0 0 4194040 4194300 328 324 0 0 
line 256_static_1 lw$10, _static_1
0 0 4 0 336 0 0 0 3 12 284 3 0 0 0 0 0 0 0 0 0 0 0 0 0 0 0 0 0 4194040 4194300 328 325 0 0 
line 257add$11, $10, $9
0 0 4 0 336 0 0 0 3 12 284 296 0 0 0 0 0 0 0 0 0 0 0 0 0 0 0 0 0 4194040 4194300 328 326 0 0 
line 258lw$12, 0($11)
0 0 4 0 336 0 0 0 3 12 284 296 0 0 0 0 0 0 0 0 0 0 0 0 0 0 0 0 0 4194040 4194300 328 327 0 0 
line 259sw$12, -4($sp)
0 0 4 0 336 0 0 0 3 12 284 296 0 0 0 0 0 0 0 0 0 0 0 0 0 0 0 0 0 4194040 4194300 328 328 0 0 
line 260_func_____built_in_toString jal_func_____built_in_toString
0 0 4 0 336 0 0 0 3 12 284 296 0 0 0 0 0 0 0 0 0 0 0 0 0 0 0 0 0 4194040 4194300 328 483 0 0 
line 261lw$a0, -4($sp)
0 0 4 0 0 0 0 0 3 12 284 296 0 0 0 0 0 0 0 0 0 0 0 0 0 0 0 0 0 4194040 4194300 328 484 0 0 
line 262li$t0, 0
0 0 4 0 0 0 0 0 0 12 284 296 0 0 0 0 0 0 0 0 0 0 0 0 0 0 0 0 0 4194040 4194300 328 485 0 0 
line 263_skip_set_less_than_zero bgez$a0, _skip_set_less_than_zero
0 0 4 0 0 0 0 0 0 12 284 296 0 0 0 0 0 0 0 0 0 0 0 0 0 0 0 0 0 4194040 4194300 328 488 0 0 
line 264_set_zero beqz$a0, _set_zero
0 0 4 0 0 0 0 0 0 12 284 296 0 0 0 0 0 0 0 0 0 0 0 0 0 0 0 0 0 4194040 4194300 328 523 0 0 
line 265li$a0, 6
0 0 4 0 6 0 0 0 0 12 284 296 0 0 0 0 0 0 0 0 0 0 0 0 0 0 0 0 0 4194040 4194300 328 524 0 0 
line 266li$v0, 9
0 0 9 0 6 0 0 0 0 12 284 296 0 0 0 0 0 0 0 0 0 0 0 0 0 0 0 0 0 4194040 4194300 328 525 0 0 
line 267syscall
0 0 338 0 6 0 0 0 0 12 284 296 0 0 0 0 0 0 0 0 0 0 0 0 0 0 0 0 0 4194040 4194300 328 526 0 0 
line 268li$a0, 1
0 0 338 0 1 0 0 0 0 12 284 296 0 0 0 0 0 0 0 0 0 0 0 0 0 0 0 0 0 4194040 4194300 328 527 0 0 
line 269sw$a0, 0($v0)
0 0 338 0 1 0 0 0 0 12 284 296 0 0 0 0 0 0 0 0 0 0 0 0 0 0 0 0 0 4194040 4194300 328 528 0 0 
line 270add$v0, $v0, 4
0 0 342 0 1 0 0 0 0 12 284 296 0 0 0 0 0 0 0 0 0 0 0 0 0 0 0 0 0 4194040 4194300 328 529 0 0 
line 271li$a0, 48
0 0 342 0 48 0 0 0 0 12 284 296 0 0 0 0 0 0 0 0 0 0 0 0 0 0 0 0 0 4194040 4194300 328 530 0 0 
line 272sb$a0, 0($v0)
0 0 342 0 48 0 0 0 0 12 284 296 0 0 0 0 0 0 0 0 0 0 0 0 0 0 0 0 0 4194040 4194300 328 531 0 0 
line 273jr$ra
0 0 342 0 48 0 0 0 0 12 284 296 0 0 0 0 0 0 0 0 0 0 0 0 0 0 0 0 0 4194040 4194300 328 329 0 0 
line 274sw$v0, -92($fp)
0 0 342 0 48 0 0 0 0 12 284 296 0 0 0 0 0 0 0 0 0 0 0 0 0 0 0 0 0 4194040 4194300 328 330 0 0 
line 275lw$8, -92($fp)
0 0 342 0 48 0 0 0 342 12 284 296 0 0 0 0 0 0 0 0 0 0 0 0 0 0 0 0 0 4194040 4194300 328 331 0 0 
line 276li$v0, 4
0 0 4 0 48 0 0 0 342 12 284 296 0 0 0 0 0 0 0 0 0 0 0 0 0 0 0 0 0 4194040 4194300 328 332 0 0 
line 277move$a0, $8
0 0 4 0 342 0 0 0 342 12 284 296 0 0 0 0 0 0 0 0 0 0 0 0 0 0 0 0 0 4194040 4194300 328 333 0 0 
0line 278syscall
0 0 4 0 342 0 0 0 342 12 284 296 0 0 0 0 0 0 0 0 0 0 0 0 0 0 0 0 0 4194040 4194300 328 334 0 0 
line 279lw$8, -4($fp)
0 0 4 0 342 0 0 0 3 12 284 296 0 0 0 0 0 0 0 0 0 0 0 0 0 0 0 0 0 4194040 4194300 328 335 0 0 
line 280add$8, $8, 1
0 0 4 0 342 0 0 0 4 12 284 296 0 0 0 0 0 0 0 0 0 0 0 0 0 0 0 0 0 4194040 4194300 328 336 0 0 
line 281move$8, $8
0 0 4 0 342 0 0 0 4 12 284 296 0 0 0 0 0 0 0 0 0 0 0 0 0 0 0 0 0 4194040 4194300 328 337 0 0 
line 282sw$8, -4($fp)
0 0 4 0 342 0 0 0 4 12 284 296 0 0 0 0 0 0 0 0 0 0 0 0 0 0 0 0 0 4194040 4194300 328 338 0 0 
line 283_begin_loop_5 b_begin_loop_5
0 0 4 0 342 0 0 0 4 12 284 296 0 0 0 0 0 0 0 0 0 0 0 0 0 0 0 0 0 4194040 4194300 328 317 0 0 
line 284_static_1 lw$8, _static_1
0 0 4 0 342 0 0 0 284 12 284 296 0 0 0 0 0 0 0 0 0 0 0 0 0 0 0 0 0 4194040 4194300 328 318 0 0 
line 285sub$9, $8, 4
0 0 4 0 342 0 0 0 284 280 284 296 0 0 0 0 0 0 0 0 0 0 0 0 0 0 0 0 0 4194040 4194300 328 319 0 0 
line 286lw$10, 0($9)
0 0 4 0 342 0 0 0 284 280 4 296 0 0 0 0 0 0 0 0 0 0 0 0 0 0 0 0 0 4194040 4194300 328 320 0 0 
line 287lw$11, -4($fp)
0 0 4 0 342 0 0 0 284 280 4 4 0 0 0 0 0 0 0 0 0 0 0 0 0 0 0 0 0 4194040 4194300 328 321 0 0 
line 288_end_loop_5 bge$11, $10, _end_loop_5
0 0 4 0 342 0 0 0 284 280 4 4 0 0 0 0 0 0 0 0 0 0 0 0 0 0 0 0 0 4194040 4194300 328 339 0 0 
line 289_static_2 la$8, _static_2
0 0 4 0 342 0 0 0 12 280 4 4 0 0 0 0 0 0 0 0 0 0 0 0 0 0 0 0 0 4194040 4194300 328 340 0 0 
line 290move$9, $8
0 0 4 0 342 0 0 0 12 12 4 4 0 0 0 0 0 0 0 0 0 0 0 0 0 0 0 0 0 4194040 4194300 328 341 0 0 
line 291li$v0, 4
0 0 4 0 342 0 0 0 12 12 4 4 0 0 0 0 0 0 0 0 0 0 0 0 0 0 0 0 0 4194040 4194300 328 342 0 0 
line 292move$a0, $9
0 0 4 0 12 0 0 0 12 12 4 4 0 0 0 0 0 0 0 0 0 0 0 0 0 0 0 0 0 4194040 4194300 328 343 0 0 
line 293syscall
0 0 4 0 12 0 0 0 12 12 4 4 0 0 0 0 0 0 0 0 0 0 0 0 0 0 0 0 0 4194040 4194300 328 344 0 0 
line 294_static_0 la$8, _static_0
0 0 4 0 12 0 0 0 4 12 4 4 0 0 0 0 0 0 0 0 0 0 0 0 0 0 0 0 0 4194040 4194300 328 345 0 0 
line 295li$v0, 4
0 0 4 0 12 0 0 0 4 12 4 4 0 0 0 0 0 0 0 0 0 0 0 0 0 0 0 0 0 4194040 4194300 328 346 0 0 
line 296move$a0, $8
0 0 4 0 4 0 0 0 4 12 4 4 0 0 0 0 0 0 0 0 0 0 0 0 0 0 0 0 0 4194040 4194300 328 347 0 0 

line 297syscall
0 0 4 0 4 0 0 0 4 12 4 4 0 0 0 0 0 0 0 0 0 0 0 0 0 0 0 0 0 4194040 4194300 328 348 0 0 
line 298lw$8, 0($fp)
0 0 4 0 4 0 0 0 304 12 4 4 0 0 0 0 0 0 0 0 0 0 0 0 0 0 0 0 0 4194040 4194300 328 349 0 0 
line 299li$9, 0
0 0 4 0 4 0 0 0 304 0 4 4 0 0 0 0 0 0 0 0 0 0 0 0 0 0 0 0 0 4194040 4194300 328 350 0 0 
line 300_static_1 sw$8, _static_1
0 0 4 0 4 0 0 0 304 0 4 4 0 0 0 0 0 0 0 0 0 0 0 0 0 0 0 0 0 4194040 4194300 328 351 0 0 
line 301sw$9, -4($fp)
0 0 4 0 4 0 0 0 304 0 4 4 0 0 0 0 0 0 0 0 0 0 0 0 0 0 0 0 0 4194040 4194300 328 352 0 0 
line 302_static_1 lw$8, _static_1
0 0 4 0 4 0 0 0 304 0 4 4 0 0 0 0 0 0 0 0 0 0 0 0 0 0 0 0 0 4194040 4194300 328 353 0 0 
line 303sub$9, $8, 4
0 0 4 0 4 0 0 0 304 300 4 4 0 0 0 0 0 0 0 0 0 0 0 0 0 0 0 0 0 4194040 4194300 328 354 0 0 
line 304lw$10, 0($9)
0 0 4 0 4 0 0 0 304 300 4 4 0 0 0 0 0 0 0 0 0 0 0 0 0 0 0 0 0 4194040 4194300 328 355 0 0 
line 305lw$11, -4($fp)
0 0 4 0 4 0 0 0 304 300 4 0 0 0 0 0 0 0 0 0 0 0 0 0 0 0 0 0 0 4194040 4194300 328 356 0 0 
line 306_end_loop_6 bge$11, $10, _end_loop_6
0 0 4 0 4 0 0 0 304 300 4 0 0 0 0 0 0 0 0 0 0 0 0 0 0 0 0 0 0 4194040 4194300 328 357 0 0 
line 307lw$8, -4($fp)
0 0 4 0 4 0 0 0 0 300 4 0 0 0 0 0 0 0 0 0 0 0 0 0 0 0 0 0 0 4194040 4194300 328 358 0 0 
line 308mul$9, $8, 4
0 0 4 0 4 0 0 0 0 0 4 0 0 0 0 0 0 0 0 0 0 0 0 0 0 0 0 0 0 4194040 4194300 328 359 0 0 
line 309_static_1 lw$10, _static_1
0 0 4 0 4 0 0 0 0 0 304 0 0 0 0 0 0 0 0 0 0 0 0 0 0 0 0 0 0 4194040 4194300 328 360 0 0 
line 310add$11, $10, $9
0 0 4 0 4 0 0 0 0 0 304 304 0 0 0 0 0 0 0 0 0 0 0 0 0 0 0 0 0 4194040 4194300 328 361 0 0 
line 311lw$12, 0($11)
0 0 4 0 4 0 0 0 0 0 304 304 1 0 0 0 0 0 0 0 0 0 0 0 0 0 0 0 0 4194040 4194300 328 362 0 0 
line 312sw$12, -4($sp)
0 0 4 0 4 0 0 0 0 0 304 304 1 0 0 0 0 0 0 0 0 0 0 0 0 0 0 0 0 4194040 4194300 328 363 0 0 
line 313_func_____built_in_toString jal_func_____built_in_toString
0 0 4 0 4 0 0 0 0 0 304 304 1 0 0 0 0 0 0 0 0 0 0 0 0 0 0 0 0 4194040 4194300 363 483 0 0 
line 314lw$a0, -4($sp)
0 0 4 0 1 0 0 0 0 0 304 304 1 0 0 0 0 0 0 0 0 0 0 0 0 0 0 0 0 4194040 4194300 363 484 0 0 
line 315li$t0, 0
0 0 4 0 1 0 0 0 0 0 304 304 1 0 0 0 0 0 0 0 0 0 0 0 0 0 0 0 0 4194040 4194300 363 485 0 0 
line 316_skip_set_less_than_zero bgez$a0, _skip_set_less_than_zero
0 0 4 0 1 0 0 0 0 0 304 304 1 0 0 0 0 0 0 0 0 0 0 0 0 0 0 0 0 4194040 4194300 363 488 0 0 
line 317_set_zero beqz$a0, _set_zero
0 0 4 0 1 0 0 0 0 0 304 304 1 0 0 0 0 0 0 0 0 0 0 0 0 0 0 0 0 4194040 4194300 363 489 0 0 
line 318li$t1, 0
0 0 4 0 1 0 0 0 0 0 304 304 1 0 0 0 0 0 0 0 0 0 0 0 0 0 0 0 0 4194040 4194300 363 490 0 0 
line 319move$t2, $a0
0 0 4 0 1 0 0 0 0 0 1 304 1 0 0 0 0 0 0 0 0 0 0 0 0 0 0 0 0 4194040 4194300 363 491 0 0 
line 320move$t3, $a0
0 0 4 0 1 0 0 0 0 0 1 1 1 0 0 0 0 0 0 0 0 0 0 0 0 0 0 0 0 4194040 4194300 363 492 0 0 
line 321li$t5, 10
0 0 4 0 1 0 0 0 0 0 1 1 1 10 0 0 0 0 0 0 0 0 0 0 0 0 0 0 0 4194040 4194300 363 493 0 0 
line 322div$t2, $t5
0 0 4 0 1 0 0 0 0 0 1 1 1 10 0 0 0 0 0 0 0 0 0 0 0 0 0 0 0 4194040 4194300 363 494 1 0 
line 323mflo$v0
0 0 0 0 1 0 0 0 0 0 1 1 1 10 0 0 0 0 0 0 0 0 0 0 0 0 0 0 0 4194040 4194300 363 495 1 0 
line 324mfhi$v1
0 0 0 1 1 0 0 0 0 0 1 1 1 10 0 0 0 0 0 0 0 0 0 0 0 0 0 0 0 4194040 4194300 363 496 1 0 
line 325_not_yet bgtz$v0, _not_yet
0 0 0 1 1 0 0 0 0 0 1 1 1 10 0 0 0 0 0 0 0 0 0 0 0 0 0 0 0 4194040 4194300 363 497 1 0 
line 326_not_yet bgtz$v1, _not_yet
0 0 0 1 1 0 0 0 0 0 1 1 1 10 0 0 0 0 0 0 0 0 0 0 0 0 0 0 0 4194040 4194300 363 499 1 0 
line 327add$t1, $t1, 1
0 0 0 1 1 0 0 0 0 1 1 1 1 10 0 0 0 0 0 0 0 0 0 0 0 0 0 0 0 4194040 4194300 363 500 1 0 
line 328move$t2, $v0
0 0 0 1 1 0 0 0 0 1 0 1 1 10 0 0 0 0 0 0 0 0 0 0 0 0 0 0 0 4194040 4194300 363 501 1 0 
line 329_begin_count_digit j_begin_count_digit
0 0 0 1 1 0 0 0 0 1 0 1 1 10 0 0 0 0 0 0 0 0 0 0 0 0 0 0 0 4194040 4194300 363 493 1 0 
line 330div$t2, $t5
0 0 0 1 1 0 0 0 0 1 0 1 1 10 0 0 0 0 0 0 0 0 0 0 0 0 0 0 0 4194040 4194300 363 494 0 0 
line 331mflo$v0
0 0 0 1 1 0 0 0 0 1 0 1 1 10 0 0 0 0 0 0 0 0 0 0 0 0 0 0 0 4194040 4194300 363 495 0 0 
line 332mfhi$v1
0 0 0 0 1 0 0 0 0 1 0 1 1 10 0 0 0 0 0 0 0 0 0 0 0 0 0 0 0 4194040 4194300 363 496 0 0 
line 333_not_yet bgtz$v0, _not_yet
0 0 0 0 1 0 0 0 0 1 0 1 1 10 0 0 0 0 0 0 0 0 0 0 0 0 0 0 0 4194040 4194300 363 497 0 0 
line 334_not_yet bgtz$v1, _not_yet
0 0 0 0 1 0 0 0 0 1 0 1 1 10 0 0 0 0 0 0 0 0 0 0 0 0 0 0 0 4194040 4194300 363 498 0 0 
line 335_yet j_yet
0 0 0 0 1 0 0 0 0 1 0 1 1 10 0 0 0 0 0 0 0 0 0 0 0 0 0 0 0 4194040 4194300 363 502 0 0 
line 336_skip_reserve_neg beqz$t0, _skip_reserve_neg
0 0 0 0 1 0 0 0 0 1 0 1 1 10 0 0 0 0 0 0 0 0 0 0 0 0 0 0 0 4194040 4194300 363 504 0 0 
line 337add$a0, $t1, 5
0 0 0 0 6 0 0 0 0 1 0 1 1 10 0 0 0 0 0 0 0 0 0 0 0 0 0 0 0 4194040 4194300 363 505 0 0 
line 338li$v0, 9
0 0 9 0 6 0 0 0 0 1 0 1 1 10 0 0 0 0 0 0 0 0 0 0 0 0 0 0 0 4194040 4194300 363 506 0 0 
line 339syscall
0 0 344 0 6 0 0 0 0 1 0 1 1 10 0 0 0 0 0 0 0 0 0 0 0 0 0 0 0 4194040 4194300 363 507 0 0 
line 340sw$t1, 0($v0)
0 0 344 0 6 0 0 0 0 1 0 1 1 10 0 0 0 0 0 0 0 0 0 0 0 0 0 0 0 4194040 4194300 363 508 0 0 
line 341add$v0, $v0, 4
0 0 348 0 6 0 0 0 0 1 0 1 1 10 0 0 0 0 0 0 0 0 0 0 0 0 0 0 0 4194040 4194300 363 509 0 0 
line 342add$t1, $t1, $v0
0 0 348 0 6 0 0 0 0 349 0 1 1 10 0 0 0 0 0 0 0 0 0 0 0 0 0 0 0 4194040 4194300 363 510 0 0 
line 343sb$zero, 0($t1)
0 0 348 0 6 0 0 0 0 349 0 1 1 10 0 0 0 0 0 0 0 0 0 0 0 0 0 0 0 4194040 4194300 363 511 0 0 
line 344sub$t1, $t1, 1
0 0 348 0 6 0 0 0 0 348 0 1 1 10 0 0 0 0 0 0 0 0 0 0 0 0 0 0 0 4194040 4194300 363 512 0 0 
line 345div$t3, $t5
0 0 348 0 6 0 0 0 0 348 0 1 1 10 0 0 0 0 0 0 0 0 0 0 0 0 0 0 0 4194040 4194300 363 513 1 0 
line 346mfhi$v1
0 0 348 1 6 0 0 0 0 348 0 1 1 10 0 0 0 0 0 0 0 0 0 0 0 0 0 0 0 4194040 4194300 363 514 1 0 
line 347add$v1, $v1, 48
0 0 348 49 6 0 0 0 0 348 0 1 1 10 0 0 0 0 0 0 0 0 0 0 0 0 0 0 0 4194040 4194300 363 515 1 0 
line 348sb$v1, 0($t1)
0 0 348 49 6 0 0 0 0 348 0 1 1 10 0 0 0 0 0 0 0 0 0 0 0 0 0 0 0 4194040 4194300 363 516 1 0 
line 349sub$t1, $t1, 1
0 0 348 49 6 0 0 0 0 347 0 1 1 10 0 0 0 0 0 0 0 0 0 0 0 0 0 0 0 4194040 4194300 363 517 1 0 
line 350mflo$t3
0 0 348 49 6 0 0 0 0 347 0 0 1 10 0 0 0 0 0 0 0 0 0 0 0 0 0 0 0 4194040 4194300 363 518 1 0 
line 351_continue_toString bnez$t3, _continue_toString
0 0 348 49 6 0 0 0 0 347 0 0 1 10 0 0 0 0 0 0 0 0 0 0 0 0 0 0 0 4194040 4194300 363 519 1 0 
line 352_skip_place_neg beqz$t0, _skip_place_neg
0 0 348 49 6 0 0 0 0 347 0 0 1 10 0 0 0 0 0 0 0 0 0 0 0 0 0 0 0 4194040 4194300 363 522 1 0 
line 353jr$ra
0 0 348 49 6 0 0 0 0 347 0 0 1 10 0 0 0 0 0 0 0 0 0 0 0 0 0 0 0 4194040 4194300 363 364 1 0 
line 354sw$v0, -128($fp)
0 0 348 49 6 0 0 0 0 347 0 0 1 10 0 0 0 0 0 0 0 0 0 0 0 0 0 0 0 4194040 4194300 363 365 1 0 
line 355lw$8, -128($fp)
0 0 348 49 6 0 0 0 348 347 0 0 1 10 0 0 0 0 0 0 0 0 0 0 0 0 0 0 0 4194040 4194300 363 366 1 0 
line 356li$v0, 4
0 0 4 49 6 0 0 0 348 347 0 0 1 10 0 0 0 0 0 0 0 0 0 0 0 0 0 0 0 4194040 4194300 363 367 1 0 
line 357move$a0, $8
0 0 4 49 348 0 0 0 348 347 0 0 1 10 0 0 0 0 0 0 0 0 0 0 0 0 0 0 0 4194040 4194300 363 368 1 0 
1line 358syscall
0 0 4 49 348 0 0 0 348 347 0 0 1 10 0 0 0 0 0 0 0 0 0 0 0 0 0 0 0 4194040 4194300 363 369 1 0 
line 359lw$8, -4($fp)
0 0 4 49 348 0 0 0 0 347 0 0 1 10 0 0 0 0 0 0 0 0 0 0 0 0 0 0 0 4194040 4194300 363 370 1 0 
line 360add$8, $8, 1
0 0 4 49 348 0 0 0 1 347 0 0 1 10 0 0 0 0 0 0 0 0 0 0 0 0 0 0 0 4194040 4194300 363 371 1 0 
line 361move$8, $8
0 0 4 49 348 0 0 0 1 347 0 0 1 10 0 0 0 0 0 0 0 0 0 0 0 0 0 0 0 4194040 4194300 363 372 1 0 
line 362sw$8, -4($fp)
0 0 4 49 348 0 0 0 1 347 0 0 1 10 0 0 0 0 0 0 0 0 0 0 0 0 0 0 0 4194040 4194300 363 373 1 0 
line 363_begin_loop_6 b_begin_loop_6
0 0 4 49 348 0 0 0 1 347 0 0 1 10 0 0 0 0 0 0 0 0 0 0 0 0 0 0 0 4194040 4194300 363 352 1 0 
line 364_static_1 lw$8, _static_1
0 0 4 49 348 0 0 0 304 347 0 0 1 10 0 0 0 0 0 0 0 0 0 0 0 0 0 0 0 4194040 4194300 363 353 1 0 
line 365sub$9, $8, 4
0 0 4 49 348 0 0 0 304 300 0 0 1 10 0 0 0 0 0 0 0 0 0 0 0 0 0 0 0 4194040 4194300 363 354 1 0 
line 366lw$10, 0($9)
0 0 4 49 348 0 0 0 304 300 4 0 1 10 0 0 0 0 0 0 0 0 0 0 0 0 0 0 0 4194040 4194300 363 355 1 0 
line 367lw$11, -4($fp)
0 0 4 49 348 0 0 0 304 300 4 1 1 10 0 0 0 0 0 0 0 0 0 0 0 0 0 0 0 4194040 4194300 363 356 1 0 
line 368_end_loop_6 bge$11, $10, _end_loop_6
0 0 4 49 348 0 0 0 304 300 4 1 1 10 0 0 0 0 0 0 0 0 0 0 0 0 0 0 0 4194040 4194300 363 357 1 0 
line 369lw$8, -4($fp)
0 0 4 49 348 0 0 0 1 300 4 1 1 10 0 0 0 0 0 0 0 0 0 0 0 0 0 0 0 4194040 4194300 363 358 1 0 
line 370mul$9, $8, 4
0 0 4 49 348 0 0 0 1 4 4 1 1 10 0 0 0 0 0 0 0 0 0 0 0 0 0 0 0 4194040 4194300 363 359 1 0 
line 371_static_1 lw$10, _static_1
0 0 4 49 348 0 0 0 1 4 304 1 1 10 0 0 0 0 0 0 0 0 0 0 0 0 0 0 0 4194040 4194300 363 360 1 0 
line 372add$11, $10, $9
0 0 4 49 348 0 0 0 1 4 304 308 1 10 0 0 0 0 0 0 0 0 0 0 0 0 0 0 0 4194040 4194300 363 361 1 0 
line 373lw$12, 0($11)
0 0 4 49 348 0 0 0 1 4 304 308 2 10 0 0 0 0 0 0 0 0 0 0 0 0 0 0 0 4194040 4194300 363 362 1 0 
line 374sw$12, -4($sp)
0 0 4 49 348 0 0 0 1 4 304 308 2 10 0 0 0 0 0 0 0 0 0 0 0 0 0 0 0 4194040 4194300 363 363 1 0 
line 375_func_____built_in_toString jal_func_____built_in_toString
0 0 4 49 348 0 0 0 1 4 304 308 2 10 0 0 0 0 0 0 0 0 0 0 0 0 0 0 0 4194040 4194300 363 483 1 0 
line 376lw$a0, -4($sp)
0 0 4 49 2 0 0 0 1 4 304 308 2 10 0 0 0 0 0 0 0 0 0 0 0 0 0 0 0 4194040 4194300 363 484 1 0 
line 377li$t0, 0
0 0 4 49 2 0 0 0 0 4 304 308 2 10 0 0 0 0 0 0 0 0 0 0 0 0 0 0 0 4194040 4194300 363 485 1 0 
line 378_skip_set_less_than_zero bgez$a0, _skip_set_less_than_zero
0 0 4 49 2 0 0 0 0 4 304 308 2 10 0 0 0 0 0 0 0 0 0 0 0 0 0 0 0 4194040 4194300 363 488 1 0 
line 379_set_zero beqz$a0, _set_zero
0 0 4 49 2 0 0 0 0 4 304 308 2 10 0 0 0 0 0 0 0 0 0 0 0 0 0 0 0 4194040 4194300 363 489 1 0 
line 380li$t1, 0
0 0 4 49 2 0 0 0 0 0 304 308 2 10 0 0 0 0 0 0 0 0 0 0 0 0 0 0 0 4194040 4194300 363 490 1 0 
line 381move$t2, $a0
0 0 4 49 2 0 0 0 0 0 2 308 2 10 0 0 0 0 0 0 0 0 0 0 0 0 0 0 0 4194040 4194300 363 491 1 0 
line 382move$t3, $a0
0 0 4 49 2 0 0 0 0 0 2 2 2 10 0 0 0 0 0 0 0 0 0 0 0 0 0 0 0 4194040 4194300 363 492 1 0 
line 383li$t5, 10
0 0 4 49 2 0 0 0 0 0 2 2 2 10 0 0 0 0 0 0 0 0 0 0 0 0 0 0 0 4194040 4194300 363 493 1 0 
line 384div$t2, $t5
0 0 4 49 2 0 0 0 0 0 2 2 2 10 0 0 0 0 0 0 0 0 0 0 0 0 0 0 0 4194040 4194300 363 494 2 0 
line 385mflo$v0
0 0 0 49 2 0 0 0 0 0 2 2 2 10 0 0 0 0 0 0 0 0 0 0 0 0 0 0 0 4194040 4194300 363 495 2 0 
line 386mfhi$v1
0 0 0 2 2 0 0 0 0 0 2 2 2 10 0 0 0 0 0 0 0 0 0 0 0 0 0 0 0 4194040 4194300 363 496 2 0 
line 387_not_yet bgtz$v0, _not_yet
0 0 0 2 2 0 0 0 0 0 2 2 2 10 0 0 0 0 0 0 0 0 0 0 0 0 0 0 0 4194040 4194300 363 497 2 0 
line 388_not_yet bgtz$v1, _not_yet
0 0 0 2 2 0 0 0 0 0 2 2 2 10 0 0 0 0 0 0 0 0 0 0 0 0 0 0 0 4194040 4194300 363 499 2 0 
line 389add$t1, $t1, 1
0 0 0 2 2 0 0 0 0 1 2 2 2 10 0 0 0 0 0 0 0 0 0 0 0 0 0 0 0 4194040 4194300 363 500 2 0 
line 390move$t2, $v0
0 0 0 2 2 0 0 0 0 1 0 2 2 10 0 0 0 0 0 0 0 0 0 0 0 0 0 0 0 4194040 4194300 363 501 2 0 
line 391_begin_count_digit j_begin_count_digit
0 0 0 2 2 0 0 0 0 1 0 2 2 10 0 0 0 0 0 0 0 0 0 0 0 0 0 0 0 4194040 4194300 363 493 2 0 
line 392div$t2, $t5
0 0 0 2 2 0 0 0 0 1 0 2 2 10 0 0 0 0 0 0 0 0 0 0 0 0 0 0 0 4194040 4194300 363 494 0 0 
line 393mflo$v0
0 0 0 2 2 0 0 0 0 1 0 2 2 10 0 0 0 0 0 0 0 0 0 0 0 0 0 0 0 4194040 4194300 363 495 0 0 
line 394mfhi$v1
0 0 0 0 2 0 0 0 0 1 0 2 2 10 0 0 0 0 0 0 0 0 0 0 0 0 0 0 0 4194040 4194300 363 496 0 0 
line 395_not_yet bgtz$v0, _not_yet
0 0 0 0 2 0 0 0 0 1 0 2 2 10 0 0 0 0 0 0 0 0 0 0 0 0 0 0 0 4194040 4194300 363 497 0 0 
line 396_not_yet bgtz$v1, _not_yet
0 0 0 0 2 0 0 0 0 1 0 2 2 10 0 0 0 0 0 0 0 0 0 0 0 0 0 0 0 4194040 4194300 363 498 0 0 
line 397_yet j_yet
0 0 0 0 2 0 0 0 0 1 0 2 2 10 0 0 0 0 0 0 0 0 0 0 0 0 0 0 0 4194040 4194300 363 502 0 0 
line 398_skip_reserve_neg beqz$t0, _skip_reserve_neg
0 0 0 0 2 0 0 0 0 1 0 2 2 10 0 0 0 0 0 0 0 0 0 0 0 0 0 0 0 4194040 4194300 363 504 0 0 
line 399add$a0, $t1, 5
0 0 0 0 6 0 0 0 0 1 0 2 2 10 0 0 0 0 0 0 0 0 0 0 0 0 0 0 0 4194040 4194300 363 505 0 0 
line 400li$v0, 9
0 0 9 0 6 0 0 0 0 1 0 2 2 10 0 0 0 0 0 0 0 0 0 0 0 0 0 0 0 4194040 4194300 363 506 0 0 
line 401syscall
0 0 350 0 6 0 0 0 0 1 0 2 2 10 0 0 0 0 0 0 0 0 0 0 0 0 0 0 0 4194040 4194300 363 507 0 0 
line 402sw$t1, 0($v0)
0 0 350 0 6 0 0 0 0 1 0 2 2 10 0 0 0 0 0 0 0 0 0 0 0 0 0 0 0 4194040 4194300 363 508 0 0 
line 403add$v0, $v0, 4
0 0 354 0 6 0 0 0 0 1 0 2 2 10 0 0 0 0 0 0 0 0 0 0 0 0 0 0 0 4194040 4194300 363 509 0 0 
line 404add$t1, $t1, $v0
0 0 354 0 6 0 0 0 0 355 0 2 2 10 0 0 0 0 0 0 0 0 0 0 0 0 0 0 0 4194040 4194300 363 510 0 0 
line 405sb$zero, 0($t1)
0 0 354 0 6 0 0 0 0 355 0 2 2 10 0 0 0 0 0 0 0 0 0 0 0 0 0 0 0 4194040 4194300 363 511 0 0 
line 406sub$t1, $t1, 1
0 0 354 0 6 0 0 0 0 354 0 2 2 10 0 0 0 0 0 0 0 0 0 0 0 0 0 0 0 4194040 4194300 363 512 0 0 
line 407div$t3, $t5
0 0 354 0 6 0 0 0 0 354 0 2 2 10 0 0 0 0 0 0 0 0 0 0 0 0 0 0 0 4194040 4194300 363 513 2 0 
line 408mfhi$v1
0 0 354 2 6 0 0 0 0 354 0 2 2 10 0 0 0 0 0 0 0 0 0 0 0 0 0 0 0 4194040 4194300 363 514 2 0 
line 409add$v1, $v1, 48
0 0 354 50 6 0 0 0 0 354 0 2 2 10 0 0 0 0 0 0 0 0 0 0 0 0 0 0 0 4194040 4194300 363 515 2 0 
line 410sb$v1, 0($t1)
0 0 354 50 6 0 0 0 0 354 0 2 2 10 0 0 0 0 0 0 0 0 0 0 0 0 0 0 0 4194040 4194300 363 516 2 0 
line 411sub$t1, $t1, 1
0 0 354 50 6 0 0 0 0 353 0 2 2 10 0 0 0 0 0 0 0 0 0 0 0 0 0 0 0 4194040 4194300 363 517 2 0 
line 412mflo$t3
0 0 354 50 6 0 0 0 0 353 0 0 2 10 0 0 0 0 0 0 0 0 0 0 0 0 0 0 0 4194040 4194300 363 518 2 0 
line 413_continue_toString bnez$t3, _continue_toString
0 0 354 50 6 0 0 0 0 353 0 0 2 10 0 0 0 0 0 0 0 0 0 0 0 0 0 0 0 4194040 4194300 363 519 2 0 
line 414_skip_place_neg beqz$t0, _skip_place_neg
0 0 354 50 6 0 0 0 0 353 0 0 2 10 0 0 0 0 0 0 0 0 0 0 0 0 0 0 0 4194040 4194300 363 522 2 0 
line 415jr$ra
0 0 354 50 6 0 0 0 0 353 0 0 2 10 0 0 0 0 0 0 0 0 0 0 0 0 0 0 0 4194040 4194300 363 364 2 0 
line 416sw$v0, -128($fp)
0 0 354 50 6 0 0 0 0 353 0 0 2 10 0 0 0 0 0 0 0 0 0 0 0 0 0 0 0 4194040 4194300 363 365 2 0 
line 417lw$8, -128($fp)
0 0 354 50 6 0 0 0 354 353 0 0 2 10 0 0 0 0 0 0 0 0 0 0 0 0 0 0 0 4194040 4194300 363 366 2 0 
line 418li$v0, 4
0 0 4 50 6 0 0 0 354 353 0 0 2 10 0 0 0 0 0 0 0 0 0 0 0 0 0 0 0 4194040 4194300 363 367 2 0 
line 419move$a0, $8
0 0 4 50 354 0 0 0 354 353 0 0 2 10 0 0 0 0 0 0 0 0 0 0 0 0 0 0 0 4194040 4194300 363 368 2 0 
2line 420syscall
0 0 4 50 354 0 0 0 354 353 0 0 2 10 0 0 0 0 0 0 0 0 0 0 0 0 0 0 0 4194040 4194300 363 369 2 0 
line 421lw$8, -4($fp)
0 0 4 50 354 0 0 0 1 353 0 0 2 10 0 0 0 0 0 0 0 0 0 0 0 0 0 0 0 4194040 4194300 363 370 2 0 
line 422add$8, $8, 1
0 0 4 50 354 0 0 0 2 353 0 0 2 10 0 0 0 0 0 0 0 0 0 0 0 0 0 0 0 4194040 4194300 363 371 2 0 
line 423move$8, $8
0 0 4 50 354 0 0 0 2 353 0 0 2 10 0 0 0 0 0 0 0 0 0 0 0 0 0 0 0 4194040 4194300 363 372 2 0 
line 424sw$8, -4($fp)
0 0 4 50 354 0 0 0 2 353 0 0 2 10 0 0 0 0 0 0 0 0 0 0 0 0 0 0 0 4194040 4194300 363 373 2 0 
line 425_begin_loop_6 b_begin_loop_6
0 0 4 50 354 0 0 0 2 353 0 0 2 10 0 0 0 0 0 0 0 0 0 0 0 0 0 0 0 4194040 4194300 363 352 2 0 
line 426_static_1 lw$8, _static_1
0 0 4 50 354 0 0 0 304 353 0 0 2 10 0 0 0 0 0 0 0 0 0 0 0 0 0 0 0 4194040 4194300 363 353 2 0 
line 427sub$9, $8, 4
0 0 4 50 354 0 0 0 304 300 0 0 2 10 0 0 0 0 0 0 0 0 0 0 0 0 0 0 0 4194040 4194300 363 354 2 0 
line 428lw$10, 0($9)
0 0 4 50 354 0 0 0 304 300 4 0 2 10 0 0 0 0 0 0 0 0 0 0 0 0 0 0 0 4194040 4194300 363 355 2 0 
line 429lw$11, -4($fp)
0 0 4 50 354 0 0 0 304 300 4 2 2 10 0 0 0 0 0 0 0 0 0 0 0 0 0 0 0 4194040 4194300 363 356 2 0 
line 430_end_loop_6 bge$11, $10, _end_loop_6
0 0 4 50 354 0 0 0 304 300 4 2 2 10 0 0 0 0 0 0 0 0 0 0 0 0 0 0 0 4194040 4194300 363 357 2 0 
line 431lw$8, -4($fp)
0 0 4 50 354 0 0 0 2 300 4 2 2 10 0 0 0 0 0 0 0 0 0 0 0 0 0 0 0 4194040 4194300 363 358 2 0 
line 432mul$9, $8, 4
0 0 4 50 354 0 0 0 2 8 4 2 2 10 0 0 0 0 0 0 0 0 0 0 0 0 0 0 0 4194040 4194300 363 359 2 0 
line 433_static_1 lw$10, _static_1
0 0 4 50 354 0 0 0 2 8 304 2 2 10 0 0 0 0 0 0 0 0 0 0 0 0 0 0 0 4194040 4194300 363 360 2 0 
line 434add$11, $10, $9
0 0 4 50 354 0 0 0 2 8 304 312 2 10 0 0 0 0 0 0 0 0 0 0 0 0 0 0 0 4194040 4194300 363 361 2 0 
line 435lw$12, 0($11)
0 0 4 50 354 0 0 0 2 8 304 312 3 10 0 0 0 0 0 0 0 0 0 0 0 0 0 0 0 4194040 4194300 363 362 2 0 
line 436sw$12, -4($sp)
0 0 4 50 354 0 0 0 2 8 304 312 3 10 0 0 0 0 0 0 0 0 0 0 0 0 0 0 0 4194040 4194300 363 363 2 0 
line 437_func_____built_in_toString jal_func_____built_in_toString
0 0 4 50 354 0 0 0 2 8 304 312 3 10 0 0 0 0 0 0 0 0 0 0 0 0 0 0 0 4194040 4194300 363 483 2 0 
line 438lw$a0, -4($sp)
0 0 4 50 3 0 0 0 2 8 304 312 3 10 0 0 0 0 0 0 0 0 0 0 0 0 0 0 0 4194040 4194300 363 484 2 0 
line 439li$t0, 0
0 0 4 50 3 0 0 0 0 8 304 312 3 10 0 0 0 0 0 0 0 0 0 0 0 0 0 0 0 4194040 4194300 363 485 2 0 
line 440_skip_set_less_than_zero bgez$a0, _skip_set_less_than_zero
0 0 4 50 3 0 0 0 0 8 304 312 3 10 0 0 0 0 0 0 0 0 0 0 0 0 0 0 0 4194040 4194300 363 488 2 0 
line 441_set_zero beqz$a0, _set_zero
0 0 4 50 3 0 0 0 0 8 304 312 3 10 0 0 0 0 0 0 0 0 0 0 0 0 0 0 0 4194040 4194300 363 489 2 0 
line 442li$t1, 0
0 0 4 50 3 0 0 0 0 0 304 312 3 10 0 0 0 0 0 0 0 0 0 0 0 0 0 0 0 4194040 4194300 363 490 2 0 
line 443move$t2, $a0
0 0 4 50 3 0 0 0 0 0 3 312 3 10 0 0 0 0 0 0 0 0 0 0 0 0 0 0 0 4194040 4194300 363 491 2 0 
line 444move$t3, $a0
0 0 4 50 3 0 0 0 0 0 3 3 3 10 0 0 0 0 0 0 0 0 0 0 0 0 0 0 0 4194040 4194300 363 492 2 0 
line 445li$t5, 10
0 0 4 50 3 0 0 0 0 0 3 3 3 10 0 0 0 0 0 0 0 0 0 0 0 0 0 0 0 4194040 4194300 363 493 2 0 
line 446div$t2, $t5
0 0 4 50 3 0 0 0 0 0 3 3 3 10 0 0 0 0 0 0 0 0 0 0 0 0 0 0 0 4194040 4194300 363 494 3 0 
line 447mflo$v0
0 0 0 50 3 0 0 0 0 0 3 3 3 10 0 0 0 0 0 0 0 0 0 0 0 0 0 0 0 4194040 4194300 363 495 3 0 
line 448mfhi$v1
0 0 0 3 3 0 0 0 0 0 3 3 3 10 0 0 0 0 0 0 0 0 0 0 0 0 0 0 0 4194040 4194300 363 496 3 0 
line 449_not_yet bgtz$v0, _not_yet
0 0 0 3 3 0 0 0 0 0 3 3 3 10 0 0 0 0 0 0 0 0 0 0 0 0 0 0 0 4194040 4194300 363 497 3 0 
line 450_not_yet bgtz$v1, _not_yet
0 0 0 3 3 0 0 0 0 0 3 3 3 10 0 0 0 0 0 0 0 0 0 0 0 0 0 0 0 4194040 4194300 363 499 3 0 
line 451add$t1, $t1, 1
0 0 0 3 3 0 0 0 0 1 3 3 3 10 0 0 0 0 0 0 0 0 0 0 0 0 0 0 0 4194040 4194300 363 500 3 0 
line 452move$t2, $v0
0 0 0 3 3 0 0 0 0 1 0 3 3 10 0 0 0 0 0 0 0 0 0 0 0 0 0 0 0 4194040 4194300 363 501 3 0 
line 453_begin_count_digit j_begin_count_digit
0 0 0 3 3 0 0 0 0 1 0 3 3 10 0 0 0 0 0 0 0 0 0 0 0 0 0 0 0 4194040 4194300 363 493 3 0 
line 454div$t2, $t5
0 0 0 3 3 0 0 0 0 1 0 3 3 10 0 0 0 0 0 0 0 0 0 0 0 0 0 0 0 4194040 4194300 363 494 0 0 
line 455mflo$v0
0 0 0 3 3 0 0 0 0 1 0 3 3 10 0 0 0 0 0 0 0 0 0 0 0 0 0 0 0 4194040 4194300 363 495 0 0 
line 456mfhi$v1
0 0 0 0 3 0 0 0 0 1 0 3 3 10 0 0 0 0 0 0 0 0 0 0 0 0 0 0 0 4194040 4194300 363 496 0 0 
line 457_not_yet bgtz$v0, _not_yet
0 0 0 0 3 0 0 0 0 1 0 3 3 10 0 0 0 0 0 0 0 0 0 0 0 0 0 0 0 4194040 4194300 363 497 0 0 
line 458_not_yet bgtz$v1, _not_yet
0 0 0 0 3 0 0 0 0 1 0 3 3 10 0 0 0 0 0 0 0 0 0 0 0 0 0 0 0 4194040 4194300 363 498 0 0 
line 459_yet j_yet
0 0 0 0 3 0 0 0 0 1 0 3 3 10 0 0 0 0 0 0 0 0 0 0 0 0 0 0 0 4194040 4194300 363 502 0 0 
line 460_skip_reserve_neg beqz$t0, _skip_reserve_neg
0 0 0 0 3 0 0 0 0 1 0 3 3 10 0 0 0 0 0 0 0 0 0 0 0 0 0 0 0 4194040 4194300 363 504 0 0 
line 461add$a0, $t1, 5
0 0 0 0 6 0 0 0 0 1 0 3 3 10 0 0 0 0 0 0 0 0 0 0 0 0 0 0 0 4194040 4194300 363 505 0 0 
line 462li$v0, 9
0 0 9 0 6 0 0 0 0 1 0 3 3 10 0 0 0 0 0 0 0 0 0 0 0 0 0 0 0 4194040 4194300 363 506 0 0 
line 463syscall
0 0 356 0 6 0 0 0 0 1 0 3 3 10 0 0 0 0 0 0 0 0 0 0 0 0 0 0 0 4194040 4194300 363 507 0 0 
line 464sw$t1, 0($v0)
0 0 356 0 6 0 0 0 0 1 0 3 3 10 0 0 0 0 0 0 0 0 0 0 0 0 0 0 0 4194040 4194300 363 508 0 0 
line 465add$v0, $v0, 4
0 0 360 0 6 0 0 0 0 1 0 3 3 10 0 0 0 0 0 0 0 0 0 0 0 0 0 0 0 4194040 4194300 363 509 0 0 
line 466add$t1, $t1, $v0
0 0 360 0 6 0 0 0 0 361 0 3 3 10 0 0 0 0 0 0 0 0 0 0 0 0 0 0 0 4194040 4194300 363 510 0 0 
line 467sb$zero, 0($t1)
0 0 360 0 6 0 0 0 0 361 0 3 3 10 0 0 0 0 0 0 0 0 0 0 0 0 0 0 0 4194040 4194300 363 511 0 0 
line 468sub$t1, $t1, 1
0 0 360 0 6 0 0 0 0 360 0 3 3 10 0 0 0 0 0 0 0 0 0 0 0 0 0 0 0 4194040 4194300 363 512 0 0 
line 469div$t3, $t5
0 0 360 0 6 0 0 0 0 360 0 3 3 10 0 0 0 0 0 0 0 0 0 0 0 0 0 0 0 4194040 4194300 363 513 3 0 
line 470mfhi$v1
0 0 360 3 6 0 0 0 0 360 0 3 3 10 0 0 0 0 0 0 0 0 0 0 0 0 0 0 0 4194040 4194300 363 514 3 0 
line 471add$v1, $v1, 48
0 0 360 51 6 0 0 0 0 360 0 3 3 10 0 0 0 0 0 0 0 0 0 0 0 0 0 0 0 4194040 4194300 363 515 3 0 
line 472sb$v1, 0($t1)
0 0 360 51 6 0 0 0 0 360 0 3 3 10 0 0 0 0 0 0 0 0 0 0 0 0 0 0 0 4194040 4194300 363 516 3 0 
line 473sub$t1, $t1, 1
0 0 360 51 6 0 0 0 0 359 0 3 3 10 0 0 0 0 0 0 0 0 0 0 0 0 0 0 0 4194040 4194300 363 517 3 0 
line 474mflo$t3
0 0 360 51 6 0 0 0 0 359 0 0 3 10 0 0 0 0 0 0 0 0 0 0 0 0 0 0 0 4194040 4194300 363 518 3 0 
line 475_continue_toString bnez$t3, _continue_toString
0 0 360 51 6 0 0 0 0 359 0 0 3 10 0 0 0 0 0 0 0 0 0 0 0 0 0 0 0 4194040 4194300 363 519 3 0 
line 476_skip_place_neg beqz$t0, _skip_place_neg
0 0 360 51 6 0 0 0 0 359 0 0 3 10 0 0 0 0 0 0 0 0 0 0 0 0 0 0 0 4194040 4194300 363 522 3 0 
line 477jr$ra
0 0 360 51 6 0 0 0 0 359 0 0 3 10 0 0 0 0 0 0 0 0 0 0 0 0 0 0 0 4194040 4194300 363 364 3 0 
line 478sw$v0, -128($fp)
0 0 360 51 6 0 0 0 0 359 0 0 3 10 0 0 0 0 0 0 0 0 0 0 0 0 0 0 0 4194040 4194300 363 365 3 0 
line 479lw$8, -128($fp)
0 0 360 51 6 0 0 0 360 359 0 0 3 10 0 0 0 0 0 0 0 0 0 0 0 0 0 0 0 4194040 4194300 363 366 3 0 
line 480li$v0, 4
0 0 4 51 6 0 0 0 360 359 0 0 3 10 0 0 0 0 0 0 0 0 0 0 0 0 0 0 0 4194040 4194300 363 367 3 0 
line 481move$a0, $8
0 0 4 51 360 0 0 0 360 359 0 0 3 10 0 0 0 0 0 0 0 0 0 0 0 0 0 0 0 4194040 4194300 363 368 3 0 
3line 482syscall
0 0 4 51 360 0 0 0 360 359 0 0 3 10 0 0 0 0 0 0 0 0 0 0 0 0 0 0 0 4194040 4194300 363 369 3 0 
line 483lw$8, -4($fp)
0 0 4 51 360 0 0 0 2 359 0 0 3 10 0 0 0 0 0 0 0 0 0 0 0 0 0 0 0 4194040 4194300 363 370 3 0 
line 484add$8, $8, 1
0 0 4 51 360 0 0 0 3 359 0 0 3 10 0 0 0 0 0 0 0 0 0 0 0 0 0 0 0 4194040 4194300 363 371 3 0 
line 485move$8, $8
0 0 4 51 360 0 0 0 3 359 0 0 3 10 0 0 0 0 0 0 0 0 0 0 0 0 0 0 0 4194040 4194300 363 372 3 0 
line 486sw$8, -4($fp)
0 0 4 51 360 0 0 0 3 359 0 0 3 10 0 0 0 0 0 0 0 0 0 0 0 0 0 0 0 4194040 4194300 363 373 3 0 
line 487_begin_loop_6 b_begin_loop_6
0 0 4 51 360 0 0 0 3 359 0 0 3 10 0 0 0 0 0 0 0 0 0 0 0 0 0 0 0 4194040 4194300 363 352 3 0 
line 488_static_1 lw$8, _static_1
0 0 4 51 360 0 0 0 304 359 0 0 3 10 0 0 0 0 0 0 0 0 0 0 0 0 0 0 0 4194040 4194300 363 353 3 0 
line 489sub$9, $8, 4
0 0 4 51 360 0 0 0 304 300 0 0 3 10 0 0 0 0 0 0 0 0 0 0 0 0 0 0 0 4194040 4194300 363 354 3 0 
line 490lw$10, 0($9)
0 0 4 51 360 0 0 0 304 300 4 0 3 10 0 0 0 0 0 0 0 0 0 0 0 0 0 0 0 4194040 4194300 363 355 3 0 
line 491lw$11, -4($fp)
0 0 4 51 360 0 0 0 304 300 4 3 3 10 0 0 0 0 0 0 0 0 0 0 0 0 0 0 0 4194040 4194300 363 356 3 0 
line 492_end_loop_6 bge$11, $10, _end_loop_6
0 0 4 51 360 0 0 0 304 300 4 3 3 10 0 0 0 0 0 0 0 0 0 0 0 0 0 0 0 4194040 4194300 363 357 3 0 
line 493lw$8, -4($fp)
0 0 4 51 360 0 0 0 3 300 4 3 3 10 0 0 0 0 0 0 0 0 0 0 0 0 0 0 0 4194040 4194300 363 358 3 0 
line 494mul$9, $8, 4
0 0 4 51 360 0 0 0 3 12 4 3 3 10 0 0 0 0 0 0 0 0 0 0 0 0 0 0 0 4194040 4194300 363 359 3 0 
line 495_static_1 lw$10, _static_1
0 0 4 51 360 0 0 0 3 12 304 3 3 10 0 0 0 0 0 0 0 0 0 0 0 0 0 0 0 4194040 4194300 363 360 3 0 
line 496add$11, $10, $9
0 0 4 51 360 0 0 0 3 12 304 316 3 10 0 0 0 0 0 0 0 0 0 0 0 0 0 0 0 4194040 4194300 363 361 3 0 
line 497lw$12, 0($11)
0 0 4 51 360 0 0 0 3 12 304 316 4 10 0 0 0 0 0 0 0 0 0 0 0 0 0 0 0 4194040 4194300 363 362 3 0 
line 498sw$12, -4($sp)
0 0 4 51 360 0 0 0 3 12 304 316 4 10 0 0 0 0 0 0 0 0 0 0 0 0 0 0 0 4194040 4194300 363 363 3 0 
line 499_func_____built_in_toString jal_func_____built_in_toString
0 0 4 51 360 0 0 0 3 12 304 316 4 10 0 0 0 0 0 0 0 0 0 0 0 0 0 0 0 4194040 4194300 363 483 3 0 
line 500lw$a0, -4($sp)
0 0 4 51 4 0 0 0 3 12 304 316 4 10 0 0 0 0 0 0 0 0 0 0 0 0 0 0 0 4194040 4194300 363 484 3 0 
line 501li$t0, 0
0 0 4 51 4 0 0 0 0 12 304 316 4 10 0 0 0 0 0 0 0 0 0 0 0 0 0 0 0 4194040 4194300 363 485 3 0 
line 502_skip_set_less_than_zero bgez$a0, _skip_set_less_than_zero
0 0 4 51 4 0 0 0 0 12 304 316 4 10 0 0 0 0 0 0 0 0 0 0 0 0 0 0 0 4194040 4194300 363 488 3 0 
line 503_set_zero beqz$a0, _set_zero
0 0 4 51 4 0 0 0 0 12 304 316 4 10 0 0 0 0 0 0 0 0 0 0 0 0 0 0 0 4194040 4194300 363 489 3 0 
line 504li$t1, 0
0 0 4 51 4 0 0 0 0 0 304 316 4 10 0 0 0 0 0 0 0 0 0 0 0 0 0 0 0 4194040 4194300 363 490 3 0 
line 505move$t2, $a0
0 0 4 51 4 0 0 0 0 0 4 316 4 10 0 0 0 0 0 0 0 0 0 0 0 0 0 0 0 4194040 4194300 363 491 3 0 
line 506move$t3, $a0
0 0 4 51 4 0 0 0 0 0 4 4 4 10 0 0 0 0 0 0 0 0 0 0 0 0 0 0 0 4194040 4194300 363 492 3 0 
line 507li$t5, 10
0 0 4 51 4 0 0 0 0 0 4 4 4 10 0 0 0 0 0 0 0 0 0 0 0 0 0 0 0 4194040 4194300 363 493 3 0 
line 508div$t2, $t5
0 0 4 51 4 0 0 0 0 0 4 4 4 10 0 0 0 0 0 0 0 0 0 0 0 0 0 0 0 4194040 4194300 363 494 4 0 
line 509mflo$v0
0 0 0 51 4 0 0 0 0 0 4 4 4 10 0 0 0 0 0 0 0 0 0 0 0 0 0 0 0 4194040 4194300 363 495 4 0 
line 510mfhi$v1
0 0 0 4 4 0 0 0 0 0 4 4 4 10 0 0 0 0 0 0 0 0 0 0 0 0 0 0 0 4194040 4194300 363 496 4 0 
line 511_not_yet bgtz$v0, _not_yet
0 0 0 4 4 0 0 0 0 0 4 4 4 10 0 0 0 0 0 0 0 0 0 0 0 0 0 0 0 4194040 4194300 363 497 4 0 
line 512_not_yet bgtz$v1, _not_yet
0 0 0 4 4 0 0 0 0 0 4 4 4 10 0 0 0 0 0 0 0 0 0 0 0 0 0 0 0 4194040 4194300 363 499 4 0 
line 513add$t1, $t1, 1
0 0 0 4 4 0 0 0 0 1 4 4 4 10 0 0 0 0 0 0 0 0 0 0 0 0 0 0 0 4194040 4194300 363 500 4 0 
line 514move$t2, $v0
0 0 0 4 4 0 0 0 0 1 0 4 4 10 0 0 0 0 0 0 0 0 0 0 0 0 0 0 0 4194040 4194300 363 501 4 0 
line 515_begin_count_digit j_begin_count_digit
0 0 0 4 4 0 0 0 0 1 0 4 4 10 0 0 0 0 0 0 0 0 0 0 0 0 0 0 0 4194040 4194300 363 493 4 0 
line 516div$t2, $t5
0 0 0 4 4 0 0 0 0 1 0 4 4 10 0 0 0 0 0 0 0 0 0 0 0 0 0 0 0 4194040 4194300 363 494 0 0 
line 517mflo$v0
0 0 0 4 4 0 0 0 0 1 0 4 4 10 0 0 0 0 0 0 0 0 0 0 0 0 0 0 0 4194040 4194300 363 495 0 0 
line 518mfhi$v1
0 0 0 0 4 0 0 0 0 1 0 4 4 10 0 0 0 0 0 0 0 0 0 0 0 0 0 0 0 4194040 4194300 363 496 0 0 
line 519_not_yet bgtz$v0, _not_yet
0 0 0 0 4 0 0 0 0 1 0 4 4 10 0 0 0 0 0 0 0 0 0 0 0 0 0 0 0 4194040 4194300 363 497 0 0 
line 520_not_yet bgtz$v1, _not_yet
0 0 0 0 4 0 0 0 0 1 0 4 4 10 0 0 0 0 0 0 0 0 0 0 0 0 0 0 0 4194040 4194300 363 498 0 0 
line 521_yet j_yet
0 0 0 0 4 0 0 0 0 1 0 4 4 10 0 0 0 0 0 0 0 0 0 0 0 0 0 0 0 4194040 4194300 363 502 0 0 
line 522_skip_reserve_neg beqz$t0, _skip_reserve_neg
0 0 0 0 4 0 0 0 0 1 0 4 4 10 0 0 0 0 0 0 0 0 0 0 0 0 0 0 0 4194040 4194300 363 504 0 0 
line 523add$a0, $t1, 5
0 0 0 0 6 0 0 0 0 1 0 4 4 10 0 0 0 0 0 0 0 0 0 0 0 0 0 0 0 4194040 4194300 363 505 0 0 
line 524li$v0, 9
0 0 9 0 6 0 0 0 0 1 0 4 4 10 0 0 0 0 0 0 0 0 0 0 0 0 0 0 0 4194040 4194300 363 506 0 0 
line 525syscall
0 0 362 0 6 0 0 0 0 1 0 4 4 10 0 0 0 0 0 0 0 0 0 0 0 0 0 0 0 4194040 4194300 363 507 0 0 
line 526sw$t1, 0($v0)
0 0 362 0 6 0 0 0 0 1 0 4 4 10 0 0 0 0 0 0 0 0 0 0 0 0 0 0 0 4194040 4194300 363 508 0 0 
line 527add$v0, $v0, 4
0 0 366 0 6 0 0 0 0 1 0 4 4 10 0 0 0 0 0 0 0 0 0 0 0 0 0 0 0 4194040 4194300 363 509 0 0 
line 528add$t1, $t1, $v0
0 0 366 0 6 0 0 0 0 367 0 4 4 10 0 0 0 0 0 0 0 0 0 0 0 0 0 0 0 4194040 4194300 363 510 0 0 
line 529sb$zero, 0($t1)
0 0 366 0 6 0 0 0 0 367 0 4 4 10 0 0 0 0 0 0 0 0 0 0 0 0 0 0 0 4194040 4194300 363 511 0 0 
line 530sub$t1, $t1, 1
0 0 366 0 6 0 0 0 0 366 0 4 4 10 0 0 0 0 0 0 0 0 0 0 0 0 0 0 0 4194040 4194300 363 512 0 0 
line 531div$t3, $t5
0 0 366 0 6 0 0 0 0 366 0 4 4 10 0 0 0 0 0 0 0 0 0 0 0 0 0 0 0 4194040 4194300 363 513 4 0 
line 532mfhi$v1
0 0 366 4 6 0 0 0 0 366 0 4 4 10 0 0 0 0 0 0 0 0 0 0 0 0 0 0 0 4194040 4194300 363 514 4 0 
line 533add$v1, $v1, 48
0 0 366 52 6 0 0 0 0 366 0 4 4 10 0 0 0 0 0 0 0 0 0 0 0 0 0 0 0 4194040 4194300 363 515 4 0 
line 534sb$v1, 0($t1)
0 0 366 52 6 0 0 0 0 366 0 4 4 10 0 0 0 0 0 0 0 0 0 0 0 0 0 0 0 4194040 4194300 363 516 4 0 
line 535sub$t1, $t1, 1
0 0 366 52 6 0 0 0 0 365 0 4 4 10 0 0 0 0 0 0 0 0 0 0 0 0 0 0 0 4194040 4194300 363 517 4 0 
line 536mflo$t3
0 0 366 52 6 0 0 0 0 365 0 0 4 10 0 0 0 0 0 0 0 0 0 0 0 0 0 0 0 4194040 4194300 363 518 4 0 
line 537_continue_toString bnez$t3, _continue_toString
0 0 366 52 6 0 0 0 0 365 0 0 4 10 0 0 0 0 0 0 0 0 0 0 0 0 0 0 0 4194040 4194300 363 519 4 0 
line 538_skip_place_neg beqz$t0, _skip_place_neg
0 0 366 52 6 0 0 0 0 365 0 0 4 10 0 0 0 0 0 0 0 0 0 0 0 0 0 0 0 4194040 4194300 363 522 4 0 
line 539jr$ra
0 0 366 52 6 0 0 0 0 365 0 0 4 10 0 0 0 0 0 0 0 0 0 0 0 0 0 0 0 4194040 4194300 363 364 4 0 
line 540sw$v0, -128($fp)
0 0 366 52 6 0 0 0 0 365 0 0 4 10 0 0 0 0 0 0 0 0 0 0 0 0 0 0 0 4194040 4194300 363 365 4 0 
line 541lw$8, -128($fp)
0 0 366 52 6 0 0 0 366 365 0 0 4 10 0 0 0 0 0 0 0 0 0 0 0 0 0 0 0 4194040 4194300 363 366 4 0 
line 542li$v0, 4
0 0 4 52 6 0 0 0 366 365 0 0 4 10 0 0 0 0 0 0 0 0 0 0 0 0 0 0 0 4194040 4194300 363 367 4 0 
line 543move$a0, $8
0 0 4 52 366 0 0 0 366 365 0 0 4 10 0 0 0 0 0 0 0 0 0 0 0 0 0 0 0 4194040 4194300 363 368 4 0 
4line 544syscall
0 0 4 52 366 0 0 0 366 365 0 0 4 10 0 0 0 0 0 0 0 0 0 0 0 0 0 0 0 4194040 4194300 363 369 4 0 
line 545lw$8, -4($fp)
0 0 4 52 366 0 0 0 3 365 0 0 4 10 0 0 0 0 0 0 0 0 0 0 0 0 0 0 0 4194040 4194300 363 370 4 0 
line 546add$8, $8, 1
0 0 4 52 366 0 0 0 4 365 0 0 4 10 0 0 0 0 0 0 0 0 0 0 0 0 0 0 0 4194040 4194300 363 371 4 0 
line 547move$8, $8
0 0 4 52 366 0 0 0 4 365 0 0 4 10 0 0 0 0 0 0 0 0 0 0 0 0 0 0 0 4194040 4194300 363 372 4 0 
line 548sw$8, -4($fp)
0 0 4 52 366 0 0 0 4 365 0 0 4 10 0 0 0 0 0 0 0 0 0 0 0 0 0 0 0 4194040 4194300 363 373 4 0 
line 549_begin_loop_6 b_begin_loop_6
0 0 4 52 366 0 0 0 4 365 0 0 4 10 0 0 0 0 0 0 0 0 0 0 0 0 0 0 0 4194040 4194300 363 352 4 0 
line 550_static_1 lw$8, _static_1
0 0 4 52 366 0 0 0 304 365 0 0 4 10 0 0 0 0 0 0 0 0 0 0 0 0 0 0 0 4194040 4194300 363 353 4 0 
line 551sub$9, $8, 4
0 0 4 52 366 0 0 0 304 300 0 0 4 10 0 0 0 0 0 0 0 0 0 0 0 0 0 0 0 4194040 4194300 363 354 4 0 
line 552lw$10, 0($9)
0 0 4 52 366 0 0 0 304 300 4 0 4 10 0 0 0 0 0 0 0 0 0 0 0 0 0 0 0 4194040 4194300 363 355 4 0 
line 553lw$11, -4($fp)
0 0 4 52 366 0 0 0 304 300 4 4 4 10 0 0 0 0 0 0 0 0 0 0 0 0 0 0 0 4194040 4194300 363 356 4 0 
line 554_end_loop_6 bge$11, $10, _end_loop_6
0 0 4 52 366 0 0 0 304 300 4 4 4 10 0 0 0 0 0 0 0 0 0 0 0 0 0 0 0 4194040 4194300 363 374 4 0 
line 555lw$ra, 0($sp)
0 0 4 52 366 0 0 0 304 300 4 4 4 10 0 0 0 0 0 0 0 0 0 0 0 0 0 0 0 4194040 4194300 20 375 4 0 
line 556add$sp, $fp, 4
0 0 4 52 366 0 0 0 304 300 4 4 4 10 0 0 0 0 0 0 0 0 0 0 0 0 0 0 0 4194304 4194300 20 376 4 0 
line 557lw$fp, -252($fp)
0 0 4 52 366 0 0 0 304 300 4 4 4 10 0 0 0 0 0 0 0 0 0 0 0 0 0 0 0 4194304 4194304 20 377 4 0 
line 558jr$ra
0 0 4 52 366 0 0 0 304 300 4 4 4 10 0 0 0 0 0 0 0 0 0 0 0 0 0 0 0 4194304 4194304 20 21 4 0 
line 559move$a0, $v0
0 0 4 52 4 0 0 0 304 300 4 4 4 10 0 0 0 0 0 0 0 0 0 0 0 0 0 0 0 4194304 4194304 20 22 4 0 
line 560li$v0, 17
0 0 17 52 4 0 0 0 304 300 4 4 4 10 0 0 0 0 0 0 0 0 0 0 0 0 0 0 0 4194304 4194304 20 23 4 0 
