0:  _buffer_init jal_buffer_init
0 0 0 0 0 0 0 0 0 0 0 0 0 0 0 0 0 0 0 0 0 0 0 0 0 0 0 0 0 4194304 0 6 0 0 0 
1:  li$a0, 256
0 0 0 0 256 0 0 0 0 0 0 0 0 0 0 0 0 0 0 0 0 0 0 0 0 0 0 0 0 4194304 0 6 1 0 0 
2:  li$v0, 9
0 0 9 0 256 0 0 0 0 0 0 0 0 0 0 0 0 0 0 0 0 0 0 0 0 0 0 0 0 4194304 0 6 2 0 0 
3:  syscall
0 0 24 0 256 0 0 0 0 0 0 0 0 0 0 0 0 0 0 0 0 0 0 0 0 0 0 0 0 4194304 0 6 3 0 0 
4:  _buffer sw$v0, _buffer
0 0 24 0 256 0 0 0 0 0 0 0 0 0 0 0 0 0 0 0 0 0 0 0 0 0 0 0 0 4194304 0 6 4 0 0 
5:  jr$ra
0 0 24 0 256 0 0 0 0 0 0 0 0 0 0 0 0 0 0 0 0 0 0 0 0 0 0 0 0 4194304 0 6 6 0 0 
6:  add$fp, $zero, $sp
0 0 24 0 256 0 0 0 0 0 0 0 0 0 0 0 0 0 0 0 0 0 0 0 0 0 0 0 0 4194304 4194304 6 7 0 0 
7:  li$8, 4
0 0 24 0 256 0 0 0 4 0 0 0 0 0 0 0 0 0 0 0 0 0 0 0 0 0 0 0 0 4194304 4194304 6 8 0 0 
8:  add$9, $8, 1
0 0 24 0 256 0 0 0 4 5 0 0 0 0 0 0 0 0 0 0 0 0 0 0 0 0 0 0 0 4194304 4194304 6 9 0 0 
9:  mul$10, $9, 4
0 0 24 0 256 0 0 0 4 5 20 0 0 0 0 0 0 0 0 0 0 0 0 0 0 0 0 0 0 4194304 4194304 6 10 0 0 
10:  li$v0, 9
0 0 9 0 256 0 0 0 4 5 20 0 0 0 0 0 0 0 0 0 0 0 0 0 0 0 0 0 0 4194304 4194304 6 11 0 0 
11:  move$a0, $10
0 0 9 0 20 0 0 0 4 5 20 0 0 0 0 0 0 0 0 0 0 0 0 0 0 0 0 0 0 4194304 4194304 6 12 0 0 
12:  syscall
0 0 280 0 20 0 0 0 4 5 20 0 0 0 0 0 0 0 0 0 0 0 0 0 0 0 0 0 0 4194304 4194304 6 13 0 0 
13:  sw$v0, -12($fp)
0 0 280 0 20 0 0 0 4 5 20 0 0 0 0 0 0 0 0 0 0 0 0 0 0 0 0 0 0 4194304 4194304 6 14 0 0 
14:  li$8, 4
0 0 280 0 20 0 0 0 4 5 20 0 0 0 0 0 0 0 0 0 0 0 0 0 0 0 0 0 0 4194304 4194304 6 15 0 0 
15:  lw$9, -12($fp)
0 0 280 0 20 0 0 0 4 280 20 0 0 0 0 0 0 0 0 0 0 0 0 0 0 0 0 0 0 4194304 4194304 6 16 0 0 
16:  sw$8, 0($9)
0 0 280 0 20 0 0 0 4 280 20 0 0 0 0 0 0 0 0 0 0 0 0 0 0 0 0 0 0 4194304 4194304 6 17 0 0 
17:  add$10, $9, 4
0 0 280 0 20 0 0 0 4 280 284 0 0 0 0 0 0 0 0 0 0 0 0 0 0 0 0 0 0 4194304 4194304 6 18 0 0 
18:  _static_1 sw$10, _static_1
0 0 280 0 20 0 0 0 4 280 284 0 0 0 0 0 0 0 0 0 0 0 0 0 0 0 0 0 0 4194304 4194304 6 19 0 0 
19:  _func_main jal_func_main
0 0 280 0 20 0 0 0 4 280 284 0 0 0 0 0 0 0 0 0 0 0 0 0 0 0 0 0 0 4194304 4194304 20 269 0 0 
20:  sw$fp, -256($sp)
0 0 280 0 20 0 0 0 4 280 284 0 0 0 0 0 0 0 0 0 0 0 0 0 0 0 0 0 0 4194304 4194304 20 270 0 0 
21:  add$fp, $sp, -4
0 0 280 0 20 0 0 0 4 280 284 0 0 0 0 0 0 0 0 0 0 0 0 0 0 0 0 0 0 4194304 4194300 20 271 0 0 
22:  add$sp, $fp, -260
0 0 280 0 20 0 0 0 4 280 284 0 0 0 0 0 0 0 0 0 0 0 0 0 0 0 0 0 0 4194040 4194300 20 272 0 0 
23:  sw$ra, 0($sp)
0 0 280 0 20 0 0 0 4 280 284 0 0 0 0 0 0 0 0 0 0 0 0 0 0 0 0 0 0 4194040 4194300 20 273 0 0 
24:  _static_1 lw$8, _static_1
0 0 280 0 20 0 0 0 284 280 284 0 0 0 0 0 0 0 0 0 0 0 0 0 0 0 0 0 0 4194040 4194300 20 274 0 0 
25:  sub$9, $8, 4
0 0 280 0 20 0 0 0 284 280 284 0 0 0 0 0 0 0 0 0 0 0 0 0 0 0 0 0 0 4194040 4194300 20 275 0 0 
26:  lw$10, 0($9)
0 0 280 0 20 0 0 0 284 280 4 0 0 0 0 0 0 0 0 0 0 0 0 0 0 0 0 0 0 4194040 4194300 20 276 0 0 
27:  add$11, $10, 1
0 0 280 0 20 0 0 0 284 280 4 5 0 0 0 0 0 0 0 0 0 0 0 0 0 0 0 0 0 4194040 4194300 20 277 0 0 
28:  mul$12, $11, 4
0 0 280 0 20 0 0 0 284 280 4 5 20 0 0 0 0 0 0 0 0 0 0 0 0 0 0 0 0 4194040 4194300 20 278 0 0 
29:  li$v0, 9
0 0 9 0 20 0 0 0 284 280 4 5 20 0 0 0 0 0 0 0 0 0 0 0 0 0 0 0 0 4194040 4194300 20 279 0 0 
30:  move$a0, $12
0 0 9 0 20 0 0 0 284 280 4 5 20 0 0 0 0 0 0 0 0 0 0 0 0 0 0 0 0 4194040 4194300 20 280 0 0 
31:  sw$10, -12($fp)
0 0 9 0 20 0 0 0 284 280 4 5 20 0 0 0 0 0 0 0 0 0 0 0 0 0 0 0 0 4194040 4194300 20 281 0 0 
32:  syscall
0 0 300 0 20 0 0 0 284 280 4 5 20 0 0 0 0 0 0 0 0 0 0 0 0 0 0 0 0 4194040 4194300 20 282 0 0 
33:  sw$v0, -24($fp)
0 0 300 0 20 0 0 0 284 280 4 5 20 0 0 0 0 0 0 0 0 0 0 0 0 0 0 0 0 4194040 4194300 20 283 0 0 
34:  lw$8, -12($fp)
0 0 300 0 20 0 0 0 4 280 4 5 20 0 0 0 0 0 0 0 0 0 0 0 0 0 0 0 0 4194040 4194300 20 284 0 0 
35:  lw$9, -24($fp)
0 0 300 0 20 0 0 0 4 300 4 5 20 0 0 0 0 0 0 0 0 0 0 0 0 0 0 0 0 4194040 4194300 20 285 0 0 
36:  sw$8, 0($9)
0 0 300 0 20 0 0 0 4 300 4 5 20 0 0 0 0 0 0 0 0 0 0 0 0 0 0 0 0 4194040 4194300 20 286 0 0 
37:  add$10, $9, 4
0 0 300 0 20 0 0 0 4 300 304 5 20 0 0 0 0 0 0 0 0 0 0 0 0 0 0 0 0 4194040 4194300 20 287 0 0 
38:  li$11, 0
0 0 300 0 20 0 0 0 4 300 304 0 20 0 0 0 0 0 0 0 0 0 0 0 0 0 0 0 0 4194040 4194300 20 288 0 0 
39:  sw$10, 0($fp)
0 0 300 0 20 0 0 0 4 300 304 0 20 0 0 0 0 0 0 0 0 0 0 0 0 0 0 0 0 4194040 4194300 20 289 0 0 
40:  sw$11, -4($fp)
0 0 300 0 20 0 0 0 4 300 304 0 20 0 0 0 0 0 0 0 0 0 0 0 0 0 0 0 0 4194040 4194300 20 290 0 0 
41:  _static_1 lw$8, _static_1
0 0 300 0 20 0 0 0 284 300 304 0 20 0 0 0 0 0 0 0 0 0 0 0 0 0 0 0 0 4194040 4194300 20 291 0 0 
42:  sub$9, $8, 4
0 0 300 0 20 0 0 0 284 280 304 0 20 0 0 0 0 0 0 0 0 0 0 0 0 0 0 0 0 4194040 4194300 20 292 0 0 
43:  lw$10, 0($9)
0 0 300 0 20 0 0 0 284 280 4 0 20 0 0 0 0 0 0 0 0 0 0 0 0 0 0 0 0 4194040 4194300 20 293 0 0 
44:  lw$11, -4($fp)
0 0 300 0 20 0 0 0 284 280 4 0 20 0 0 0 0 0 0 0 0 0 0 0 0 0 0 0 0 4194040 4194300 20 294 0 0 
45:  _end_loop_4 bge$11, $10, _end_loop_4
0 0 300 0 20 0 0 0 284 280 4 0 20 0 0 0 0 0 0 0 0 0 0 0 0 0 0 0 0 4194040 4194300 20 295 0 0 
46:  lw$8, -4($fp)
0 0 300 0 20 0 0 0 0 280 4 0 20 0 0 0 0 0 0 0 0 0 0 0 0 0 0 0 0 4194040 4194300 20 296 0 0 
47:  mul$9, $8, 4
0 0 300 0 20 0 0 0 0 0 4 0 20 0 0 0 0 0 0 0 0 0 0 0 0 0 0 0 0 4194040 4194300 20 297 0 0 
48:  _static_1 lw$10, _static_1
0 0 300 0 20 0 0 0 0 0 284 0 20 0 0 0 0 0 0 0 0 0 0 0 0 0 0 0 0 4194040 4194300 20 298 0 0 
49:  add$11, $10, $9
0 0 300 0 20 0 0 0 0 0 284 284 20 0 0 0 0 0 0 0 0 0 0 0 0 0 0 0 0 4194040 4194300 20 299 0 0 
50:  sw$zero, 0($11)
0 0 300 0 20 0 0 0 0 0 284 284 20 0 0 0 0 0 0 0 0 0 0 0 0 0 0 0 0 4194040 4194300 20 300 0 0 
51:  li$v0, 5
0 0 5 0 20 0 0 0 0 0 284 284 20 0 0 0 0 0 0 0 0 0 0 0 0 0 0 0 0 4194040 4194300 20 301 0 0 
52:  syscall
0 0 1 0 20 0 0 0 0 0 284 284 20 0 0 0 0 0 0 0 0 0 0 0 0 0 0 0 0 4194040 4194300 20 302 0 0 
53:  sw$v0, -60($fp)
0 0 1 0 20 0 0 0 0 0 284 284 20 0 0 0 0 0 0 0 0 0 0 0 0 0 0 0 0 4194040 4194300 20 303 0 0 
54:  lw$8, -4($fp)
0 0 1 0 20 0 0 0 0 0 284 284 20 0 0 0 0 0 0 0 0 0 0 0 0 0 0 0 0 4194040 4194300 20 304 0 0 
55:  mul$9, $8, 4
0 0 1 0 20 0 0 0 0 0 284 284 20 0 0 0 0 0 0 0 0 0 0 0 0 0 0 0 0 4194040 4194300 20 305 0 0 
56:  lw$10, 0($fp)
0 0 1 0 20 0 0 0 0 0 304 284 20 0 0 0 0 0 0 0 0 0 0 0 0 0 0 0 0 4194040 4194300 20 306 0 0 
57:  add$11, $10, $9
0 0 1 0 20 0 0 0 0 0 304 304 20 0 0 0 0 0 0 0 0 0 0 0 0 0 0 0 0 4194040 4194300 20 307 0 0 
58:  lw$12, -60($fp)
0 0 1 0 20 0 0 0 0 0 304 304 1 0 0 0 0 0 0 0 0 0 0 0 0 0 0 0 0 4194040 4194300 20 308 0 0 
59:  sw$12, 0($11)
0 0 1 0 20 0 0 0 0 0 304 304 1 0 0 0 0 0 0 0 0 0 0 0 0 0 0 0 0 4194040 4194300 20 309 0 0 
60:  lw$8, -4($fp)
0 0 1 0 20 0 0 0 0 0 304 304 1 0 0 0 0 0 0 0 0 0 0 0 0 0 0 0 0 4194040 4194300 20 310 0 0 
61:  add$8, $8, 1
0 0 1 0 20 0 0 0 1 0 304 304 1 0 0 0 0 0 0 0 0 0 0 0 0 0 0 0 0 4194040 4194300 20 311 0 0 
62:  move$8, $8
0 0 1 0 20 0 0 0 1 0 304 304 1 0 0 0 0 0 0 0 0 0 0 0 0 0 0 0 0 4194040 4194300 20 312 0 0 
63:  sw$8, -4($fp)
0 0 1 0 20 0 0 0 1 0 304 304 1 0 0 0 0 0 0 0 0 0 0 0 0 0 0 0 0 4194040 4194300 20 313 0 0 
64:  _begin_loop_4 b_begin_loop_4
0 0 1 0 20 0 0 0 1 0 304 304 1 0 0 0 0 0 0 0 0 0 0 0 0 0 0 0 0 4194040 4194300 20 290 0 0 
65:  _static_1 lw$8, _static_1
0 0 1 0 20 0 0 0 284 0 304 304 1 0 0 0 0 0 0 0 0 0 0 0 0 0 0 0 0 4194040 4194300 20 291 0 0 
66:  sub$9, $8, 4
0 0 1 0 20 0 0 0 284 280 304 304 1 0 0 0 0 0 0 0 0 0 0 0 0 0 0 0 0 4194040 4194300 20 292 0 0 
67:  lw$10, 0($9)
0 0 1 0 20 0 0 0 284 280 4 304 1 0 0 0 0 0 0 0 0 0 0 0 0 0 0 0 0 4194040 4194300 20 293 0 0 
68:  lw$11, -4($fp)
0 0 1 0 20 0 0 0 284 280 4 1 1 0 0 0 0 0 0 0 0 0 0 0 0 0 0 0 0 4194040 4194300 20 294 0 0 
69:  _end_loop_4 bge$11, $10, _end_loop_4
0 0 1 0 20 0 0 0 284 280 4 1 1 0 0 0 0 0 0 0 0 0 0 0 0 0 0 0 0 4194040 4194300 20 295 0 0 
70:  lw$8, -4($fp)
0 0 1 0 20 0 0 0 1 280 4 1 1 0 0 0 0 0 0 0 0 0 0 0 0 0 0 0 0 4194040 4194300 20 296 0 0 
71:  mul$9, $8, 4
0 0 1 0 20 0 0 0 1 4 4 1 1 0 0 0 0 0 0 0 0 0 0 0 0 0 0 0 0 4194040 4194300 20 297 0 0 
72:  _static_1 lw$10, _static_1
0 0 1 0 20 0 0 0 1 4 284 1 1 0 0 0 0 0 0 0 0 0 0 0 0 0 0 0 0 4194040 4194300 20 298 0 0 
73:  add$11, $10, $9
0 0 1 0 20 0 0 0 1 4 284 288 1 0 0 0 0 0 0 0 0 0 0 0 0 0 0 0 0 4194040 4194300 20 299 0 0 
74:  sw$zero, 0($11)
0 0 1 0 20 0 0 0 1 4 284 288 1 0 0 0 0 0 0 0 0 0 0 0 0 0 0 0 0 4194040 4194300 20 300 0 0 
75:  li$v0, 5
0 0 5 0 20 0 0 0 1 4 284 288 1 0 0 0 0 0 0 0 0 0 0 0 0 0 0 0 0 4194040 4194300 20 301 0 0 
76:  syscall
0 0 2 0 20 0 0 0 1 4 284 288 1 0 0 0 0 0 0 0 0 0 0 0 0 0 0 0 0 4194040 4194300 20 302 0 0 
77:  sw$v0, -60($fp)
0 0 2 0 20 0 0 0 1 4 284 288 1 0 0 0 0 0 0 0 0 0 0 0 0 0 0 0 0 4194040 4194300 20 303 0 0 
78:  lw$8, -4($fp)
0 0 2 0 20 0 0 0 1 4 284 288 1 0 0 0 0 0 0 0 0 0 0 0 0 0 0 0 0 4194040 4194300 20 304 0 0 
79:  mul$9, $8, 4
0 0 2 0 20 0 0 0 1 4 284 288 1 0 0 0 0 0 0 0 0 0 0 0 0 0 0 0 0 4194040 4194300 20 305 0 0 
80:  lw$10, 0($fp)
0 0 2 0 20 0 0 0 1 4 304 288 1 0 0 0 0 0 0 0 0 0 0 0 0 0 0 0 0 4194040 4194300 20 306 0 0 
81:  add$11, $10, $9
0 0 2 0 20 0 0 0 1 4 304 308 1 0 0 0 0 0 0 0 0 0 0 0 0 0 0 0 0 4194040 4194300 20 307 0 0 
82:  lw$12, -60($fp)
0 0 2 0 20 0 0 0 1 4 304 308 2 0 0 0 0 0 0 0 0 0 0 0 0 0 0 0 0 4194040 4194300 20 308 0 0 
83:  sw$12, 0($11)
0 0 2 0 20 0 0 0 1 4 304 308 2 0 0 0 0 0 0 0 0 0 0 0 0 0 0 0 0 4194040 4194300 20 309 0 0 
84:  lw$8, -4($fp)
0 0 2 0 20 0 0 0 1 4 304 308 2 0 0 0 0 0 0 0 0 0 0 0 0 0 0 0 0 4194040 4194300 20 310 0 0 
85:  add$8, $8, 1
0 0 2 0 20 0 0 0 2 4 304 308 2 0 0 0 0 0 0 0 0 0 0 0 0 0 0 0 0 4194040 4194300 20 311 0 0 
86:  move$8, $8
0 0 2 0 20 0 0 0 2 4 304 308 2 0 0 0 0 0 0 0 0 0 0 0 0 0 0 0 0 4194040 4194300 20 312 0 0 
87:  sw$8, -4($fp)
0 0 2 0 20 0 0 0 2 4 304 308 2 0 0 0 0 0 0 0 0 0 0 0 0 0 0 0 0 4194040 4194300 20 313 0 0 
88:  _begin_loop_4 b_begin_loop_4
0 0 2 0 20 0 0 0 2 4 304 308 2 0 0 0 0 0 0 0 0 0 0 0 0 0 0 0 0 4194040 4194300 20 290 0 0 
89:  _static_1 lw$8, _static_1
0 0 2 0 20 0 0 0 284 4 304 308 2 0 0 0 0 0 0 0 0 0 0 0 0 0 0 0 0 4194040 4194300 20 291 0 0 
90:  sub$9, $8, 4
0 0 2 0 20 0 0 0 284 280 304 308 2 0 0 0 0 0 0 0 0 0 0 0 0 0 0 0 0 4194040 4194300 20 292 0 0 
91:  lw$10, 0($9)
0 0 2 0 20 0 0 0 284 280 4 308 2 0 0 0 0 0 0 0 0 0 0 0 0 0 0 0 0 4194040 4194300 20 293 0 0 
92:  lw$11, -4($fp)
0 0 2 0 20 0 0 0 284 280 4 2 2 0 0 0 0 0 0 0 0 0 0 0 0 0 0 0 0 4194040 4194300 20 294 0 0 
93:  _end_loop_4 bge$11, $10, _end_loop_4
0 0 2 0 20 0 0 0 284 280 4 2 2 0 0 0 0 0 0 0 0 0 0 0 0 0 0 0 0 4194040 4194300 20 295 0 0 
94:  lw$8, -4($fp)
0 0 2 0 20 0 0 0 2 280 4 2 2 0 0 0 0 0 0 0 0 0 0 0 0 0 0 0 0 4194040 4194300 20 296 0 0 
95:  mul$9, $8, 4
0 0 2 0 20 0 0 0 2 8 4 2 2 0 0 0 0 0 0 0 0 0 0 0 0 0 0 0 0 4194040 4194300 20 297 0 0 
96:  _static_1 lw$10, _static_1
0 0 2 0 20 0 0 0 2 8 284 2 2 0 0 0 0 0 0 0 0 0 0 0 0 0 0 0 0 4194040 4194300 20 298 0 0 
97:  add$11, $10, $9
0 0 2 0 20 0 0 0 2 8 284 292 2 0 0 0 0 0 0 0 0 0 0 0 0 0 0 0 0 4194040 4194300 20 299 0 0 
98:  sw$zero, 0($11)
0 0 2 0 20 0 0 0 2 8 284 292 2 0 0 0 0 0 0 0 0 0 0 0 0 0 0 0 0 4194040 4194300 20 300 0 0 
99:  li$v0, 5
0 0 5 0 20 0 0 0 2 8 284 292 2 0 0 0 0 0 0 0 0 0 0 0 0 0 0 0 0 4194040 4194300 20 301 0 0 
100:  syscall
0 0 3 0 20 0 0 0 2 8 284 292 2 0 0 0 0 0 0 0 0 0 0 0 0 0 0 0 0 4194040 4194300 20 302 0 0 
101:  sw$v0, -60($fp)
0 0 3 0 20 0 0 0 2 8 284 292 2 0 0 0 0 0 0 0 0 0 0 0 0 0 0 0 0 4194040 4194300 20 303 0 0 
102:  lw$8, -4($fp)
0 0 3 0 20 0 0 0 2 8 284 292 2 0 0 0 0 0 0 0 0 0 0 0 0 0 0 0 0 4194040 4194300 20 304 0 0 
103:  mul$9, $8, 4
0 0 3 0 20 0 0 0 2 8 284 292 2 0 0 0 0 0 0 0 0 0 0 0 0 0 0 0 0 4194040 4194300 20 305 0 0 
104:  lw$10, 0($fp)
0 0 3 0 20 0 0 0 2 8 304 292 2 0 0 0 0 0 0 0 0 0 0 0 0 0 0 0 0 4194040 4194300 20 306 0 0 
105:  add$11, $10, $9
0 0 3 0 20 0 0 0 2 8 304 312 2 0 0 0 0 0 0 0 0 0 0 0 0 0 0 0 0 4194040 4194300 20 307 0 0 
106:  lw$12, -60($fp)
0 0 3 0 20 0 0 0 2 8 304 312 3 0 0 0 0 0 0 0 0 0 0 0 0 0 0 0 0 4194040 4194300 20 308 0 0 
107:  sw$12, 0($11)
0 0 3 0 20 0 0 0 2 8 304 312 3 0 0 0 0 0 0 0 0 0 0 0 0 0 0 0 0 4194040 4194300 20 309 0 0 
108:  lw$8, -4($fp)
0 0 3 0 20 0 0 0 2 8 304 312 3 0 0 0 0 0 0 0 0 0 0 0 0 0 0 0 0 4194040 4194300 20 310 0 0 
109:  add$8, $8, 1
0 0 3 0 20 0 0 0 3 8 304 312 3 0 0 0 0 0 0 0 0 0 0 0 0 0 0 0 0 4194040 4194300 20 311 0 0 
110:  move$8, $8
0 0 3 0 20 0 0 0 3 8 304 312 3 0 0 0 0 0 0 0 0 0 0 0 0 0 0 0 0 4194040 4194300 20 312 0 0 
111:  sw$8, -4($fp)
0 0 3 0 20 0 0 0 3 8 304 312 3 0 0 0 0 0 0 0 0 0 0 0 0 0 0 0 0 4194040 4194300 20 313 0 0 
112:  _begin_loop_4 b_begin_loop_4
0 0 3 0 20 0 0 0 3 8 304 312 3 0 0 0 0 0 0 0 0 0 0 0 0 0 0 0 0 4194040 4194300 20 290 0 0 
113:  _static_1 lw$8, _static_1
0 0 3 0 20 0 0 0 284 8 304 312 3 0 0 0 0 0 0 0 0 0 0 0 0 0 0 0 0 4194040 4194300 20 291 0 0 
114:  sub$9, $8, 4
0 0 3 0 20 0 0 0 284 280 304 312 3 0 0 0 0 0 0 0 0 0 0 0 0 0 0 0 0 4194040 4194300 20 292 0 0 
115:  lw$10, 0($9)
0 0 3 0 20 0 0 0 284 280 4 312 3 0 0 0 0 0 0 0 0 0 0 0 0 0 0 0 0 4194040 4194300 20 293 0 0 
116:  lw$11, -4($fp)
0 0 3 0 20 0 0 0 284 280 4 3 3 0 0 0 0 0 0 0 0 0 0 0 0 0 0 0 0 4194040 4194300 20 294 0 0 
117:  _end_loop_4 bge$11, $10, _end_loop_4
0 0 3 0 20 0 0 0 284 280 4 3 3 0 0 0 0 0 0 0 0 0 0 0 0 0 0 0 0 4194040 4194300 20 295 0 0 
118:  lw$8, -4($fp)
0 0 3 0 20 0 0 0 3 280 4 3 3 0 0 0 0 0 0 0 0 0 0 0 0 0 0 0 0 4194040 4194300 20 296 0 0 
119:  mul$9, $8, 4
0 0 3 0 20 0 0 0 3 12 4 3 3 0 0 0 0 0 0 0 0 0 0 0 0 0 0 0 0 4194040 4194300 20 297 0 0 
120:  _static_1 lw$10, _static_1
0 0 3 0 20 0 0 0 3 12 284 3 3 0 0 0 0 0 0 0 0 0 0 0 0 0 0 0 0 4194040 4194300 20 298 0 0 
121:  add$11, $10, $9
0 0 3 0 20 0 0 0 3 12 284 296 3 0 0 0 0 0 0 0 0 0 0 0 0 0 0 0 0 4194040 4194300 20 299 0 0 
122:  sw$zero, 0($11)
0 0 3 0 20 0 0 0 3 12 284 296 3 0 0 0 0 0 0 0 0 0 0 0 0 0 0 0 0 4194040 4194300 20 300 0 0 
123:  li$v0, 5
0 0 5 0 20 0 0 0 3 12 284 296 3 0 0 0 0 0 0 0 0 0 0 0 0 0 0 0 0 4194040 4194300 20 301 0 0 
124:  syscall
0 0 4 0 20 0 0 0 3 12 284 296 3 0 0 0 0 0 0 0 0 0 0 0 0 0 0 0 0 4194040 4194300 20 302 0 0 
125:  sw$v0, -60($fp)
0 0 4 0 20 0 0 0 3 12 284 296 3 0 0 0 0 0 0 0 0 0 0 0 0 0 0 0 0 4194040 4194300 20 303 0 0 
126:  lw$8, -4($fp)
0 0 4 0 20 0 0 0 3 12 284 296 3 0 0 0 0 0 0 0 0 0 0 0 0 0 0 0 0 4194040 4194300 20 304 0 0 
127:  mul$9, $8, 4
0 0 4 0 20 0 0 0 3 12 284 296 3 0 0 0 0 0 0 0 0 0 0 0 0 0 0 0 0 4194040 4194300 20 305 0 0 
128:  lw$10, 0($fp)
0 0 4 0 20 0 0 0 3 12 304 296 3 0 0 0 0 0 0 0 0 0 0 0 0 0 0 0 0 4194040 4194300 20 306 0 0 
129:  add$11, $10, $9
0 0 4 0 20 0 0 0 3 12 304 316 3 0 0 0 0 0 0 0 0 0 0 0 0 0 0 0 0 4194040 4194300 20 307 0 0 
130:  lw$12, -60($fp)
0 0 4 0 20 0 0 0 3 12 304 316 4 0 0 0 0 0 0 0 0 0 0 0 0 0 0 0 0 4194040 4194300 20 308 0 0 
131:  sw$12, 0($11)
0 0 4 0 20 0 0 0 3 12 304 316 4 0 0 0 0 0 0 0 0 0 0 0 0 0 0 0 0 4194040 4194300 20 309 0 0 
132:  lw$8, -4($fp)
0 0 4 0 20 0 0 0 3 12 304 316 4 0 0 0 0 0 0 0 0 0 0 0 0 0 0 0 0 4194040 4194300 20 310 0 0 
133:  add$8, $8, 1
0 0 4 0 20 0 0 0 4 12 304 316 4 0 0 0 0 0 0 0 0 0 0 0 0 0 0 0 0 4194040 4194300 20 311 0 0 
134:  move$8, $8
0 0 4 0 20 0 0 0 4 12 304 316 4 0 0 0 0 0 0 0 0 0 0 0 0 0 0 0 0 4194040 4194300 20 312 0 0 
135:  sw$8, -4($fp)
0 0 4 0 20 0 0 0 4 12 304 316 4 0 0 0 0 0 0 0 0 0 0 0 0 0 0 0 0 4194040 4194300 20 313 0 0 
136:  _begin_loop_4 b_begin_loop_4
0 0 4 0 20 0 0 0 4 12 304 316 4 0 0 0 0 0 0 0 0 0 0 0 0 0 0 0 0 4194040 4194300 20 290 0 0 
137:  _static_1 lw$8, _static_1
0 0 4 0 20 0 0 0 284 12 304 316 4 0 0 0 0 0 0 0 0 0 0 0 0 0 0 0 0 4194040 4194300 20 291 0 0 
138:  sub$9, $8, 4
0 0 4 0 20 0 0 0 284 280 304 316 4 0 0 0 0 0 0 0 0 0 0 0 0 0 0 0 0 4194040 4194300 20 292 0 0 
139:  lw$10, 0($9)
0 0 4 0 20 0 0 0 284 280 4 316 4 0 0 0 0 0 0 0 0 0 0 0 0 0 0 0 0 4194040 4194300 20 293 0 0 
140:  lw$11, -4($fp)
0 0 4 0 20 0 0 0 284 280 4 4 4 0 0 0 0 0 0 0 0 0 0 0 0 0 0 0 0 4194040 4194300 20 294 0 0 
141:  _end_loop_4 bge$11, $10, _end_loop_4
0 0 4 0 20 0 0 0 284 280 4 4 4 0 0 0 0 0 0 0 0 0 0 0 0 0 0 0 0 4194040 4194300 20 314 0 0 
142:  li$8, 0
0 0 4 0 20 0 0 0 0 280 4 4 4 0 0 0 0 0 0 0 0 0 0 0 0 0 0 0 0 4194040 4194300 20 315 0 0 
143:  sw$8, -4($fp)
0 0 4 0 20 0 0 0 0 280 4 4 4 0 0 0 0 0 0 0 0 0 0 0 0 0 0 0 0 4194040 4194300 20 316 0 0 
144:  _static_1 lw$8, _static_1
0 0 4 0 20 0 0 0 284 280 4 4 4 0 0 0 0 0 0 0 0 0 0 0 0 0 0 0 0 4194040 4194300 20 317 0 0 
145:  sub$9, $8, 4
0 0 4 0 20 0 0 0 284 280 4 4 4 0 0 0 0 0 0 0 0 0 0 0 0 0 0 0 0 4194040 4194300 20 318 0 0 
146:  lw$10, 0($9)
0 0 4 0 20 0 0 0 284 280 4 4 4 0 0 0 0 0 0 0 0 0 0 0 0 0 0 0 0 4194040 4194300 20 319 0 0 
147:  lw$11, -4($fp)
0 0 4 0 20 0 0 0 284 280 4 0 4 0 0 0 0 0 0 0 0 0 0 0 0 0 0 0 0 4194040 4194300 20 320 0 0 
148:  _end_loop_5 bge$11, $10, _end_loop_5
0 0 4 0 20 0 0 0 284 280 4 0 4 0 0 0 0 0 0 0 0 0 0 0 0 0 0 0 0 4194040 4194300 20 321 0 0 
149:  lw$8, -4($fp)
0 0 4 0 20 0 0 0 0 280 4 0 4 0 0 0 0 0 0 0 0 0 0 0 0 0 0 0 0 4194040 4194300 20 322 0 0 
150:  mul$9, $8, 4
0 0 4 0 20 0 0 0 0 0 4 0 4 0 0 0 0 0 0 0 0 0 0 0 0 0 0 0 0 4194040 4194300 20 323 0 0 
151:  _static_1 lw$10, _static_1
0 0 4 0 20 0 0 0 0 0 284 0 4 0 0 0 0 0 0 0 0 0 0 0 0 0 0 0 0 4194040 4194300 20 324 0 0 
152:  add$11, $10, $9
0 0 4 0 20 0 0 0 0 0 284 284 4 0 0 0 0 0 0 0 0 0 0 0 0 0 0 0 0 4194040 4194300 20 325 0 0 
153:  lw$12, 0($11)
0 0 4 0 20 0 0 0 0 0 284 284 0 0 0 0 0 0 0 0 0 0 0 0 0 0 0 0 0 4194040 4194300 20 326 0 0 
154:  sw$12, -4($sp)
0 0 4 0 20 0 0 0 0 0 284 284 0 0 0 0 0 0 0 0 0 0 0 0 0 0 0 0 0 4194040 4194300 20 327 0 0 
155:  _func_____built_in_toString jal_func_____built_in_toString
0 0 4 0 20 0 0 0 0 0 284 284 0 0 0 0 0 0 0 0 0 0 0 0 0 0 0 0 0 4194040 4194300 328 482 0 0 
156:  lw$a0, -4($sp)
0 0 4 0 0 0 0 0 0 0 284 284 0 0 0 0 0 0 0 0 0 0 0 0 0 0 0 0 0 4194040 4194300 328 483 0 0 
157:  li$t0, 0
0 0 4 0 0 0 0 0 0 0 284 284 0 0 0 0 0 0 0 0 0 0 0 0 0 0 0 0 0 4194040 4194300 328 484 0 0 
158:  _skip_set_less_than_zero bgez$a0, _skip_set_less_than_zero
0 0 4 0 0 0 0 0 0 0 284 284 0 0 0 0 0 0 0 0 0 0 0 0 0 0 0 0 0 4194040 4194300 328 487 0 0 
159:  _set_zero beqz$a0, _set_zero
0 0 4 0 0 0 0 0 0 0 284 284 0 0 0 0 0 0 0 0 0 0 0 0 0 0 0 0 0 4194040 4194300 328 522 0 0 
160:  li$a0, 6
0 0 4 0 6 0 0 0 0 0 284 284 0 0 0 0 0 0 0 0 0 0 0 0 0 0 0 0 0 4194040 4194300 328 523 0 0 
161:  li$v0, 9
0 0 9 0 6 0 0 0 0 0 284 284 0 0 0 0 0 0 0 0 0 0 0 0 0 0 0 0 0 4194040 4194300 328 524 0 0 
162:  syscall
0 0 320 0 6 0 0 0 0 0 284 284 0 0 0 0 0 0 0 0 0 0 0 0 0 0 0 0 0 4194040 4194300 328 525 0 0 
163:  li$a0, 1
0 0 320 0 1 0 0 0 0 0 284 284 0 0 0 0 0 0 0 0 0 0 0 0 0 0 0 0 0 4194040 4194300 328 526 0 0 
164:  sw$a0, 0($v0)
0 0 320 0 1 0 0 0 0 0 284 284 0 0 0 0 0 0 0 0 0 0 0 0 0 0 0 0 0 4194040 4194300 328 527 0 0 
165:  add$v0, $v0, 4
0 0 324 0 1 0 0 0 0 0 284 284 0 0 0 0 0 0 0 0 0 0 0 0 0 0 0 0 0 4194040 4194300 328 528 0 0 
166:  li$a0, 48
0 0 324 0 48 0 0 0 0 0 284 284 0 0 0 0 0 0 0 0 0 0 0 0 0 0 0 0 0 4194040 4194300 328 529 0 0 
167:  sb$a0, 0($v0)
0 0 324 0 48 0 0 0 0 0 284 284 0 0 0 0 0 0 0 0 0 0 0 0 0 0 0 0 0 4194040 4194300 328 530 0 0 
168:  jr$ra
0 0 324 0 48 0 0 0 0 0 284 284 0 0 0 0 0 0 0 0 0 0 0 0 0 0 0 0 0 4194040 4194300 328 328 0 0 
169:  sw$v0, -92($fp)
0 0 324 0 48 0 0 0 0 0 284 284 0 0 0 0 0 0 0 0 0 0 0 0 0 0 0 0 0 4194040 4194300 328 329 0 0 
170:  lw$8, -92($fp)
0 0 324 0 48 0 0 0 324 0 284 284 0 0 0 0 0 0 0 0 0 0 0 0 0 0 0 0 0 4194040 4194300 328 330 0 0 
171:  li$v0, 4
0 0 4 0 48 0 0 0 324 0 284 284 0 0 0 0 0 0 0 0 0 0 0 0 0 0 0 0 0 4194040 4194300 328 331 0 0 
172:  move$a0, $8
0 0 4 0 324 0 0 0 324 0 284 284 0 0 0 0 0 0 0 0 0 0 0 0 0 0 0 0 0 4194040 4194300 328 332 0 0 
0173:  syscall
0 0 4 0 324 0 0 0 324 0 284 284 0 0 0 0 0 0 0 0 0 0 0 0 0 0 0 0 0 4194040 4194300 328 333 0 0 
174:  lw$8, -4($fp)
0 0 4 0 324 0 0 0 0 0 284 284 0 0 0 0 0 0 0 0 0 0 0 0 0 0 0 0 0 4194040 4194300 328 334 0 0 
175:  add$8, $8, 1
0 0 4 0 324 0 0 0 1 0 284 284 0 0 0 0 0 0 0 0 0 0 0 0 0 0 0 0 0 4194040 4194300 328 335 0 0 
176:  move$8, $8
0 0 4 0 324 0 0 0 1 0 284 284 0 0 0 0 0 0 0 0 0 0 0 0 0 0 0 0 0 4194040 4194300 328 336 0 0 
177:  sw$8, -4($fp)
0 0 4 0 324 0 0 0 1 0 284 284 0 0 0 0 0 0 0 0 0 0 0 0 0 0 0 0 0 4194040 4194300 328 337 0 0 
178:  _begin_loop_5 b_begin_loop_5
0 0 4 0 324 0 0 0 1 0 284 284 0 0 0 0 0 0 0 0 0 0 0 0 0 0 0 0 0 4194040 4194300 328 316 0 0 
179:  _static_1 lw$8, _static_1
0 0 4 0 324 0 0 0 284 0 284 284 0 0 0 0 0 0 0 0 0 0 0 0 0 0 0 0 0 4194040 4194300 328 317 0 0 
180:  sub$9, $8, 4
0 0 4 0 324 0 0 0 284 280 284 284 0 0 0 0 0 0 0 0 0 0 0 0 0 0 0 0 0 4194040 4194300 328 318 0 0 
181:  lw$10, 0($9)
0 0 4 0 324 0 0 0 284 280 4 284 0 0 0 0 0 0 0 0 0 0 0 0 0 0 0 0 0 4194040 4194300 328 319 0 0 
182:  lw$11, -4($fp)
0 0 4 0 324 0 0 0 284 280 4 1 0 0 0 0 0 0 0 0 0 0 0 0 0 0 0 0 0 4194040 4194300 328 320 0 0 
183:  _end_loop_5 bge$11, $10, _end_loop_5
0 0 4 0 324 0 0 0 284 280 4 1 0 0 0 0 0 0 0 0 0 0 0 0 0 0 0 0 0 4194040 4194300 328 321 0 0 
184:  lw$8, -4($fp)
0 0 4 0 324 0 0 0 1 280 4 1 0 0 0 0 0 0 0 0 0 0 0 0 0 0 0 0 0 4194040 4194300 328 322 0 0 
185:  mul$9, $8, 4
0 0 4 0 324 0 0 0 1 4 4 1 0 0 0 0 0 0 0 0 0 0 0 0 0 0 0 0 0 4194040 4194300 328 323 0 0 
186:  _static_1 lw$10, _static_1
0 0 4 0 324 0 0 0 1 4 284 1 0 0 0 0 0 0 0 0 0 0 0 0 0 0 0 0 0 4194040 4194300 328 324 0 0 
187:  add$11, $10, $9
0 0 4 0 324 0 0 0 1 4 284 288 0 0 0 0 0 0 0 0 0 0 0 0 0 0 0 0 0 4194040 4194300 328 325 0 0 
188:  lw$12, 0($11)
0 0 4 0 324 0 0 0 1 4 284 288 0 0 0 0 0 0 0 0 0 0 0 0 0 0 0 0 0 4194040 4194300 328 326 0 0 
189:  sw$12, -4($sp)
0 0 4 0 324 0 0 0 1 4 284 288 0 0 0 0 0 0 0 0 0 0 0 0 0 0 0 0 0 4194040 4194300 328 327 0 0 
190:  _func_____built_in_toString jal_func_____built_in_toString
0 0 4 0 324 0 0 0 1 4 284 288 0 0 0 0 0 0 0 0 0 0 0 0 0 0 0 0 0 4194040 4194300 328 482 0 0 
191:  lw$a0, -4($sp)
0 0 4 0 0 0 0 0 1 4 284 288 0 0 0 0 0 0 0 0 0 0 0 0 0 0 0 0 0 4194040 4194300 328 483 0 0 
192:  li$t0, 0
0 0 4 0 0 0 0 0 0 4 284 288 0 0 0 0 0 0 0 0 0 0 0 0 0 0 0 0 0 4194040 4194300 328 484 0 0 
193:  _skip_set_less_than_zero bgez$a0, _skip_set_less_than_zero
0 0 4 0 0 0 0 0 0 4 284 288 0 0 0 0 0 0 0 0 0 0 0 0 0 0 0 0 0 4194040 4194300 328 487 0 0 
194:  _set_zero beqz$a0, _set_zero
0 0 4 0 0 0 0 0 0 4 284 288 0 0 0 0 0 0 0 0 0 0 0 0 0 0 0 0 0 4194040 4194300 328 522 0 0 
195:  li$a0, 6
0 0 4 0 6 0 0 0 0 4 284 288 0 0 0 0 0 0 0 0 0 0 0 0 0 0 0 0 0 4194040 4194300 328 523 0 0 
196:  li$v0, 9
0 0 9 0 6 0 0 0 0 4 284 288 0 0 0 0 0 0 0 0 0 0 0 0 0 0 0 0 0 4194040 4194300 328 524 0 0 
197:  syscall
0 0 326 0 6 0 0 0 0 4 284 288 0 0 0 0 0 0 0 0 0 0 0 0 0 0 0 0 0 4194040 4194300 328 525 0 0 
198:  li$a0, 1
0 0 326 0 1 0 0 0 0 4 284 288 0 0 0 0 0 0 0 0 0 0 0 0 0 0 0 0 0 4194040 4194300 328 526 0 0 
199:  sw$a0, 0($v0)
0 0 326 0 1 0 0 0 0 4 284 288 0 0 0 0 0 0 0 0 0 0 0 0 0 0 0 0 0 4194040 4194300 328 527 0 0 
200:  add$v0, $v0, 4
0 0 330 0 1 0 0 0 0 4 284 288 0 0 0 0 0 0 0 0 0 0 0 0 0 0 0 0 0 4194040 4194300 328 528 0 0 
201:  li$a0, 48
0 0 330 0 48 0 0 0 0 4 284 288 0 0 0 0 0 0 0 0 0 0 0 0 0 0 0 0 0 4194040 4194300 328 529 0 0 
202:  sb$a0, 0($v0)
0 0 330 0 48 0 0 0 0 4 284 288 0 0 0 0 0 0 0 0 0 0 0 0 0 0 0 0 0 4194040 4194300 328 530 0 0 
203:  jr$ra
0 0 330 0 48 0 0 0 0 4 284 288 0 0 0 0 0 0 0 0 0 0 0 0 0 0 0 0 0 4194040 4194300 328 328 0 0 
204:  sw$v0, -92($fp)
0 0 330 0 48 0 0 0 0 4 284 288 0 0 0 0 0 0 0 0 0 0 0 0 0 0 0 0 0 4194040 4194300 328 329 0 0 
205:  lw$8, -92($fp)
0 0 330 0 48 0 0 0 330 4 284 288 0 0 0 0 0 0 0 0 0 0 0 0 0 0 0 0 0 4194040 4194300 328 330 0 0 
206:  li$v0, 4
0 0 4 0 48 0 0 0 330 4 284 288 0 0 0 0 0 0 0 0 0 0 0 0 0 0 0 0 0 4194040 4194300 328 331 0 0 
207:  move$a0, $8
0 0 4 0 330 0 0 0 330 4 284 288 0 0 0 0 0 0 0 0 0 0 0 0 0 0 0 0 0 4194040 4194300 328 332 0 0 
0208:  syscall
0 0 4 0 330 0 0 0 330 4 284 288 0 0 0 0 0 0 0 0 0 0 0 0 0 0 0 0 0 4194040 4194300 328 333 0 0 
209:  lw$8, -4($fp)
0 0 4 0 330 0 0 0 1 4 284 288 0 0 0 0 0 0 0 0 0 0 0 0 0 0 0 0 0 4194040 4194300 328 334 0 0 
210:  add$8, $8, 1
0 0 4 0 330 0 0 0 2 4 284 288 0 0 0 0 0 0 0 0 0 0 0 0 0 0 0 0 0 4194040 4194300 328 335 0 0 
211:  move$8, $8
0 0 4 0 330 0 0 0 2 4 284 288 0 0 0 0 0 0 0 0 0 0 0 0 0 0 0 0 0 4194040 4194300 328 336 0 0 
212:  sw$8, -4($fp)
0 0 4 0 330 0 0 0 2 4 284 288 0 0 0 0 0 0 0 0 0 0 0 0 0 0 0 0 0 4194040 4194300 328 337 0 0 
213:  _begin_loop_5 b_begin_loop_5
0 0 4 0 330 0 0 0 2 4 284 288 0 0 0 0 0 0 0 0 0 0 0 0 0 0 0 0 0 4194040 4194300 328 316 0 0 
214:  _static_1 lw$8, _static_1
0 0 4 0 330 0 0 0 284 4 284 288 0 0 0 0 0 0 0 0 0 0 0 0 0 0 0 0 0 4194040 4194300 328 317 0 0 
215:  sub$9, $8, 4
0 0 4 0 330 0 0 0 284 280 284 288 0 0 0 0 0 0 0 0 0 0 0 0 0 0 0 0 0 4194040 4194300 328 318 0 0 
216:  lw$10, 0($9)
0 0 4 0 330 0 0 0 284 280 4 288 0 0 0 0 0 0 0 0 0 0 0 0 0 0 0 0 0 4194040 4194300 328 319 0 0 
217:  lw$11, -4($fp)
0 0 4 0 330 0 0 0 284 280 4 2 0 0 0 0 0 0 0 0 0 0 0 0 0 0 0 0 0 4194040 4194300 328 320 0 0 
218:  _end_loop_5 bge$11, $10, _end_loop_5
0 0 4 0 330 0 0 0 284 280 4 2 0 0 0 0 0 0 0 0 0 0 0 0 0 0 0 0 0 4194040 4194300 328 321 0 0 
219:  lw$8, -4($fp)
0 0 4 0 330 0 0 0 2 280 4 2 0 0 0 0 0 0 0 0 0 0 0 0 0 0 0 0 0 4194040 4194300 328 322 0 0 
220:  mul$9, $8, 4
0 0 4 0 330 0 0 0 2 8 4 2 0 0 0 0 0 0 0 0 0 0 0 0 0 0 0 0 0 4194040 4194300 328 323 0 0 
221:  _static_1 lw$10, _static_1
0 0 4 0 330 0 0 0 2 8 284 2 0 0 0 0 0 0 0 0 0 0 0 0 0 0 0 0 0 4194040 4194300 328 324 0 0 
222:  add$11, $10, $9
0 0 4 0 330 0 0 0 2 8 284 292 0 0 0 0 0 0 0 0 0 0 0 0 0 0 0 0 0 4194040 4194300 328 325 0 0 
223:  lw$12, 0($11)
0 0 4 0 330 0 0 0 2 8 284 292 0 0 0 0 0 0 0 0 0 0 0 0 0 0 0 0 0 4194040 4194300 328 326 0 0 
224:  sw$12, -4($sp)
0 0 4 0 330 0 0 0 2 8 284 292 0 0 0 0 0 0 0 0 0 0 0 0 0 0 0 0 0 4194040 4194300 328 327 0 0 
225:  _func_____built_in_toString jal_func_____built_in_toString
0 0 4 0 330 0 0 0 2 8 284 292 0 0 0 0 0 0 0 0 0 0 0 0 0 0 0 0 0 4194040 4194300 328 482 0 0 
226:  lw$a0, -4($sp)
0 0 4 0 0 0 0 0 2 8 284 292 0 0 0 0 0 0 0 0 0 0 0 0 0 0 0 0 0 4194040 4194300 328 483 0 0 
227:  li$t0, 0
0 0 4 0 0 0 0 0 0 8 284 292 0 0 0 0 0 0 0 0 0 0 0 0 0 0 0 0 0 4194040 4194300 328 484 0 0 
228:  _skip_set_less_than_zero bgez$a0, _skip_set_less_than_zero
0 0 4 0 0 0 0 0 0 8 284 292 0 0 0 0 0 0 0 0 0 0 0 0 0 0 0 0 0 4194040 4194300 328 487 0 0 
229:  _set_zero beqz$a0, _set_zero
0 0 4 0 0 0 0 0 0 8 284 292 0 0 0 0 0 0 0 0 0 0 0 0 0 0 0 0 0 4194040 4194300 328 522 0 0 
230:  li$a0, 6
0 0 4 0 6 0 0 0 0 8 284 292 0 0 0 0 0 0 0 0 0 0 0 0 0 0 0 0 0 4194040 4194300 328 523 0 0 
231:  li$v0, 9
0 0 9 0 6 0 0 0 0 8 284 292 0 0 0 0 0 0 0 0 0 0 0 0 0 0 0 0 0 4194040 4194300 328 524 0 0 
232:  syscall
0 0 332 0 6 0 0 0 0 8 284 292 0 0 0 0 0 0 0 0 0 0 0 0 0 0 0 0 0 4194040 4194300 328 525 0 0 
233:  li$a0, 1
0 0 332 0 1 0 0 0 0 8 284 292 0 0 0 0 0 0 0 0 0 0 0 0 0 0 0 0 0 4194040 4194300 328 526 0 0 
234:  sw$a0, 0($v0)
0 0 332 0 1 0 0 0 0 8 284 292 0 0 0 0 0 0 0 0 0 0 0 0 0 0 0 0 0 4194040 4194300 328 527 0 0 
235:  add$v0, $v0, 4
0 0 336 0 1 0 0 0 0 8 284 292 0 0 0 0 0 0 0 0 0 0 0 0 0 0 0 0 0 4194040 4194300 328 528 0 0 
236:  li$a0, 48
0 0 336 0 48 0 0 0 0 8 284 292 0 0 0 0 0 0 0 0 0 0 0 0 0 0 0 0 0 4194040 4194300 328 529 0 0 
237:  sb$a0, 0($v0)
0 0 336 0 48 0 0 0 0 8 284 292 0 0 0 0 0 0 0 0 0 0 0 0 0 0 0 0 0 4194040 4194300 328 530 0 0 
238:  jr$ra
0 0 336 0 48 0 0 0 0 8 284 292 0 0 0 0 0 0 0 0 0 0 0 0 0 0 0 0 0 4194040 4194300 328 328 0 0 
239:  sw$v0, -92($fp)
0 0 336 0 48 0 0 0 0 8 284 292 0 0 0 0 0 0 0 0 0 0 0 0 0 0 0 0 0 4194040 4194300 328 329 0 0 
240:  lw$8, -92($fp)
0 0 336 0 48 0 0 0 336 8 284 292 0 0 0 0 0 0 0 0 0 0 0 0 0 0 0 0 0 4194040 4194300 328 330 0 0 
241:  li$v0, 4
0 0 4 0 48 0 0 0 336 8 284 292 0 0 0 0 0 0 0 0 0 0 0 0 0 0 0 0 0 4194040 4194300 328 331 0 0 
242:  move$a0, $8
0 0 4 0 336 0 0 0 336 8 284 292 0 0 0 0 0 0 0 0 0 0 0 0 0 0 0 0 0 4194040 4194300 328 332 0 0 
0243:  syscall
0 0 4 0 336 0 0 0 336 8 284 292 0 0 0 0 0 0 0 0 0 0 0 0 0 0 0 0 0 4194040 4194300 328 333 0 0 
244:  lw$8, -4($fp)
0 0 4 0 336 0 0 0 2 8 284 292 0 0 0 0 0 0 0 0 0 0 0 0 0 0 0 0 0 4194040 4194300 328 334 0 0 
245:  add$8, $8, 1
0 0 4 0 336 0 0 0 3 8 284 292 0 0 0 0 0 0 0 0 0 0 0 0 0 0 0 0 0 4194040 4194300 328 335 0 0 
246:  move$8, $8
0 0 4 0 336 0 0 0 3 8 284 292 0 0 0 0 0 0 0 0 0 0 0 0 0 0 0 0 0 4194040 4194300 328 336 0 0 
247:  sw$8, -4($fp)
0 0 4 0 336 0 0 0 3 8 284 292 0 0 0 0 0 0 0 0 0 0 0 0 0 0 0 0 0 4194040 4194300 328 337 0 0 
248:  _begin_loop_5 b_begin_loop_5
0 0 4 0 336 0 0 0 3 8 284 292 0 0 0 0 0 0 0 0 0 0 0 0 0 0 0 0 0 4194040 4194300 328 316 0 0 
249:  _static_1 lw$8, _static_1
0 0 4 0 336 0 0 0 284 8 284 292 0 0 0 0 0 0 0 0 0 0 0 0 0 0 0 0 0 4194040 4194300 328 317 0 0 
250:  sub$9, $8, 4
0 0 4 0 336 0 0 0 284 280 284 292 0 0 0 0 0 0 0 0 0 0 0 0 0 0 0 0 0 4194040 4194300 328 318 0 0 
251:  lw$10, 0($9)
0 0 4 0 336 0 0 0 284 280 4 292 0 0 0 0 0 0 0 0 0 0 0 0 0 0 0 0 0 4194040 4194300 328 319 0 0 
252:  lw$11, -4($fp)
0 0 4 0 336 0 0 0 284 280 4 3 0 0 0 0 0 0 0 0 0 0 0 0 0 0 0 0 0 4194040 4194300 328 320 0 0 
253:  _end_loop_5 bge$11, $10, _end_loop_5
0 0 4 0 336 0 0 0 284 280 4 3 0 0 0 0 0 0 0 0 0 0 0 0 0 0 0 0 0 4194040 4194300 328 321 0 0 
254:  lw$8, -4($fp)
0 0 4 0 336 0 0 0 3 280 4 3 0 0 0 0 0 0 0 0 0 0 0 0 0 0 0 0 0 4194040 4194300 328 322 0 0 
255:  mul$9, $8, 4
0 0 4 0 336 0 0 0 3 12 4 3 0 0 0 0 0 0 0 0 0 0 0 0 0 0 0 0 0 4194040 4194300 328 323 0 0 
256:  _static_1 lw$10, _static_1
0 0 4 0 336 0 0 0 3 12 284 3 0 0 0 0 0 0 0 0 0 0 0 0 0 0 0 0 0 4194040 4194300 328 324 0 0 
257:  add$11, $10, $9
0 0 4 0 336 0 0 0 3 12 284 296 0 0 0 0 0 0 0 0 0 0 0 0 0 0 0 0 0 4194040 4194300 328 325 0 0 
258:  lw$12, 0($11)
0 0 4 0 336 0 0 0 3 12 284 296 0 0 0 0 0 0 0 0 0 0 0 0 0 0 0 0 0 4194040 4194300 328 326 0 0 
259:  sw$12, -4($sp)
0 0 4 0 336 0 0 0 3 12 284 296 0 0 0 0 0 0 0 0 0 0 0 0 0 0 0 0 0 4194040 4194300 328 327 0 0 
260:  _func_____built_in_toString jal_func_____built_in_toString
0 0 4 0 336 0 0 0 3 12 284 296 0 0 0 0 0 0 0 0 0 0 0 0 0 0 0 0 0 4194040 4194300 328 482 0 0 
261:  lw$a0, -4($sp)
0 0 4 0 0 0 0 0 3 12 284 296 0 0 0 0 0 0 0 0 0 0 0 0 0 0 0 0 0 4194040 4194300 328 483 0 0 
262:  li$t0, 0
0 0 4 0 0 0 0 0 0 12 284 296 0 0 0 0 0 0 0 0 0 0 0 0 0 0 0 0 0 4194040 4194300 328 484 0 0 
263:  _skip_set_less_than_zero bgez$a0, _skip_set_less_than_zero
0 0 4 0 0 0 0 0 0 12 284 296 0 0 0 0 0 0 0 0 0 0 0 0 0 0 0 0 0 4194040 4194300 328 487 0 0 
264:  _set_zero beqz$a0, _set_zero
0 0 4 0 0 0 0 0 0 12 284 296 0 0 0 0 0 0 0 0 0 0 0 0 0 0 0 0 0 4194040 4194300 328 522 0 0 
265:  li$a0, 6
0 0 4 0 6 0 0 0 0 12 284 296 0 0 0 0 0 0 0 0 0 0 0 0 0 0 0 0 0 4194040 4194300 328 523 0 0 
266:  li$v0, 9
0 0 9 0 6 0 0 0 0 12 284 296 0 0 0 0 0 0 0 0 0 0 0 0 0 0 0 0 0 4194040 4194300 328 524 0 0 
267:  syscall
0 0 338 0 6 0 0 0 0 12 284 296 0 0 0 0 0 0 0 0 0 0 0 0 0 0 0 0 0 4194040 4194300 328 525 0 0 
268:  li$a0, 1
0 0 338 0 1 0 0 0 0 12 284 296 0 0 0 0 0 0 0 0 0 0 0 0 0 0 0 0 0 4194040 4194300 328 526 0 0 
269:  sw$a0, 0($v0)
0 0 338 0 1 0 0 0 0 12 284 296 0 0 0 0 0 0 0 0 0 0 0 0 0 0 0 0 0 4194040 4194300 328 527 0 0 
270:  add$v0, $v0, 4
0 0 342 0 1 0 0 0 0 12 284 296 0 0 0 0 0 0 0 0 0 0 0 0 0 0 0 0 0 4194040 4194300 328 528 0 0 
271:  li$a0, 48
0 0 342 0 48 0 0 0 0 12 284 296 0 0 0 0 0 0 0 0 0 0 0 0 0 0 0 0 0 4194040 4194300 328 529 0 0 
272:  sb$a0, 0($v0)
0 0 342 0 48 0 0 0 0 12 284 296 0 0 0 0 0 0 0 0 0 0 0 0 0 0 0 0 0 4194040 4194300 328 530 0 0 
273:  jr$ra
0 0 342 0 48 0 0 0 0 12 284 296 0 0 0 0 0 0 0 0 0 0 0 0 0 0 0 0 0 4194040 4194300 328 328 0 0 
274:  sw$v0, -92($fp)
0 0 342 0 48 0 0 0 0 12 284 296 0 0 0 0 0 0 0 0 0 0 0 0 0 0 0 0 0 4194040 4194300 328 329 0 0 
275:  lw$8, -92($fp)
0 0 342 0 48 0 0 0 342 12 284 296 0 0 0 0 0 0 0 0 0 0 0 0 0 0 0 0 0 4194040 4194300 328 330 0 0 
276:  li$v0, 4
0 0 4 0 48 0 0 0 342 12 284 296 0 0 0 0 0 0 0 0 0 0 0 0 0 0 0 0 0 4194040 4194300 328 331 0 0 
277:  move$a0, $8
0 0 4 0 342 0 0 0 342 12 284 296 0 0 0 0 0 0 0 0 0 0 0 0 0 0 0 0 0 4194040 4194300 328 332 0 0 
0278:  syscall
0 0 4 0 342 0 0 0 342 12 284 296 0 0 0 0 0 0 0 0 0 0 0 0 0 0 0 0 0 4194040 4194300 328 333 0 0 
279:  lw$8, -4($fp)
0 0 4 0 342 0 0 0 3 12 284 296 0 0 0 0 0 0 0 0 0 0 0 0 0 0 0 0 0 4194040 4194300 328 334 0 0 
280:  add$8, $8, 1
0 0 4 0 342 0 0 0 4 12 284 296 0 0 0 0 0 0 0 0 0 0 0 0 0 0 0 0 0 4194040 4194300 328 335 0 0 
281:  move$8, $8
0 0 4 0 342 0 0 0 4 12 284 296 0 0 0 0 0 0 0 0 0 0 0 0 0 0 0 0 0 4194040 4194300 328 336 0 0 
282:  sw$8, -4($fp)
0 0 4 0 342 0 0 0 4 12 284 296 0 0 0 0 0 0 0 0 0 0 0 0 0 0 0 0 0 4194040 4194300 328 337 0 0 
283:  _begin_loop_5 b_begin_loop_5
0 0 4 0 342 0 0 0 4 12 284 296 0 0 0 0 0 0 0 0 0 0 0 0 0 0 0 0 0 4194040 4194300 328 316 0 0 
284:  _static_1 lw$8, _static_1
0 0 4 0 342 0 0 0 284 12 284 296 0 0 0 0 0 0 0 0 0 0 0 0 0 0 0 0 0 4194040 4194300 328 317 0 0 
285:  sub$9, $8, 4
0 0 4 0 342 0 0 0 284 280 284 296 0 0 0 0 0 0 0 0 0 0 0 0 0 0 0 0 0 4194040 4194300 328 318 0 0 
286:  lw$10, 0($9)
0 0 4 0 342 0 0 0 284 280 4 296 0 0 0 0 0 0 0 0 0 0 0 0 0 0 0 0 0 4194040 4194300 328 319 0 0 
287:  lw$11, -4($fp)
0 0 4 0 342 0 0 0 284 280 4 4 0 0 0 0 0 0 0 0 0 0 0 0 0 0 0 0 0 4194040 4194300 328 320 0 0 
288:  _end_loop_5 bge$11, $10, _end_loop_5
0 0 4 0 342 0 0 0 284 280 4 4 0 0 0 0 0 0 0 0 0 0 0 0 0 0 0 0 0 4194040 4194300 328 338 0 0 
289:  _static_2 la$8, _static_2
0 0 4 0 342 0 0 0 12 280 4 4 0 0 0 0 0 0 0 0 0 0 0 0 0 0 0 0 0 4194040 4194300 328 339 0 0 
290:  move$9, $8
0 0 4 0 342 0 0 0 12 12 4 4 0 0 0 0 0 0 0 0 0 0 0 0 0 0 0 0 0 4194040 4194300 328 340 0 0 
291:  li$v0, 4
0 0 4 0 342 0 0 0 12 12 4 4 0 0 0 0 0 0 0 0 0 0 0 0 0 0 0 0 0 4194040 4194300 328 341 0 0 
292:  move$a0, $9
0 0 4 0 12 0 0 0 12 12 4 4 0 0 0 0 0 0 0 0 0 0 0 0 0 0 0 0 0 4194040 4194300 328 342 0 0 
293:  syscall
0 0 4 0 12 0 0 0 12 12 4 4 0 0 0 0 0 0 0 0 0 0 0 0 0 0 0 0 0 4194040 4194300 328 343 0 0 
294:  _static_0 la$8, _static_0
0 0 4 0 12 0 0 0 4 12 4 4 0 0 0 0 0 0 0 0 0 0 0 0 0 0 0 0 0 4194040 4194300 328 344 0 0 
295:  li$v0, 4
0 0 4 0 12 0 0 0 4 12 4 4 0 0 0 0 0 0 0 0 0 0 0 0 0 0 0 0 0 4194040 4194300 328 345 0 0 
296:  move$a0, $8
0 0 4 0 4 0 0 0 4 12 4 4 0 0 0 0 0 0 0 0 0 0 0 0 0 0 0 0 0 4194040 4194300 328 346 0 0 

297:  syscall
0 0 4 0 4 0 0 0 4 12 4 4 0 0 0 0 0 0 0 0 0 0 0 0 0 0 0 0 0 4194040 4194300 328 347 0 0 
298:  lw$8, 0($fp)
0 0 4 0 4 0 0 0 304 12 4 4 0 0 0 0 0 0 0 0 0 0 0 0 0 0 0 0 0 4194040 4194300 328 348 0 0 
299:  li$9, 0
0 0 4 0 4 0 0 0 304 0 4 4 0 0 0 0 0 0 0 0 0 0 0 0 0 0 0 0 0 4194040 4194300 328 349 0 0 
300:  _static_1 sw$8, _static_1
0 0 4 0 4 0 0 0 304 0 4 4 0 0 0 0 0 0 0 0 0 0 0 0 0 0 0 0 0 4194040 4194300 328 350 0 0 
301:  sw$9, -4($fp)
0 0 4 0 4 0 0 0 304 0 4 4 0 0 0 0 0 0 0 0 0 0 0 0 0 0 0 0 0 4194040 4194300 328 351 0 0 
302:  _static_1 lw$8, _static_1
0 0 4 0 4 0 0 0 304 0 4 4 0 0 0 0 0 0 0 0 0 0 0 0 0 0 0 0 0 4194040 4194300 328 352 0 0 
303:  sub$9, $8, 4
0 0 4 0 4 0 0 0 304 300 4 4 0 0 0 0 0 0 0 0 0 0 0 0 0 0 0 0 0 4194040 4194300 328 353 0 0 
304:  lw$10, 0($9)
0 0 4 0 4 0 0 0 304 300 4 4 0 0 0 0 0 0 0 0 0 0 0 0 0 0 0 0 0 4194040 4194300 328 354 0 0 
305:  lw$11, -4($fp)
0 0 4 0 4 0 0 0 304 300 4 0 0 0 0 0 0 0 0 0 0 0 0 0 0 0 0 0 0 4194040 4194300 328 355 0 0 
306:  _end_loop_6 bge$11, $10, _end_loop_6
0 0 4 0 4 0 0 0 304 300 4 0 0 0 0 0 0 0 0 0 0 0 0 0 0 0 0 0 0 4194040 4194300 328 356 0 0 
307:  lw$8, -4($fp)
0 0 4 0 4 0 0 0 0 300 4 0 0 0 0 0 0 0 0 0 0 0 0 0 0 0 0 0 0 4194040 4194300 328 357 0 0 
308:  mul$9, $8, 4
0 0 4 0 4 0 0 0 0 0 4 0 0 0 0 0 0 0 0 0 0 0 0 0 0 0 0 0 0 4194040 4194300 328 358 0 0 
309:  _static_1 lw$10, _static_1
0 0 4 0 4 0 0 0 0 0 304 0 0 0 0 0 0 0 0 0 0 0 0 0 0 0 0 0 0 4194040 4194300 328 359 0 0 
310:  add$11, $10, $9
0 0 4 0 4 0 0 0 0 0 304 304 0 0 0 0 0 0 0 0 0 0 0 0 0 0 0 0 0 4194040 4194300 328 360 0 0 
311:  lw$12, 0($11)
0 0 4 0 4 0 0 0 0 0 304 304 1 0 0 0 0 0 0 0 0 0 0 0 0 0 0 0 0 4194040 4194300 328 361 0 0 
312:  sw$12, -4($sp)
0 0 4 0 4 0 0 0 0 0 304 304 1 0 0 0 0 0 0 0 0 0 0 0 0 0 0 0 0 4194040 4194300 328 362 0 0 
313:  _func_____built_in_toString jal_func_____built_in_toString
0 0 4 0 4 0 0 0 0 0 304 304 1 0 0 0 0 0 0 0 0 0 0 0 0 0 0 0 0 4194040 4194300 363 482 0 0 
314:  lw$a0, -4($sp)
0 0 4 0 1 0 0 0 0 0 304 304 1 0 0 0 0 0 0 0 0 0 0 0 0 0 0 0 0 4194040 4194300 363 483 0 0 
315:  li$t0, 0
0 0 4 0 1 0 0 0 0 0 304 304 1 0 0 0 0 0 0 0 0 0 0 0 0 0 0 0 0 4194040 4194300 363 484 0 0 
316:  _skip_set_less_than_zero bgez$a0, _skip_set_less_than_zero
0 0 4 0 1 0 0 0 0 0 304 304 1 0 0 0 0 0 0 0 0 0 0 0 0 0 0 0 0 4194040 4194300 363 487 0 0 
317:  _set_zero beqz$a0, _set_zero
0 0 4 0 1 0 0 0 0 0 304 304 1 0 0 0 0 0 0 0 0 0 0 0 0 0 0 0 0 4194040 4194300 363 488 0 0 
318:  li$t1, 0
0 0 4 0 1 0 0 0 0 0 304 304 1 0 0 0 0 0 0 0 0 0 0 0 0 0 0 0 0 4194040 4194300 363 489 0 0 
319:  move$t2, $a0
0 0 4 0 1 0 0 0 0 0 1 304 1 0 0 0 0 0 0 0 0 0 0 0 0 0 0 0 0 4194040 4194300 363 490 0 0 
320:  move$t3, $a0
0 0 4 0 1 0 0 0 0 0 1 1 1 0 0 0 0 0 0 0 0 0 0 0 0 0 0 0 0 4194040 4194300 363 491 0 0 
321:  li$t5, 10
0 0 4 0 1 0 0 0 0 0 1 1 1 10 0 0 0 0 0 0 0 0 0 0 0 0 0 0 0 4194040 4194300 363 492 0 0 
322:  div$t2, $t5
0 0 4 0 1 0 0 0 0 0 1 1 1 10 0 0 0 0 0 0 0 0 0 0 0 0 0 0 0 4194040 4194300 363 493 1 0 
323:  mflo$v0
0 0 0 0 1 0 0 0 0 0 1 1 1 10 0 0 0 0 0 0 0 0 0 0 0 0 0 0 0 4194040 4194300 363 494 1 0 
324:  mfhi$v1
0 0 0 1 1 0 0 0 0 0 1 1 1 10 0 0 0 0 0 0 0 0 0 0 0 0 0 0 0 4194040 4194300 363 495 1 0 
325:  _not_yet bgtz$v0, _not_yet
0 0 0 1 1 0 0 0 0 0 1 1 1 10 0 0 0 0 0 0 0 0 0 0 0 0 0 0 0 4194040 4194300 363 496 1 0 
326:  _not_yet bgtz$v1, _not_yet
0 0 0 1 1 0 0 0 0 0 1 1 1 10 0 0 0 0 0 0 0 0 0 0 0 0 0 0 0 4194040 4194300 363 498 1 0 
327:  add$t1, $t1, 1
0 0 0 1 1 0 0 0 0 1 1 1 1 10 0 0 0 0 0 0 0 0 0 0 0 0 0 0 0 4194040 4194300 363 499 1 0 
328:  move$t2, $v0
0 0 0 1 1 0 0 0 0 1 0 1 1 10 0 0 0 0 0 0 0 0 0 0 0 0 0 0 0 4194040 4194300 363 500 1 0 
329:  _begin_count_digit j_begin_count_digit
0 0 0 1 1 0 0 0 0 1 0 1 1 10 0 0 0 0 0 0 0 0 0 0 0 0 0 0 0 4194040 4194300 363 492 1 0 
330:  div$t2, $t5
0 0 0 1 1 0 0 0 0 1 0 1 1 10 0 0 0 0 0 0 0 0 0 0 0 0 0 0 0 4194040 4194300 363 493 0 0 
331:  mflo$v0
0 0 0 1 1 0 0 0 0 1 0 1 1 10 0 0 0 0 0 0 0 0 0 0 0 0 0 0 0 4194040 4194300 363 494 0 0 
332:  mfhi$v1
0 0 0 0 1 0 0 0 0 1 0 1 1 10 0 0 0 0 0 0 0 0 0 0 0 0 0 0 0 4194040 4194300 363 495 0 0 
333:  _not_yet bgtz$v0, _not_yet
0 0 0 0 1 0 0 0 0 1 0 1 1 10 0 0 0 0 0 0 0 0 0 0 0 0 0 0 0 4194040 4194300 363 496 0 0 
334:  _not_yet bgtz$v1, _not_yet
0 0 0 0 1 0 0 0 0 1 0 1 1 10 0 0 0 0 0 0 0 0 0 0 0 0 0 0 0 4194040 4194300 363 497 0 0 
335:  _yet j_yet
0 0 0 0 1 0 0 0 0 1 0 1 1 10 0 0 0 0 0 0 0 0 0 0 0 0 0 0 0 4194040 4194300 363 501 0 0 
336:  _skip_reserve_neg beqz$t0, _skip_reserve_neg
0 0 0 0 1 0 0 0 0 1 0 1 1 10 0 0 0 0 0 0 0 0 0 0 0 0 0 0 0 4194040 4194300 363 503 0 0 
337:  add$a0, $t1, 5
0 0 0 0 6 0 0 0 0 1 0 1 1 10 0 0 0 0 0 0 0 0 0 0 0 0 0 0 0 4194040 4194300 363 504 0 0 
338:  li$v0, 9
0 0 9 0 6 0 0 0 0 1 0 1 1 10 0 0 0 0 0 0 0 0 0 0 0 0 0 0 0 4194040 4194300 363 505 0 0 
339:  syscall
0 0 344 0 6 0 0 0 0 1 0 1 1 10 0 0 0 0 0 0 0 0 0 0 0 0 0 0 0 4194040 4194300 363 506 0 0 
340:  sw$t1, 0($v0)
0 0 344 0 6 0 0 0 0 1 0 1 1 10 0 0 0 0 0 0 0 0 0 0 0 0 0 0 0 4194040 4194300 363 507 0 0 
341:  add$v0, $v0, 4
0 0 348 0 6 0 0 0 0 1 0 1 1 10 0 0 0 0 0 0 0 0 0 0 0 0 0 0 0 4194040 4194300 363 508 0 0 
342:  add$t1, $t1, $v0
0 0 348 0 6 0 0 0 0 349 0 1 1 10 0 0 0 0 0 0 0 0 0 0 0 0 0 0 0 4194040 4194300 363 509 0 0 
343:  sb$zero, 0($t1)
0 0 348 0 6 0 0 0 0 349 0 1 1 10 0 0 0 0 0 0 0 0 0 0 0 0 0 0 0 4194040 4194300 363 510 0 0 
344:  sub$t1, $t1, 1
0 0 348 0 6 0 0 0 0 348 0 1 1 10 0 0 0 0 0 0 0 0 0 0 0 0 0 0 0 4194040 4194300 363 511 0 0 
345:  div$t3, $t5
0 0 348 0 6 0 0 0 0 348 0 1 1 10 0 0 0 0 0 0 0 0 0 0 0 0 0 0 0 4194040 4194300 363 512 1 0 
346:  mfhi$v1
0 0 348 1 6 0 0 0 0 348 0 1 1 10 0 0 0 0 0 0 0 0 0 0 0 0 0 0 0 4194040 4194300 363 513 1 0 
347:  add$v1, $v1, 48
0 0 348 49 6 0 0 0 0 348 0 1 1 10 0 0 0 0 0 0 0 0 0 0 0 0 0 0 0 4194040 4194300 363 514 1 0 
348:  sb$v1, 0($t1)
0 0 348 49 6 0 0 0 0 348 0 1 1 10 0 0 0 0 0 0 0 0 0 0 0 0 0 0 0 4194040 4194300 363 515 1 0 
349:  sub$t1, $t1, 1
0 0 348 49 6 0 0 0 0 347 0 1 1 10 0 0 0 0 0 0 0 0 0 0 0 0 0 0 0 4194040 4194300 363 516 1 0 
350:  mflo$t3
0 0 348 49 6 0 0 0 0 347 0 0 1 10 0 0 0 0 0 0 0 0 0 0 0 0 0 0 0 4194040 4194300 363 517 1 0 
351:  _continue_toString bnez$t3, _continue_toString
0 0 348 49 6 0 0 0 0 347 0 0 1 10 0 0 0 0 0 0 0 0 0 0 0 0 0 0 0 4194040 4194300 363 518 1 0 
352:  _skip_place_neg beqz$t0, _skip_place_neg
0 0 348 49 6 0 0 0 0 347 0 0 1 10 0 0 0 0 0 0 0 0 0 0 0 0 0 0 0 4194040 4194300 363 521 1 0 
353:  jr$ra
0 0 348 49 6 0 0 0 0 347 0 0 1 10 0 0 0 0 0 0 0 0 0 0 0 0 0 0 0 4194040 4194300 363 363 1 0 
354:  sw$v0, -128($fp)
0 0 348 49 6 0 0 0 0 347 0 0 1 10 0 0 0 0 0 0 0 0 0 0 0 0 0 0 0 4194040 4194300 363 364 1 0 
355:  lw$8, -128($fp)
0 0 348 49 6 0 0 0 348 347 0 0 1 10 0 0 0 0 0 0 0 0 0 0 0 0 0 0 0 4194040 4194300 363 365 1 0 
356:  li$v0, 4
0 0 4 49 6 0 0 0 348 347 0 0 1 10 0 0 0 0 0 0 0 0 0 0 0 0 0 0 0 4194040 4194300 363 366 1 0 
357:  move$a0, $8
0 0 4 49 348 0 0 0 348 347 0 0 1 10 0 0 0 0 0 0 0 0 0 0 0 0 0 0 0 4194040 4194300 363 367 1 0 
1358:  syscall
0 0 4 49 348 0 0 0 348 347 0 0 1 10 0 0 0 0 0 0 0 0 0 0 0 0 0 0 0 4194040 4194300 363 368 1 0 
359:  lw$8, -4($fp)
0 0 4 49 348 0 0 0 0 347 0 0 1 10 0 0 0 0 0 0 0 0 0 0 0 0 0 0 0 4194040 4194300 363 369 1 0 
360:  add$8, $8, 1
0 0 4 49 348 0 0 0 1 347 0 0 1 10 0 0 0 0 0 0 0 0 0 0 0 0 0 0 0 4194040 4194300 363 370 1 0 
361:  move$8, $8
0 0 4 49 348 0 0 0 1 347 0 0 1 10 0 0 0 0 0 0 0 0 0 0 0 0 0 0 0 4194040 4194300 363 371 1 0 
362:  sw$8, -4($fp)
0 0 4 49 348 0 0 0 1 347 0 0 1 10 0 0 0 0 0 0 0 0 0 0 0 0 0 0 0 4194040 4194300 363 372 1 0 
363:  _begin_loop_6 b_begin_loop_6
0 0 4 49 348 0 0 0 1 347 0 0 1 10 0 0 0 0 0 0 0 0 0 0 0 0 0 0 0 4194040 4194300 363 351 1 0 
364:  _static_1 lw$8, _static_1
0 0 4 49 348 0 0 0 304 347 0 0 1 10 0 0 0 0 0 0 0 0 0 0 0 0 0 0 0 4194040 4194300 363 352 1 0 
365:  sub$9, $8, 4
0 0 4 49 348 0 0 0 304 300 0 0 1 10 0 0 0 0 0 0 0 0 0 0 0 0 0 0 0 4194040 4194300 363 353 1 0 
366:  lw$10, 0($9)
0 0 4 49 348 0 0 0 304 300 4 0 1 10 0 0 0 0 0 0 0 0 0 0 0 0 0 0 0 4194040 4194300 363 354 1 0 
367:  lw$11, -4($fp)
0 0 4 49 348 0 0 0 304 300 4 1 1 10 0 0 0 0 0 0 0 0 0 0 0 0 0 0 0 4194040 4194300 363 355 1 0 
368:  _end_loop_6 bge$11, $10, _end_loop_6
0 0 4 49 348 0 0 0 304 300 4 1 1 10 0 0 0 0 0 0 0 0 0 0 0 0 0 0 0 4194040 4194300 363 356 1 0 
369:  lw$8, -4($fp)
0 0 4 49 348 0 0 0 1 300 4 1 1 10 0 0 0 0 0 0 0 0 0 0 0 0 0 0 0 4194040 4194300 363 357 1 0 
370:  mul$9, $8, 4
0 0 4 49 348 0 0 0 1 4 4 1 1 10 0 0 0 0 0 0 0 0 0 0 0 0 0 0 0 4194040 4194300 363 358 1 0 
371:  _static_1 lw$10, _static_1
0 0 4 49 348 0 0 0 1 4 304 1 1 10 0 0 0 0 0 0 0 0 0 0 0 0 0 0 0 4194040 4194300 363 359 1 0 
372:  add$11, $10, $9
0 0 4 49 348 0 0 0 1 4 304 308 1 10 0 0 0 0 0 0 0 0 0 0 0 0 0 0 0 4194040 4194300 363 360 1 0 
373:  lw$12, 0($11)
0 0 4 49 348 0 0 0 1 4 304 308 2 10 0 0 0 0 0 0 0 0 0 0 0 0 0 0 0 4194040 4194300 363 361 1 0 
374:  sw$12, -4($sp)
0 0 4 49 348 0 0 0 1 4 304 308 2 10 0 0 0 0 0 0 0 0 0 0 0 0 0 0 0 4194040 4194300 363 362 1 0 
375:  _func_____built_in_toString jal_func_____built_in_toString
0 0 4 49 348 0 0 0 1 4 304 308 2 10 0 0 0 0 0 0 0 0 0 0 0 0 0 0 0 4194040 4194300 363 482 1 0 
376:  lw$a0, -4($sp)
0 0 4 49 2 0 0 0 1 4 304 308 2 10 0 0 0 0 0 0 0 0 0 0 0 0 0 0 0 4194040 4194300 363 483 1 0 
377:  li$t0, 0
0 0 4 49 2 0 0 0 0 4 304 308 2 10 0 0 0 0 0 0 0 0 0 0 0 0 0 0 0 4194040 4194300 363 484 1 0 
378:  _skip_set_less_than_zero bgez$a0, _skip_set_less_than_zero
0 0 4 49 2 0 0 0 0 4 304 308 2 10 0 0 0 0 0 0 0 0 0 0 0 0 0 0 0 4194040 4194300 363 487 1 0 
379:  _set_zero beqz$a0, _set_zero
0 0 4 49 2 0 0 0 0 4 304 308 2 10 0 0 0 0 0 0 0 0 0 0 0 0 0 0 0 4194040 4194300 363 488 1 0 
380:  li$t1, 0
0 0 4 49 2 0 0 0 0 0 304 308 2 10 0 0 0 0 0 0 0 0 0 0 0 0 0 0 0 4194040 4194300 363 489 1 0 
381:  move$t2, $a0
0 0 4 49 2 0 0 0 0 0 2 308 2 10 0 0 0 0 0 0 0 0 0 0 0 0 0 0 0 4194040 4194300 363 490 1 0 
382:  move$t3, $a0
0 0 4 49 2 0 0 0 0 0 2 2 2 10 0 0 0 0 0 0 0 0 0 0 0 0 0 0 0 4194040 4194300 363 491 1 0 
383:  li$t5, 10
0 0 4 49 2 0 0 0 0 0 2 2 2 10 0 0 0 0 0 0 0 0 0 0 0 0 0 0 0 4194040 4194300 363 492 1 0 
384:  div$t2, $t5
0 0 4 49 2 0 0 0 0 0 2 2 2 10 0 0 0 0 0 0 0 0 0 0 0 0 0 0 0 4194040 4194300 363 493 2 0 
385:  mflo$v0
0 0 0 49 2 0 0 0 0 0 2 2 2 10 0 0 0 0 0 0 0 0 0 0 0 0 0 0 0 4194040 4194300 363 494 2 0 
386:  mfhi$v1
0 0 0 2 2 0 0 0 0 0 2 2 2 10 0 0 0 0 0 0 0 0 0 0 0 0 0 0 0 4194040 4194300 363 495 2 0 
387:  _not_yet bgtz$v0, _not_yet
0 0 0 2 2 0 0 0 0 0 2 2 2 10 0 0 0 0 0 0 0 0 0 0 0 0 0 0 0 4194040 4194300 363 496 2 0 
388:  _not_yet bgtz$v1, _not_yet
0 0 0 2 2 0 0 0 0 0 2 2 2 10 0 0 0 0 0 0 0 0 0 0 0 0 0 0 0 4194040 4194300 363 498 2 0 
389:  add$t1, $t1, 1
0 0 0 2 2 0 0 0 0 1 2 2 2 10 0 0 0 0 0 0 0 0 0 0 0 0 0 0 0 4194040 4194300 363 499 2 0 
390:  move$t2, $v0
0 0 0 2 2 0 0 0 0 1 0 2 2 10 0 0 0 0 0 0 0 0 0 0 0 0 0 0 0 4194040 4194300 363 500 2 0 
391:  _begin_count_digit j_begin_count_digit
0 0 0 2 2 0 0 0 0 1 0 2 2 10 0 0 0 0 0 0 0 0 0 0 0 0 0 0 0 4194040 4194300 363 492 2 0 
392:  div$t2, $t5
0 0 0 2 2 0 0 0 0 1 0 2 2 10 0 0 0 0 0 0 0 0 0 0 0 0 0 0 0 4194040 4194300 363 493 0 0 
393:  mflo$v0
0 0 0 2 2 0 0 0 0 1 0 2 2 10 0 0 0 0 0 0 0 0 0 0 0 0 0 0 0 4194040 4194300 363 494 0 0 
394:  mfhi$v1
0 0 0 0 2 0 0 0 0 1 0 2 2 10 0 0 0 0 0 0 0 0 0 0 0 0 0 0 0 4194040 4194300 363 495 0 0 
395:  _not_yet bgtz$v0, _not_yet
0 0 0 0 2 0 0 0 0 1 0 2 2 10 0 0 0 0 0 0 0 0 0 0 0 0 0 0 0 4194040 4194300 363 496 0 0 
396:  _not_yet bgtz$v1, _not_yet
0 0 0 0 2 0 0 0 0 1 0 2 2 10 0 0 0 0 0 0 0 0 0 0 0 0 0 0 0 4194040 4194300 363 497 0 0 
397:  _yet j_yet
0 0 0 0 2 0 0 0 0 1 0 2 2 10 0 0 0 0 0 0 0 0 0 0 0 0 0 0 0 4194040 4194300 363 501 0 0 
398:  _skip_reserve_neg beqz$t0, _skip_reserve_neg
0 0 0 0 2 0 0 0 0 1 0 2 2 10 0 0 0 0 0 0 0 0 0 0 0 0 0 0 0 4194040 4194300 363 503 0 0 
399:  add$a0, $t1, 5
0 0 0 0 6 0 0 0 0 1 0 2 2 10 0 0 0 0 0 0 0 0 0 0 0 0 0 0 0 4194040 4194300 363 504 0 0 
400:  li$v0, 9
0 0 9 0 6 0 0 0 0 1 0 2 2 10 0 0 0 0 0 0 0 0 0 0 0 0 0 0 0 4194040 4194300 363 505 0 0 
401:  syscall
0 0 350 0 6 0 0 0 0 1 0 2 2 10 0 0 0 0 0 0 0 0 0 0 0 0 0 0 0 4194040 4194300 363 506 0 0 
402:  sw$t1, 0($v0)
0 0 350 0 6 0 0 0 0 1 0 2 2 10 0 0 0 0 0 0 0 0 0 0 0 0 0 0 0 4194040 4194300 363 507 0 0 
403:  add$v0, $v0, 4
0 0 354 0 6 0 0 0 0 1 0 2 2 10 0 0 0 0 0 0 0 0 0 0 0 0 0 0 0 4194040 4194300 363 508 0 0 
404:  add$t1, $t1, $v0
0 0 354 0 6 0 0 0 0 355 0 2 2 10 0 0 0 0 0 0 0 0 0 0 0 0 0 0 0 4194040 4194300 363 509 0 0 
405:  sb$zero, 0($t1)
0 0 354 0 6 0 0 0 0 355 0 2 2 10 0 0 0 0 0 0 0 0 0 0 0 0 0 0 0 4194040 4194300 363 510 0 0 
406:  sub$t1, $t1, 1
0 0 354 0 6 0 0 0 0 354 0 2 2 10 0 0 0 0 0 0 0 0 0 0 0 0 0 0 0 4194040 4194300 363 511 0 0 
407:  div$t3, $t5
0 0 354 0 6 0 0 0 0 354 0 2 2 10 0 0 0 0 0 0 0 0 0 0 0 0 0 0 0 4194040 4194300 363 512 2 0 
408:  mfhi$v1
0 0 354 2 6 0 0 0 0 354 0 2 2 10 0 0 0 0 0 0 0 0 0 0 0 0 0 0 0 4194040 4194300 363 513 2 0 
409:  add$v1, $v1, 48
0 0 354 50 6 0 0 0 0 354 0 2 2 10 0 0 0 0 0 0 0 0 0 0 0 0 0 0 0 4194040 4194300 363 514 2 0 
410:  sb$v1, 0($t1)
0 0 354 50 6 0 0 0 0 354 0 2 2 10 0 0 0 0 0 0 0 0 0 0 0 0 0 0 0 4194040 4194300 363 515 2 0 
411:  sub$t1, $t1, 1
0 0 354 50 6 0 0 0 0 353 0 2 2 10 0 0 0 0 0 0 0 0 0 0 0 0 0 0 0 4194040 4194300 363 516 2 0 
412:  mflo$t3
0 0 354 50 6 0 0 0 0 353 0 0 2 10 0 0 0 0 0 0 0 0 0 0 0 0 0 0 0 4194040 4194300 363 517 2 0 
413:  _continue_toString bnez$t3, _continue_toString
0 0 354 50 6 0 0 0 0 353 0 0 2 10 0 0 0 0 0 0 0 0 0 0 0 0 0 0 0 4194040 4194300 363 518 2 0 
414:  _skip_place_neg beqz$t0, _skip_place_neg
0 0 354 50 6 0 0 0 0 353 0 0 2 10 0 0 0 0 0 0 0 0 0 0 0 0 0 0 0 4194040 4194300 363 521 2 0 
415:  jr$ra
0 0 354 50 6 0 0 0 0 353 0 0 2 10 0 0 0 0 0 0 0 0 0 0 0 0 0 0 0 4194040 4194300 363 363 2 0 
416:  sw$v0, -128($fp)
0 0 354 50 6 0 0 0 0 353 0 0 2 10 0 0 0 0 0 0 0 0 0 0 0 0 0 0 0 4194040 4194300 363 364 2 0 
417:  lw$8, -128($fp)
0 0 354 50 6 0 0 0 354 353 0 0 2 10 0 0 0 0 0 0 0 0 0 0 0 0 0 0 0 4194040 4194300 363 365 2 0 
418:  li$v0, 4
0 0 4 50 6 0 0 0 354 353 0 0 2 10 0 0 0 0 0 0 0 0 0 0 0 0 0 0 0 4194040 4194300 363 366 2 0 
419:  move$a0, $8
0 0 4 50 354 0 0 0 354 353 0 0 2 10 0 0 0 0 0 0 0 0 0 0 0 0 0 0 0 4194040 4194300 363 367 2 0 
2420:  syscall
0 0 4 50 354 0 0 0 354 353 0 0 2 10 0 0 0 0 0 0 0 0 0 0 0 0 0 0 0 4194040 4194300 363 368 2 0 
421:  lw$8, -4($fp)
0 0 4 50 354 0 0 0 1 353 0 0 2 10 0 0 0 0 0 0 0 0 0 0 0 0 0 0 0 4194040 4194300 363 369 2 0 
422:  add$8, $8, 1
0 0 4 50 354 0 0 0 2 353 0 0 2 10 0 0 0 0 0 0 0 0 0 0 0 0 0 0 0 4194040 4194300 363 370 2 0 
423:  move$8, $8
0 0 4 50 354 0 0 0 2 353 0 0 2 10 0 0 0 0 0 0 0 0 0 0 0 0 0 0 0 4194040 4194300 363 371 2 0 
424:  sw$8, -4($fp)
0 0 4 50 354 0 0 0 2 353 0 0 2 10 0 0 0 0 0 0 0 0 0 0 0 0 0 0 0 4194040 4194300 363 372 2 0 
425:  _begin_loop_6 b_begin_loop_6
0 0 4 50 354 0 0 0 2 353 0 0 2 10 0 0 0 0 0 0 0 0 0 0 0 0 0 0 0 4194040 4194300 363 351 2 0 
426:  _static_1 lw$8, _static_1
0 0 4 50 354 0 0 0 304 353 0 0 2 10 0 0 0 0 0 0 0 0 0 0 0 0 0 0 0 4194040 4194300 363 352 2 0 
427:  sub$9, $8, 4
0 0 4 50 354 0 0 0 304 300 0 0 2 10 0 0 0 0 0 0 0 0 0 0 0 0 0 0 0 4194040 4194300 363 353 2 0 
428:  lw$10, 0($9)
0 0 4 50 354 0 0 0 304 300 4 0 2 10 0 0 0 0 0 0 0 0 0 0 0 0 0 0 0 4194040 4194300 363 354 2 0 
429:  lw$11, -4($fp)
0 0 4 50 354 0 0 0 304 300 4 2 2 10 0 0 0 0 0 0 0 0 0 0 0 0 0 0 0 4194040 4194300 363 355 2 0 
430:  _end_loop_6 bge$11, $10, _end_loop_6
0 0 4 50 354 0 0 0 304 300 4 2 2 10 0 0 0 0 0 0 0 0 0 0 0 0 0 0 0 4194040 4194300 363 356 2 0 
431:  lw$8, -4($fp)
0 0 4 50 354 0 0 0 2 300 4 2 2 10 0 0 0 0 0 0 0 0 0 0 0 0 0 0 0 4194040 4194300 363 357 2 0 
432:  mul$9, $8, 4
0 0 4 50 354 0 0 0 2 8 4 2 2 10 0 0 0 0 0 0 0 0 0 0 0 0 0 0 0 4194040 4194300 363 358 2 0 
433:  _static_1 lw$10, _static_1
0 0 4 50 354 0 0 0 2 8 304 2 2 10 0 0 0 0 0 0 0 0 0 0 0 0 0 0 0 4194040 4194300 363 359 2 0 
434:  add$11, $10, $9
0 0 4 50 354 0 0 0 2 8 304 312 2 10 0 0 0 0 0 0 0 0 0 0 0 0 0 0 0 4194040 4194300 363 360 2 0 
435:  lw$12, 0($11)
0 0 4 50 354 0 0 0 2 8 304 312 3 10 0 0 0 0 0 0 0 0 0 0 0 0 0 0 0 4194040 4194300 363 361 2 0 
436:  sw$12, -4($sp)
0 0 4 50 354 0 0 0 2 8 304 312 3 10 0 0 0 0 0 0 0 0 0 0 0 0 0 0 0 4194040 4194300 363 362 2 0 
437:  _func_____built_in_toString jal_func_____built_in_toString
0 0 4 50 354 0 0 0 2 8 304 312 3 10 0 0 0 0 0 0 0 0 0 0 0 0 0 0 0 4194040 4194300 363 482 2 0 
438:  lw$a0, -4($sp)
0 0 4 50 3 0 0 0 2 8 304 312 3 10 0 0 0 0 0 0 0 0 0 0 0 0 0 0 0 4194040 4194300 363 483 2 0 
439:  li$t0, 0
0 0 4 50 3 0 0 0 0 8 304 312 3 10 0 0 0 0 0 0 0 0 0 0 0 0 0 0 0 4194040 4194300 363 484 2 0 
440:  _skip_set_less_than_zero bgez$a0, _skip_set_less_than_zero
0 0 4 50 3 0 0 0 0 8 304 312 3 10 0 0 0 0 0 0 0 0 0 0 0 0 0 0 0 4194040 4194300 363 487 2 0 
441:  _set_zero beqz$a0, _set_zero
0 0 4 50 3 0 0 0 0 8 304 312 3 10 0 0 0 0 0 0 0 0 0 0 0 0 0 0 0 4194040 4194300 363 488 2 0 
442:  li$t1, 0
0 0 4 50 3 0 0 0 0 0 304 312 3 10 0 0 0 0 0 0 0 0 0 0 0 0 0 0 0 4194040 4194300 363 489 2 0 
443:  move$t2, $a0
0 0 4 50 3 0 0 0 0 0 3 312 3 10 0 0 0 0 0 0 0 0 0 0 0 0 0 0 0 4194040 4194300 363 490 2 0 
444:  move$t3, $a0
0 0 4 50 3 0 0 0 0 0 3 3 3 10 0 0 0 0 0 0 0 0 0 0 0 0 0 0 0 4194040 4194300 363 491 2 0 
445:  li$t5, 10
0 0 4 50 3 0 0 0 0 0 3 3 3 10 0 0 0 0 0 0 0 0 0 0 0 0 0 0 0 4194040 4194300 363 492 2 0 
446:  div$t2, $t5
0 0 4 50 3 0 0 0 0 0 3 3 3 10 0 0 0 0 0 0 0 0 0 0 0 0 0 0 0 4194040 4194300 363 493 3 0 
447:  mflo$v0
0 0 0 50 3 0 0 0 0 0 3 3 3 10 0 0 0 0 0 0 0 0 0 0 0 0 0 0 0 4194040 4194300 363 494 3 0 
448:  mfhi$v1
0 0 0 3 3 0 0 0 0 0 3 3 3 10 0 0 0 0 0 0 0 0 0 0 0 0 0 0 0 4194040 4194300 363 495 3 0 
449:  _not_yet bgtz$v0, _not_yet
0 0 0 3 3 0 0 0 0 0 3 3 3 10 0 0 0 0 0 0 0 0 0 0 0 0 0 0 0 4194040 4194300 363 496 3 0 
450:  _not_yet bgtz$v1, _not_yet
0 0 0 3 3 0 0 0 0 0 3 3 3 10 0 0 0 0 0 0 0 0 0 0 0 0 0 0 0 4194040 4194300 363 498 3 0 
451:  add$t1, $t1, 1
0 0 0 3 3 0 0 0 0 1 3 3 3 10 0 0 0 0 0 0 0 0 0 0 0 0 0 0 0 4194040 4194300 363 499 3 0 
452:  move$t2, $v0
0 0 0 3 3 0 0 0 0 1 0 3 3 10 0 0 0 0 0 0 0 0 0 0 0 0 0 0 0 4194040 4194300 363 500 3 0 
453:  _begin_count_digit j_begin_count_digit
0 0 0 3 3 0 0 0 0 1 0 3 3 10 0 0 0 0 0 0 0 0 0 0 0 0 0 0 0 4194040 4194300 363 492 3 0 
454:  div$t2, $t5
0 0 0 3 3 0 0 0 0 1 0 3 3 10 0 0 0 0 0 0 0 0 0 0 0 0 0 0 0 4194040 4194300 363 493 0 0 
455:  mflo$v0
0 0 0 3 3 0 0 0 0 1 0 3 3 10 0 0 0 0 0 0 0 0 0 0 0 0 0 0 0 4194040 4194300 363 494 0 0 
456:  mfhi$v1
0 0 0 0 3 0 0 0 0 1 0 3 3 10 0 0 0 0 0 0 0 0 0 0 0 0 0 0 0 4194040 4194300 363 495 0 0 
457:  _not_yet bgtz$v0, _not_yet
0 0 0 0 3 0 0 0 0 1 0 3 3 10 0 0 0 0 0 0 0 0 0 0 0 0 0 0 0 4194040 4194300 363 496 0 0 
458:  _not_yet bgtz$v1, _not_yet
0 0 0 0 3 0 0 0 0 1 0 3 3 10 0 0 0 0 0 0 0 0 0 0 0 0 0 0 0 4194040 4194300 363 497 0 0 
459:  _yet j_yet
0 0 0 0 3 0 0 0 0 1 0 3 3 10 0 0 0 0 0 0 0 0 0 0 0 0 0 0 0 4194040 4194300 363 501 0 0 
460:  _skip_reserve_neg beqz$t0, _skip_reserve_neg
0 0 0 0 3 0 0 0 0 1 0 3 3 10 0 0 0 0 0 0 0 0 0 0 0 0 0 0 0 4194040 4194300 363 503 0 0 
461:  add$a0, $t1, 5
0 0 0 0 6 0 0 0 0 1 0 3 3 10 0 0 0 0 0 0 0 0 0 0 0 0 0 0 0 4194040 4194300 363 504 0 0 
462:  li$v0, 9
0 0 9 0 6 0 0 0 0 1 0 3 3 10 0 0 0 0 0 0 0 0 0 0 0 0 0 0 0 4194040 4194300 363 505 0 0 
463:  syscall
0 0 356 0 6 0 0 0 0 1 0 3 3 10 0 0 0 0 0 0 0 0 0 0 0 0 0 0 0 4194040 4194300 363 506 0 0 
464:  sw$t1, 0($v0)
0 0 356 0 6 0 0 0 0 1 0 3 3 10 0 0 0 0 0 0 0 0 0 0 0 0 0 0 0 4194040 4194300 363 507 0 0 
465:  add$v0, $v0, 4
0 0 360 0 6 0 0 0 0 1 0 3 3 10 0 0 0 0 0 0 0 0 0 0 0 0 0 0 0 4194040 4194300 363 508 0 0 
466:  add$t1, $t1, $v0
0 0 360 0 6 0 0 0 0 361 0 3 3 10 0 0 0 0 0 0 0 0 0 0 0 0 0 0 0 4194040 4194300 363 509 0 0 
467:  sb$zero, 0($t1)
0 0 360 0 6 0 0 0 0 361 0 3 3 10 0 0 0 0 0 0 0 0 0 0 0 0 0 0 0 4194040 4194300 363 510 0 0 
468:  sub$t1, $t1, 1
0 0 360 0 6 0 0 0 0 360 0 3 3 10 0 0 0 0 0 0 0 0 0 0 0 0 0 0 0 4194040 4194300 363 511 0 0 
469:  div$t3, $t5
0 0 360 0 6 0 0 0 0 360 0 3 3 10 0 0 0 0 0 0 0 0 0 0 0 0 0 0 0 4194040 4194300 363 512 3 0 
470:  mfhi$v1
0 0 360 3 6 0 0 0 0 360 0 3 3 10 0 0 0 0 0 0 0 0 0 0 0 0 0 0 0 4194040 4194300 363 513 3 0 
471:  add$v1, $v1, 48
0 0 360 51 6 0 0 0 0 360 0 3 3 10 0 0 0 0 0 0 0 0 0 0 0 0 0 0 0 4194040 4194300 363 514 3 0 
472:  sb$v1, 0($t1)
0 0 360 51 6 0 0 0 0 360 0 3 3 10 0 0 0 0 0 0 0 0 0 0 0 0 0 0 0 4194040 4194300 363 515 3 0 
473:  sub$t1, $t1, 1
0 0 360 51 6 0 0 0 0 359 0 3 3 10 0 0 0 0 0 0 0 0 0 0 0 0 0 0 0 4194040 4194300 363 516 3 0 
474:  mflo$t3
0 0 360 51 6 0 0 0 0 359 0 0 3 10 0 0 0 0 0 0 0 0 0 0 0 0 0 0 0 4194040 4194300 363 517 3 0 
475:  _continue_toString bnez$t3, _continue_toString
0 0 360 51 6 0 0 0 0 359 0 0 3 10 0 0 0 0 0 0 0 0 0 0 0 0 0 0 0 4194040 4194300 363 518 3 0 
476:  _skip_place_neg beqz$t0, _skip_place_neg
0 0 360 51 6 0 0 0 0 359 0 0 3 10 0 0 0 0 0 0 0 0 0 0 0 0 0 0 0 4194040 4194300 363 521 3 0 
477:  jr$ra
0 0 360 51 6 0 0 0 0 359 0 0 3 10 0 0 0 0 0 0 0 0 0 0 0 0 0 0 0 4194040 4194300 363 363 3 0 
478:  sw$v0, -128($fp)
0 0 360 51 6 0 0 0 0 359 0 0 3 10 0 0 0 0 0 0 0 0 0 0 0 0 0 0 0 4194040 4194300 363 364 3 0 
479:  lw$8, -128($fp)
0 0 360 51 6 0 0 0 360 359 0 0 3 10 0 0 0 0 0 0 0 0 0 0 0 0 0 0 0 4194040 4194300 363 365 3 0 
480:  li$v0, 4
0 0 4 51 6 0 0 0 360 359 0 0 3 10 0 0 0 0 0 0 0 0 0 0 0 0 0 0 0 4194040 4194300 363 366 3 0 
481:  move$a0, $8
0 0 4 51 360 0 0 0 360 359 0 0 3 10 0 0 0 0 0 0 0 0 0 0 0 0 0 0 0 4194040 4194300 363 367 3 0 
3482:  syscall
0 0 4 51 360 0 0 0 360 359 0 0 3 10 0 0 0 0 0 0 0 0 0 0 0 0 0 0 0 4194040 4194300 363 368 3 0 
483:  lw$8, -4($fp)
0 0 4 51 360 0 0 0 2 359 0 0 3 10 0 0 0 0 0 0 0 0 0 0 0 0 0 0 0 4194040 4194300 363 369 3 0 
484:  add$8, $8, 1
0 0 4 51 360 0 0 0 3 359 0 0 3 10 0 0 0 0 0 0 0 0 0 0 0 0 0 0 0 4194040 4194300 363 370 3 0 
485:  move$8, $8
0 0 4 51 360 0 0 0 3 359 0 0 3 10 0 0 0 0 0 0 0 0 0 0 0 0 0 0 0 4194040 4194300 363 371 3 0 
486:  sw$8, -4($fp)
0 0 4 51 360 0 0 0 3 359 0 0 3 10 0 0 0 0 0 0 0 0 0 0 0 0 0 0 0 4194040 4194300 363 372 3 0 
487:  _begin_loop_6 b_begin_loop_6
0 0 4 51 360 0 0 0 3 359 0 0 3 10 0 0 0 0 0 0 0 0 0 0 0 0 0 0 0 4194040 4194300 363 351 3 0 
488:  _static_1 lw$8, _static_1
0 0 4 51 360 0 0 0 304 359 0 0 3 10 0 0 0 0 0 0 0 0 0 0 0 0 0 0 0 4194040 4194300 363 352 3 0 
489:  sub$9, $8, 4
0 0 4 51 360 0 0 0 304 300 0 0 3 10 0 0 0 0 0 0 0 0 0 0 0 0 0 0 0 4194040 4194300 363 353 3 0 
490:  lw$10, 0($9)
0 0 4 51 360 0 0 0 304 300 4 0 3 10 0 0 0 0 0 0 0 0 0 0 0 0 0 0 0 4194040 4194300 363 354 3 0 
491:  lw$11, -4($fp)
0 0 4 51 360 0 0 0 304 300 4 3 3 10 0 0 0 0 0 0 0 0 0 0 0 0 0 0 0 4194040 4194300 363 355 3 0 
492:  _end_loop_6 bge$11, $10, _end_loop_6
0 0 4 51 360 0 0 0 304 300 4 3 3 10 0 0 0 0 0 0 0 0 0 0 0 0 0 0 0 4194040 4194300 363 356 3 0 
493:  lw$8, -4($fp)
0 0 4 51 360 0 0 0 3 300 4 3 3 10 0 0 0 0 0 0 0 0 0 0 0 0 0 0 0 4194040 4194300 363 357 3 0 
494:  mul$9, $8, 4
0 0 4 51 360 0 0 0 3 12 4 3 3 10 0 0 0 0 0 0 0 0 0 0 0 0 0 0 0 4194040 4194300 363 358 3 0 
495:  _static_1 lw$10, _static_1
0 0 4 51 360 0 0 0 3 12 304 3 3 10 0 0 0 0 0 0 0 0 0 0 0 0 0 0 0 4194040 4194300 363 359 3 0 
496:  add$11, $10, $9
0 0 4 51 360 0 0 0 3 12 304 316 3 10 0 0 0 0 0 0 0 0 0 0 0 0 0 0 0 4194040 4194300 363 360 3 0 
497:  lw$12, 0($11)
0 0 4 51 360 0 0 0 3 12 304 316 4 10 0 0 0 0 0 0 0 0 0 0 0 0 0 0 0 4194040 4194300 363 361 3 0 
498:  sw$12, -4($sp)
0 0 4 51 360 0 0 0 3 12 304 316 4 10 0 0 0 0 0 0 0 0 0 0 0 0 0 0 0 4194040 4194300 363 362 3 0 
499:  _func_____built_in_toString jal_func_____built_in_toString
0 0 4 51 360 0 0 0 3 12 304 316 4 10 0 0 0 0 0 0 0 0 0 0 0 0 0 0 0 4194040 4194300 363 482 3 0 
500:  lw$a0, -4($sp)
0 0 4 51 4 0 0 0 3 12 304 316 4 10 0 0 0 0 0 0 0 0 0 0 0 0 0 0 0 4194040 4194300 363 483 3 0 
501:  li$t0, 0
0 0 4 51 4 0 0 0 0 12 304 316 4 10 0 0 0 0 0 0 0 0 0 0 0 0 0 0 0 4194040 4194300 363 484 3 0 
502:  _skip_set_less_than_zero bgez$a0, _skip_set_less_than_zero
0 0 4 51 4 0 0 0 0 12 304 316 4 10 0 0 0 0 0 0 0 0 0 0 0 0 0 0 0 4194040 4194300 363 487 3 0 
503:  _set_zero beqz$a0, _set_zero
0 0 4 51 4 0 0 0 0 12 304 316 4 10 0 0 0 0 0 0 0 0 0 0 0 0 0 0 0 4194040 4194300 363 488 3 0 
504:  li$t1, 0
0 0 4 51 4 0 0 0 0 0 304 316 4 10 0 0 0 0 0 0 0 0 0 0 0 0 0 0 0 4194040 4194300 363 489 3 0 
505:  move$t2, $a0
0 0 4 51 4 0 0 0 0 0 4 316 4 10 0 0 0 0 0 0 0 0 0 0 0 0 0 0 0 4194040 4194300 363 490 3 0 
506:  move$t3, $a0
0 0 4 51 4 0 0 0 0 0 4 4 4 10 0 0 0 0 0 0 0 0 0 0 0 0 0 0 0 4194040 4194300 363 491 3 0 
507:  li$t5, 10
0 0 4 51 4 0 0 0 0 0 4 4 4 10 0 0 0 0 0 0 0 0 0 0 0 0 0 0 0 4194040 4194300 363 492 3 0 
508:  div$t2, $t5
0 0 4 51 4 0 0 0 0 0 4 4 4 10 0 0 0 0 0 0 0 0 0 0 0 0 0 0 0 4194040 4194300 363 493 4 0 
509:  mflo$v0
0 0 0 51 4 0 0 0 0 0 4 4 4 10 0 0 0 0 0 0 0 0 0 0 0 0 0 0 0 4194040 4194300 363 494 4 0 
510:  mfhi$v1
0 0 0 4 4 0 0 0 0 0 4 4 4 10 0 0 0 0 0 0 0 0 0 0 0 0 0 0 0 4194040 4194300 363 495 4 0 
511:  _not_yet bgtz$v0, _not_yet
0 0 0 4 4 0 0 0 0 0 4 4 4 10 0 0 0 0 0 0 0 0 0 0 0 0 0 0 0 4194040 4194300 363 496 4 0 
512:  _not_yet bgtz$v1, _not_yet
0 0 0 4 4 0 0 0 0 0 4 4 4 10 0 0 0 0 0 0 0 0 0 0 0 0 0 0 0 4194040 4194300 363 498 4 0 
513:  add$t1, $t1, 1
0 0 0 4 4 0 0 0 0 1 4 4 4 10 0 0 0 0 0 0 0 0 0 0 0 0 0 0 0 4194040 4194300 363 499 4 0 
514:  move$t2, $v0
0 0 0 4 4 0 0 0 0 1 0 4 4 10 0 0 0 0 0 0 0 0 0 0 0 0 0 0 0 4194040 4194300 363 500 4 0 
515:  _begin_count_digit j_begin_count_digit
0 0 0 4 4 0 0 0 0 1 0 4 4 10 0 0 0 0 0 0 0 0 0 0 0 0 0 0 0 4194040 4194300 363 492 4 0 
516:  div$t2, $t5
0 0 0 4 4 0 0 0 0 1 0 4 4 10 0 0 0 0 0 0 0 0 0 0 0 0 0 0 0 4194040 4194300 363 493 0 0 
517:  mflo$v0
0 0 0 4 4 0 0 0 0 1 0 4 4 10 0 0 0 0 0 0 0 0 0 0 0 0 0 0 0 4194040 4194300 363 494 0 0 
518:  mfhi$v1
0 0 0 0 4 0 0 0 0 1 0 4 4 10 0 0 0 0 0 0 0 0 0 0 0 0 0 0 0 4194040 4194300 363 495 0 0 
519:  _not_yet bgtz$v0, _not_yet
0 0 0 0 4 0 0 0 0 1 0 4 4 10 0 0 0 0 0 0 0 0 0 0 0 0 0 0 0 4194040 4194300 363 496 0 0 
520:  _not_yet bgtz$v1, _not_yet
0 0 0 0 4 0 0 0 0 1 0 4 4 10 0 0 0 0 0 0 0 0 0 0 0 0 0 0 0 4194040 4194300 363 497 0 0 
521:  _yet j_yet
0 0 0 0 4 0 0 0 0 1 0 4 4 10 0 0 0 0 0 0 0 0 0 0 0 0 0 0 0 4194040 4194300 363 501 0 0 
522:  _skip_reserve_neg beqz$t0, _skip_reserve_neg
0 0 0 0 4 0 0 0 0 1 0 4 4 10 0 0 0 0 0 0 0 0 0 0 0 0 0 0 0 4194040 4194300 363 503 0 0 
523:  add$a0, $t1, 5
0 0 0 0 6 0 0 0 0 1 0 4 4 10 0 0 0 0 0 0 0 0 0 0 0 0 0 0 0 4194040 4194300 363 504 0 0 
524:  li$v0, 9
0 0 9 0 6 0 0 0 0 1 0 4 4 10 0 0 0 0 0 0 0 0 0 0 0 0 0 0 0 4194040 4194300 363 505 0 0 
525:  syscall
0 0 362 0 6 0 0 0 0 1 0 4 4 10 0 0 0 0 0 0 0 0 0 0 0 0 0 0 0 4194040 4194300 363 506 0 0 
526:  sw$t1, 0($v0)
0 0 362 0 6 0 0 0 0 1 0 4 4 10 0 0 0 0 0 0 0 0 0 0 0 0 0 0 0 4194040 4194300 363 507 0 0 
527:  add$v0, $v0, 4
0 0 366 0 6 0 0 0 0 1 0 4 4 10 0 0 0 0 0 0 0 0 0 0 0 0 0 0 0 4194040 4194300 363 508 0 0 
528:  add$t1, $t1, $v0
0 0 366 0 6 0 0 0 0 367 0 4 4 10 0 0 0 0 0 0 0 0 0 0 0 0 0 0 0 4194040 4194300 363 509 0 0 
529:  sb$zero, 0($t1)
0 0 366 0 6 0 0 0 0 367 0 4 4 10 0 0 0 0 0 0 0 0 0 0 0 0 0 0 0 4194040 4194300 363 510 0 0 
530:  sub$t1, $t1, 1
0 0 366 0 6 0 0 0 0 366 0 4 4 10 0 0 0 0 0 0 0 0 0 0 0 0 0 0 0 4194040 4194300 363 511 0 0 
531:  div$t3, $t5
0 0 366 0 6 0 0 0 0 366 0 4 4 10 0 0 0 0 0 0 0 0 0 0 0 0 0 0 0 4194040 4194300 363 512 4 0 
532:  mfhi$v1
0 0 366 4 6 0 0 0 0 366 0 4 4 10 0 0 0 0 0 0 0 0 0 0 0 0 0 0 0 4194040 4194300 363 513 4 0 
533:  add$v1, $v1, 48
0 0 366 52 6 0 0 0 0 366 0 4 4 10 0 0 0 0 0 0 0 0 0 0 0 0 0 0 0 4194040 4194300 363 514 4 0 
534:  sb$v1, 0($t1)
0 0 366 52 6 0 0 0 0 366 0 4 4 10 0 0 0 0 0 0 0 0 0 0 0 0 0 0 0 4194040 4194300 363 515 4 0 
535:  sub$t1, $t1, 1
0 0 366 52 6 0 0 0 0 365 0 4 4 10 0 0 0 0 0 0 0 0 0 0 0 0 0 0 0 4194040 4194300 363 516 4 0 
536:  mflo$t3
0 0 366 52 6 0 0 0 0 365 0 0 4 10 0 0 0 0 0 0 0 0 0 0 0 0 0 0 0 4194040 4194300 363 517 4 0 
537:  _continue_toString bnez$t3, _continue_toString
0 0 366 52 6 0 0 0 0 365 0 0 4 10 0 0 0 0 0 0 0 0 0 0 0 0 0 0 0 4194040 4194300 363 518 4 0 
538:  _skip_place_neg beqz$t0, _skip_place_neg
0 0 366 52 6 0 0 0 0 365 0 0 4 10 0 0 0 0 0 0 0 0 0 0 0 0 0 0 0 4194040 4194300 363 521 4 0 
539:  jr$ra
0 0 366 52 6 0 0 0 0 365 0 0 4 10 0 0 0 0 0 0 0 0 0 0 0 0 0 0 0 4194040 4194300 363 363 4 0 
540:  sw$v0, -128($fp)
0 0 366 52 6 0 0 0 0 365 0 0 4 10 0 0 0 0 0 0 0 0 0 0 0 0 0 0 0 4194040 4194300 363 364 4 0 
541:  lw$8, -128($fp)
0 0 366 52 6 0 0 0 366 365 0 0 4 10 0 0 0 0 0 0 0 0 0 0 0 0 0 0 0 4194040 4194300 363 365 4 0 
542:  li$v0, 4
0 0 4 52 6 0 0 0 366 365 0 0 4 10 0 0 0 0 0 0 0 0 0 0 0 0 0 0 0 4194040 4194300 363 366 4 0 
543:  move$a0, $8
0 0 4 52 366 0 0 0 366 365 0 0 4 10 0 0 0 0 0 0 0 0 0 0 0 0 0 0 0 4194040 4194300 363 367 4 0 
4544:  syscall
0 0 4 52 366 0 0 0 366 365 0 0 4 10 0 0 0 0 0 0 0 0 0 0 0 0 0 0 0 4194040 4194300 363 368 4 0 
545:  lw$8, -4($fp)
0 0 4 52 366 0 0 0 3 365 0 0 4 10 0 0 0 0 0 0 0 0 0 0 0 0 0 0 0 4194040 4194300 363 369 4 0 
546:  add$8, $8, 1
0 0 4 52 366 0 0 0 4 365 0 0 4 10 0 0 0 0 0 0 0 0 0 0 0 0 0 0 0 4194040 4194300 363 370 4 0 
547:  move$8, $8
0 0 4 52 366 0 0 0 4 365 0 0 4 10 0 0 0 0 0 0 0 0 0 0 0 0 0 0 0 4194040 4194300 363 371 4 0 
548:  sw$8, -4($fp)
0 0 4 52 366 0 0 0 4 365 0 0 4 10 0 0 0 0 0 0 0 0 0 0 0 0 0 0 0 4194040 4194300 363 372 4 0 
549:  _begin_loop_6 b_begin_loop_6
0 0 4 52 366 0 0 0 4 365 0 0 4 10 0 0 0 0 0 0 0 0 0 0 0 0 0 0 0 4194040 4194300 363 351 4 0 
550:  _static_1 lw$8, _static_1
0 0 4 52 366 0 0 0 304 365 0 0 4 10 0 0 0 0 0 0 0 0 0 0 0 0 0 0 0 4194040 4194300 363 352 4 0 
551:  sub$9, $8, 4
0 0 4 52 366 0 0 0 304 300 0 0 4 10 0 0 0 0 0 0 0 0 0 0 0 0 0 0 0 4194040 4194300 363 353 4 0 
552:  lw$10, 0($9)
0 0 4 52 366 0 0 0 304 300 4 0 4 10 0 0 0 0 0 0 0 0 0 0 0 0 0 0 0 4194040 4194300 363 354 4 0 
553:  lw$11, -4($fp)
0 0 4 52 366 0 0 0 304 300 4 4 4 10 0 0 0 0 0 0 0 0 0 0 0 0 0 0 0 4194040 4194300 363 355 4 0 
554:  _end_loop_6 bge$11, $10, _end_loop_6
0 0 4 52 366 0 0 0 304 300 4 4 4 10 0 0 0 0 0 0 0 0 0 0 0 0 0 0 0 4194040 4194300 363 373 4 0 
555:  lw$ra, 0($sp)
0 0 4 52 366 0 0 0 304 300 4 4 4 10 0 0 0 0 0 0 0 0 0 0 0 0 0 0 0 4194040 4194300 20 374 4 0 
556:  add$sp, $fp, 4
0 0 4 52 366 0 0 0 304 300 4 4 4 10 0 0 0 0 0 0 0 0 0 0 0 0 0 0 0 4194304 4194300 20 375 4 0 
557:  lw$fp, -252($fp)
0 0 4 52 366 0 0 0 304 300 4 4 4 10 0 0 0 0 0 0 0 0 0 0 0 0 0 0 0 4194304 4194304 20 376 4 0 
558:  jr$ra
0 0 4 52 366 0 0 0 304 300 4 4 4 10 0 0 0 0 0 0 0 0 0 0 0 0 0 0 0 4194304 4194304 20 20 4 0 
559:  move$a0, $v0
0 0 4 52 4 0 0 0 304 300 4 4 4 10 0 0 0 0 0 0 0 0 0 0 0 0 0 0 0 4194304 4194304 20 21 4 0 
560:  li$v0, 17
0 0 17 52 4 0 0 0 304 300 4 4 4 10 0 0 0 0 0 0 0 0 0 0 0 0 0 0 0 4194304 4194304 20 22 4 0 
